<?xml version="1.0" encoding="UTF-8"?>
<coverage generated="1740077331079" clover="3.2.0">
  <project timestamp="1740077331080" name="All files">
    <metrics statements="698" coveredstatements="584" conditionals="155" coveredconditionals="102" methods="87" coveredmethods="79" elements="940" coveredelements="765" complexity="0" loc="698" ncloc="698" packages="12" files="39" classes="39"/>
    <package name="src">
      <metrics statements="9" coveredstatements="9" conditionals="0" coveredconditionals="0" methods="1" coveredmethods="1"/>
      <file name="express.server.ts" path="C:\Users\michele\Documents\GROWDEV\02 - Intermediário\4 - BANCO DE DADOS II\Final de modulo - Banco de dados II\src\express.server.ts">
        <metrics statements="9" coveredstatements="9" conditionals="0" coveredconditionals="0" methods="1" coveredmethods="1"/>
        <line num="1" count="24" type="stmt"/>
        <line num="2" count="24" type="stmt"/>
        <line num="3" count="24" type="stmt"/>
        <line num="5" count="24" type="stmt"/>
        <line num="7" count="25" type="stmt"/>
        <line num="8" count="25" type="stmt"/>
        <line num="9" count="25" type="stmt"/>
        <line num="12" count="25" type="stmt"/>
        <line num="15" count="25" type="stmt"/>
      </file>
    </package>
    <package name="src.controllers">
      <metrics statements="197" coveredstatements="177" conditionals="6" coveredconditionals="2" methods="24" coveredmethods="24"/>
      <file name="auth.controller.ts" path="C:\Users\michele\Documents\GROWDEV\02 - Intermediário\4 - BANCO DE DADOS II\Final de modulo - Banco de dados II\src\controllers\auth.controller.ts">
        <metrics statements="9" coveredstatements="9" conditionals="0" coveredconditionals="0" methods="1" coveredmethods="1"/>
        <line num="2" count="24" type="stmt"/>
        <line num="4" count="24" type="stmt"/>
        <line num="6" count="3" type="stmt"/>
        <line num="7" count="3" type="stmt"/>
        <line num="10" count="3" type="stmt"/>
        <line num="11" count="3" type="stmt"/>
        <line num="14" count="2" type="stmt"/>
        <line num="15" count="2" type="stmt"/>
        <line num="17" count="1" type="stmt"/>
      </file>
      <file name="follow.controller.ts" path="C:\Users\michele\Documents\GROWDEV\02 - Intermediário\4 - BANCO DE DADOS II\Final de modulo - Banco de dados II\src\controllers\follow.controller.ts">
        <metrics statements="29" coveredstatements="24" conditionals="2" coveredconditionals="0" methods="3" coveredmethods="3"/>
        <line num="3" count="24" type="stmt"/>
        <line num="7" count="24" type="stmt"/>
        <line num="9" count="2" type="stmt"/>
        <line num="11" count="2" type="stmt"/>
        <line num="14" count="2" type="stmt"/>
        <line num="17" count="2" type="stmt"/>
        <line num="18" count="2" type="stmt"/>
        <line num="21" count="2" type="stmt"/>
        <line num="23" count="0" type="stmt"/>
        <line num="35" count="2" type="stmt"/>
        <line num="36" count="2" type="stmt"/>
        <line num="38" count="2" type="cond" truecount="0" falsecount="1"/>
        <line num="39" count="0" type="stmt"/>
        <line num="43" count="0" type="stmt"/>
        <line num="46" count="2" type="stmt"/>
        <line num="47" count="2" type="stmt"/>
        <line num="49" count="1" type="stmt"/>
        <line num="50" count="1" type="stmt"/>
        <line num="52" count="1" type="stmt"/>
        <line num="60" count="2" type="stmt"/>
        <line num="62" count="2" type="stmt"/>
        <line num="64" count="2" type="cond" truecount="0" falsecount="1"/>
        <line num="65" count="0" type="stmt"/>
        <line num="69" count="0" type="stmt"/>
        <line num="73" count="2" type="stmt"/>
        <line num="74" count="2" type="stmt"/>
        <line num="77" count="1" type="stmt"/>
        <line num="78" count="1" type="stmt"/>
        <line num="80" count="1" type="stmt"/>
      </file>
      <file name="like.controller.ts" path="C:\Users\michele\Documents\GROWDEV\02 - Intermediário\4 - BANCO DE DADOS II\Final de modulo - Banco de dados II\src\controllers\like.controller.ts">
        <metrics statements="42" coveredstatements="39" conditionals="3" coveredconditionals="2" methods="5" coveredmethods="5"/>
        <line num="2" count="24" type="stmt"/>
        <line num="5" count="24" type="stmt"/>
        <line num="7" count="2" type="stmt"/>
        <line num="8" count="2" type="stmt"/>
        <line num="11" count="2" type="cond" truecount="2" falsecount="1"/>
        <line num="12" count="0" type="stmt"/>
        <line num="16" count="0" type="stmt"/>
        <line num="20" count="2" type="stmt"/>
        <line num="26" count="2" type="stmt"/>
        <line num="27" count="2" type="stmt"/>
        <line num="30" count="1" type="stmt"/>
        <line num="31" count="1" type="stmt"/>
        <line num="33" count="1" type="stmt"/>
        <line num="41" count="3" type="stmt"/>
        <line num="43" count="3" type="stmt"/>
        <line num="46" count="3" type="stmt"/>
        <line num="48" count="3" type="stmt"/>
        <line num="54" count="2" type="stmt"/>
        <line num="55" count="2" type="stmt"/>
        <line num="57" count="1" type="stmt"/>
        <line num="65" count="3" type="stmt"/>
        <line num="67" count="3" type="stmt"/>
        <line num="70" count="3" type="stmt"/>
        <line num="71" count="3" type="stmt"/>
        <line num="74" count="2" type="stmt"/>
        <line num="75" count="2" type="stmt"/>
        <line num="77" count="1" type="stmt"/>
        <line num="85" count="3" type="stmt"/>
        <line num="87" count="3" type="stmt"/>
        <line num="88" count="3" type="stmt"/>
        <line num="91" count="3" type="stmt"/>
        <line num="92" count="3" type="stmt"/>
        <line num="95" count="3" type="stmt"/>
        <line num="96" count="3" type="stmt"/>
        <line num="98" count="0" type="stmt"/>
        <line num="106" count="3" type="stmt"/>
        <line num="108" count="3" type="stmt"/>
        <line num="111" count="3" type="stmt"/>
        <line num="112" count="3" type="stmt"/>
        <line num="115" count="2" type="stmt"/>
        <line num="116" count="2" type="stmt"/>
        <line num="118" count="1" type="stmt"/>
      </file>
      <file name="reply.controller.ts" path="C:\Users\michele\Documents\GROWDEV\02 - Intermediário\4 - BANCO DE DADOS II\Final de modulo - Banco de dados II\src\controllers\reply.controller.ts">
        <metrics statements="40" coveredstatements="36" conditionals="1" coveredconditionals="0" methods="5" coveredmethods="5"/>
        <line num="3" count="24" type="stmt"/>
        <line num="5" count="24" type="stmt"/>
        <line num="7" count="1" type="stmt"/>
        <line num="10" count="1" type="stmt"/>
        <line num="17" count="1" type="stmt"/>
        <line num="18" count="1" type="stmt"/>
        <line num="21" count="1" type="stmt"/>
        <line num="22" count="1" type="stmt"/>
        <line num="26" count="2" type="stmt"/>
        <line num="28" count="2" type="stmt"/>
        <line num="31" count="2" type="stmt"/>
        <line num="32" count="2" type="stmt"/>
        <line num="35" count="1" type="stmt"/>
        <line num="36" count="1" type="stmt"/>
        <line num="38" count="1" type="stmt"/>
        <line num="46" count="3" type="stmt"/>
        <line num="48" count="3" type="stmt"/>
        <line num="51" count="3" type="cond" truecount="0" falsecount="1"/>
        <line num="52" count="0" type="stmt"/>
        <line num="56" count="0" type="stmt"/>
        <line num="60" count="3" type="stmt"/>
        <line num="61" count="3" type="stmt"/>
        <line num="64" count="2" type="stmt"/>
        <line num="65" count="2" type="stmt"/>
        <line num="67" count="1" type="stmt"/>
        <line num="75" count="2" type="stmt"/>
        <line num="76" count="2" type="stmt"/>
        <line num="77" count="2" type="stmt"/>
        <line num="79" count="2" type="stmt"/>
        <line num="80" count="2" type="stmt"/>
        <line num="82" count="2" type="stmt"/>
        <line num="83" count="2" type="stmt"/>
        <line num="85" count="0" type="stmt"/>
        <line num="93" count="2" type="stmt"/>
        <line num="95" count="2" type="stmt"/>
        <line num="98" count="2" type="stmt"/>
        <line num="99" count="2" type="stmt"/>
        <line num="102" count="2" type="stmt"/>
        <line num="103" count="2" type="stmt"/>
        <line num="105" count="0" type="stmt"/>
      </file>
      <file name="twitter.controller.ts" path="C:\Users\michele\Documents\GROWDEV\02 - Intermediário\4 - BANCO DE DADOS II\Final de modulo - Banco de dados II\src\controllers\twitter.controller.ts">
        <metrics statements="37" coveredstatements="34" conditionals="0" coveredconditionals="0" methods="5" coveredmethods="5"/>
        <line num="3" count="24" type="stmt"/>
        <line num="6" count="24" type="stmt"/>
        <line num="8" count="2" type="stmt"/>
        <line num="11" count="2" type="stmt"/>
        <line num="18" count="2" type="stmt"/>
        <line num="19" count="2" type="stmt"/>
        <line num="22" count="2" type="stmt"/>
        <line num="23" count="2" type="stmt"/>
        <line num="27" count="2" type="stmt"/>
        <line num="29" count="2" type="stmt"/>
        <line num="32" count="2" type="stmt"/>
        <line num="33" count="2" type="stmt"/>
        <line num="41" count="2" type="stmt"/>
        <line num="42" count="2" type="stmt"/>
        <line num="44" count="0" type="stmt"/>
        <line num="52" count="3" type="stmt"/>
        <line num="54" count="3" type="stmt"/>
        <line num="57" count="3" type="stmt"/>
        <line num="58" count="3" type="stmt"/>
        <line num="61" count="3" type="stmt"/>
        <line num="62" count="3" type="stmt"/>
        <line num="64" count="0" type="stmt"/>
        <line num="72" count="1" type="stmt"/>
        <line num="74" count="1" type="stmt"/>
        <line num="75" count="1" type="stmt"/>
        <line num="78" count="1" type="stmt"/>
        <line num="79" count="1" type="stmt"/>
        <line num="86" count="1" type="stmt"/>
        <line num="87" count="1" type="stmt"/>
        <line num="89" count="0" type="stmt"/>
        <line num="97" count="3" type="stmt"/>
        <line num="99" count="3" type="stmt"/>
        <line num="102" count="3" type="stmt"/>
        <line num="103" count="3" type="stmt"/>
        <line num="106" count="2" type="stmt"/>
        <line num="107" count="2" type="stmt"/>
        <line num="109" count="1" type="stmt"/>
      </file>
      <file name="usuario.controller.ts" path="C:\Users\michele\Documents\GROWDEV\02 - Intermediário\4 - BANCO DE DADOS II\Final de modulo - Banco de dados II\src\controllers\usuario.controller.ts">
        <metrics statements="40" coveredstatements="35" conditionals="0" coveredconditionals="0" methods="5" coveredmethods="5"/>
        <line num="4" count="24" type="stmt"/>
        <line num="7" count="24" type="stmt"/>
        <line num="9" count="1" type="stmt"/>
        <line num="11" count="1" type="stmt"/>
        <line num="14" count="1" type="stmt"/>
        <line num="22" count="1" type="stmt"/>
        <line num="23" count="1" type="stmt"/>
        <line num="26" count="1" type="stmt"/>
        <line num="27" count="1" type="stmt"/>
        <line num="29" count="0" type="stmt"/>
        <line num="37" count="1" type="stmt"/>
        <line num="39" count="1" type="stmt"/>
        <line num="42" count="1" type="stmt"/>
        <line num="43" count="1" type="stmt"/>
        <line num="50" count="1" type="stmt"/>
        <line num="51" count="1" type="stmt"/>
        <line num="53" count="0" type="stmt"/>
        <line num="61" count="1" type="stmt"/>
        <line num="63" count="1" type="stmt"/>
        <line num="64" count="1" type="stmt"/>
        <line num="68" count="1" type="stmt"/>
        <line num="69" count="1" type="stmt"/>
        <line num="72" count="1" type="stmt"/>
        <line num="73" count="1" type="stmt"/>
        <line num="75" count="0" type="stmt"/>
        <line num="83" count="1" type="stmt"/>
        <line num="85" count="1" type="stmt"/>
        <line num="87" count="1" type="stmt"/>
        <line num="90" count="1" type="stmt"/>
        <line num="91" count="1" type="stmt"/>
        <line num="94" count="1" type="stmt"/>
        <line num="95" count="1" type="stmt"/>
        <line num="97" count="0" type="stmt"/>
        <line num="105" count="2" type="stmt"/>
        <line num="107" count="2" type="stmt"/>
        <line num="110" count="2" type="stmt"/>
        <line num="111" count="2" type="stmt"/>
        <line num="114" count="2" type="stmt"/>
        <line num="115" count="2" type="stmt"/>
        <line num="117" count="0" type="stmt"/>
      </file>
    </package>
    <package name="src.middlewares">
      <metrics statements="10" coveredstatements="8" conditionals="2" coveredconditionals="1" methods="1" coveredmethods="1"/>
      <file name="validate-uuid.middlewares.ts" path="C:\Users\michele\Documents\GROWDEV\02 - Intermediário\4 - BANCO DE DADOS II\Final de modulo - Banco de dados II\src\middlewares\validate-uuid.middlewares.ts">
        <metrics statements="10" coveredstatements="8" conditionals="2" coveredconditionals="1" methods="1" coveredmethods="1"/>
        <line num="3" count="24" type="stmt"/>
        <line num="5" count="11" type="stmt"/>
        <line num="7" count="11" type="cond" truecount="0" falsecount="1"/>
        <line num="8" count="0" type="stmt"/>
        <line num="12" count="0" type="stmt"/>
        <line num="18" count="11" type="stmt"/>
        <line num="20" count="11" type="cond" truecount="1" falsecount="0"/>
        <line num="21" count="3" type="stmt"/>
        <line num="25" count="3" type="stmt"/>
        <line num="27" count="8" type="stmt"/>
      </file>
    </package>
    <package name="src.middlewares.auth">
      <metrics statements="34" coveredstatements="32" conditionals="9" coveredconditionals="8" methods="3" coveredmethods="3"/>
      <file name="auth-middlewares.ts" path="C:\Users\michele\Documents\GROWDEV\02 - Intermediário\4 - BANCO DE DADOS II\Final de modulo - Banco de dados II\src\middlewares\auth\auth-middlewares.ts">
        <metrics statements="17" coveredstatements="15" conditionals="5" coveredconditionals="4" methods="1" coveredmethods="1"/>
        <line num="2" count="24" type="stmt"/>
        <line num="4" count="24" type="stmt"/>
        <line num="11" count="104" type="stmt"/>
        <line num="13" count="104" type="cond" truecount="1" falsecount="0"/>
        <line num="14" count="18" type="stmt"/>
        <line num="18" count="18" type="stmt"/>
        <line num="22" count="86" type="stmt"/>
        <line num="24" count="86" type="cond" truecount="2" falsecount="1"/>
        <line num="25" count="0" type="stmt"/>
        <line num="29" count="0" type="stmt"/>
        <line num="32" count="86" type="stmt"/>
        <line num="34" count="86" type="stmt"/>
        <line num="36" count="86" type="cond" truecount="1" falsecount="0"/>
        <line num="37" count="17" type="stmt"/>
        <line num="41" count="17" type="stmt"/>
        <line num="44" count="69" type="stmt"/>
        <line num="51" count="69" type="stmt"/>
      </file>
      <file name="login-middlewares.ts" path="C:\Users\michele\Documents\GROWDEV\02 - Intermediário\4 - BANCO DE DADOS II\Final de modulo - Banco de dados II\src\middlewares\auth\login-middlewares.ts">
        <metrics statements="17" coveredstatements="17" conditionals="4" coveredconditionals="4" methods="2" coveredmethods="2"/>
        <line num="3" count="24" type="stmt"/>
        <line num="9" count="7" type="stmt"/>
        <line num="11" count="7" type="cond" truecount="1" falsecount="0"/>
        <line num="12" count="1" type="stmt"/>
        <line num="16" count="1" type="stmt"/>
        <line num="19" count="6" type="cond" truecount="1" falsecount="0"/>
        <line num="20" count="1" type="stmt"/>
        <line num="24" count="1" type="stmt"/>
        <line num="26" count="5" type="stmt"/>
        <line num="30" count="5" type="stmt"/>
        <line num="32" count="5" type="cond" truecount="1" falsecount="0"/>
        <line num="33" count="1" type="stmt"/>
        <line num="37" count="1" type="stmt"/>
        <line num="40" count="4" type="cond" truecount="1" falsecount="0"/>
        <line num="41" count="1" type="stmt"/>
        <line num="45" count="1" type="stmt"/>
        <line num="47" count="3" type="stmt"/>
      </file>
    </package>
    <package name="src.middlewares.follow">
      <metrics statements="9" coveredstatements="9" conditionals="4" coveredconditionals="4" methods="1" coveredmethods="1"/>
      <file name="create-follow-middlewares.ts" path="C:\Users\michele\Documents\GROWDEV\02 - Intermediário\4 - BANCO DE DADOS II\Final de modulo - Banco de dados II\src\middlewares\follow\create-follow-middlewares.ts">
        <metrics statements="9" coveredstatements="9" conditionals="4" coveredconditionals="4" methods="1" coveredmethods="1"/>
        <line num="3" count="24" type="stmt"/>
        <line num="9" count="5" type="stmt"/>
        <line num="11" count="5" type="cond" truecount="3" falsecount="0"/>
        <line num="12" count="2" type="stmt"/>
        <line num="17" count="2" type="stmt"/>
        <line num="20" count="3" type="cond" truecount="1" falsecount="0"/>
        <line num="21" count="1" type="stmt"/>
        <line num="26" count="1" type="stmt"/>
        <line num="29" count="2" type="stmt"/>
      </file>
    </package>
    <package name="src.middlewares.like">
      <metrics statements="32" coveredstatements="26" conditionals="21" coveredconditionals="16" methods="4" coveredmethods="4"/>
      <file name="create-like.middlewaress.ts" path="C:\Users\michele\Documents\GROWDEV\02 - Intermediário\4 - BANCO DE DADOS II\Final de modulo - Banco de dados II\src\middlewares\like\create-like.middlewaress.ts">
        <metrics statements="9" coveredstatements="9" conditionals="6" coveredconditionals="6" methods="1" coveredmethods="1"/>
        <line num="3" count="24" type="stmt"/>
        <line num="5" count="4" type="stmt"/>
        <line num="8" count="4" type="cond" truecount="3" falsecount="0"/>
        <line num="9" count="1" type="stmt"/>
        <line num="13" count="1" type="stmt"/>
        <line num="16" count="3" type="cond" truecount="3" falsecount="0"/>
        <line num="17" count="1" type="stmt"/>
        <line num="21" count="1" type="stmt"/>
        <line num="24" count="2" type="stmt"/>
      </file>
      <file name="find-all-like.middlewares.ts" path="C:\Users\michele\Documents\GROWDEV\02 - Intermediário\4 - BANCO DE DADOS II\Final de modulo - Banco de dados II\src\middlewares\like\find-all-like.middlewares.ts">
        <metrics statements="9" coveredstatements="5" conditionals="6" coveredconditionals="2" methods="1" coveredmethods="1"/>
        <line num="3" count="24" type="stmt"/>
        <line num="5" count="3" type="stmt"/>
        <line num="7" count="3" type="cond" truecount="1" falsecount="2"/>
        <line num="8" count="0" type="stmt"/>
        <line num="12" count="0" type="stmt"/>
        <line num="15" count="3" type="cond" truecount="1" falsecount="2"/>
        <line num="16" count="0" type="stmt"/>
        <line num="20" count="0" type="stmt"/>
        <line num="23" count="3" type="stmt"/>
      </file>
      <file name="update-like.middlewares.ts" path="C:\Users\michele\Documents\GROWDEV\02 - Intermediário\4 - BANCO DE DADOS II\Final de modulo - Banco de dados II\src\middlewares\like\update-like.middlewares.ts">
        <metrics statements="14" coveredstatements="12" conditionals="9" coveredconditionals="8" methods="2" coveredmethods="2"/>
        <line num="3" count="24" type="stmt"/>
        <line num="5" count="5" type="stmt"/>
        <line num="8" count="5" type="cond" truecount="3" falsecount="0"/>
        <line num="9" count="1" type="stmt"/>
        <line num="13" count="1" type="stmt"/>
        <line num="16" count="4" type="cond" truecount="2" falsecount="1"/>
        <line num="17" count="0" type="stmt"/>
        <line num="21" count="0" type="stmt"/>
        <line num="24" count="4" type="stmt"/>
        <line num="28" count="4" type="stmt"/>
        <line num="30" count="4" type="cond" truecount="3" falsecount="0"/>
        <line num="31" count="1" type="stmt"/>
        <line num="35" count="1" type="stmt"/>
        <line num="38" count="3" type="stmt"/>
      </file>
    </package>
    <package name="src.middlewares.reply">
      <metrics statements="49" coveredstatements="37" conditionals="19" coveredconditionals="13" methods="5" coveredmethods="5"/>
      <file name="create-reply-middlewares.ts" path="C:\Users\michele\Documents\GROWDEV\02 - Intermediário\4 - BANCO DE DADOS II\Final de modulo - Banco de dados II\src\middlewares\reply\create-reply-middlewares.ts">
        <metrics statements="34" coveredstatements="22" conditionals="11" coveredconditionals="5" methods="3" coveredmethods="3"/>
        <line num="3" count="24" type="stmt"/>
        <line num="9" count="4" type="stmt"/>
        <line num="12" count="4" type="cond" truecount="1" falsecount="0"/>
        <line num="13" count="1" type="stmt"/>
        <line num="17" count="1" type="stmt"/>
        <line num="20" count="3" type="cond" truecount="0" falsecount="1"/>
        <line num="21" count="0" type="stmt"/>
        <line num="25" count="0" type="stmt"/>
        <line num="28" count="3" type="cond" truecount="0" falsecount="1"/>
        <line num="29" count="0" type="stmt"/>
        <line num="33" count="0" type="stmt"/>
        <line num="36" count="3" type="cond" truecount="0" falsecount="1"/>
        <line num="37" count="0" type="stmt"/>
        <line num="41" count="0" type="stmt"/>
        <line num="43" count="3" type="stmt"/>
        <line num="47" count="3" type="stmt"/>
        <line num="50" count="3" type="cond" truecount="1" falsecount="0"/>
        <line num="51" count="1" type="stmt"/>
        <line num="55" count="1" type="stmt"/>
        <line num="58" count="2" type="cond" truecount="2" falsecount="1"/>
        <line num="59" count="0" type="stmt"/>
        <line num="63" count="0" type="stmt"/>
        <line num="66" count="2" type="cond" truecount="0" falsecount="1"/>
        <line num="67" count="0" type="stmt"/>
        <line num="71" count="0" type="stmt"/>
        <line num="73" count="2" type="stmt"/>
        <line num="77" count="2" type="stmt"/>
        <line num="80" count="2" type="cond" truecount="1" falsecount="0"/>
        <line num="81" count="1" type="stmt"/>
        <line num="85" count="1" type="stmt"/>
        <line num="89" count="1" type="cond" truecount="0" falsecount="1"/>
        <line num="90" count="0" type="stmt"/>
        <line num="94" count="0" type="stmt"/>
        <line num="96" count="1" type="stmt"/>
      </file>
      <file name="find-one-by-id-reply-midllewares.ts" path="C:\Users\michele\Documents\GROWDEV\02 - Intermediário\4 - BANCO DE DADOS II\Final de modulo - Banco de dados II\src\middlewares\reply\find-one-by-id-reply-midllewares.ts">
        <metrics statements="6" coveredstatements="6" conditionals="4" coveredconditionals="4" methods="1" coveredmethods="1"/>
        <line num="3" count="24" type="stmt"/>
        <line num="5" count="4" type="stmt"/>
        <line num="7" count="4" type="cond" truecount="4" falsecount="0"/>
        <line num="8" count="1" type="stmt"/>
        <line num="12" count="1" type="stmt"/>
        <line num="15" count="3" type="stmt"/>
      </file>
      <file name="update-reply-middlewares.ts" path="C:\Users\michele\Documents\GROWDEV\02 - Intermediário\4 - BANCO DE DADOS II\Final de modulo - Banco de dados II\src\middlewares\reply\update-reply-middlewares.ts">
        <metrics statements="9" coveredstatements="9" conditionals="4" coveredconditionals="4" methods="1" coveredmethods="1"/>
        <line num="3" count="24" type="stmt"/>
        <line num="5" count="4" type="stmt"/>
        <line num="8" count="4" type="cond" truecount="3" falsecount="0"/>
        <line num="9" count="1" type="stmt"/>
        <line num="13" count="1" type="stmt"/>
        <line num="17" count="3" type="cond" truecount="1" falsecount="0"/>
        <line num="18" count="1" type="stmt"/>
        <line num="22" count="1" type="stmt"/>
        <line num="25" count="2" type="stmt"/>
      </file>
    </package>
    <package name="src.middlewares.twitter">
      <metrics statements="38" coveredstatements="28" conditionals="24" coveredconditionals="15" methods="4" coveredmethods="4"/>
      <file name="create-twitter.middlewares.ts" path="C:\Users\michele\Documents\GROWDEV\02 - Intermediário\4 - BANCO DE DADOS II\Final de modulo - Banco de dados II\src\middlewares\twitter\create-twitter.middlewares.ts">
        <metrics statements="20" coveredstatements="16" conditionals="9" coveredconditionals="6" methods="2" coveredmethods="2"/>
        <line num="4" count="24" type="stmt"/>
        <line num="10" count="5" type="stmt"/>
        <line num="13" count="5" type="cond" truecount="1" falsecount="0"/>
        <line num="14" count="1" type="stmt"/>
        <line num="18" count="1" type="stmt"/>
        <line num="21" count="4" type="cond" truecount="1" falsecount="0"/>
        <line num="22" count="1" type="stmt"/>
        <line num="26" count="1" type="stmt"/>
        <line num="28" count="3" type="stmt"/>
        <line num="32" count="3" type="stmt"/>
        <line num="35" count="3" type="cond" truecount="0" falsecount="1"/>
        <line num="36" count="0" type="stmt"/>
        <line num="40" count="0" type="stmt"/>
        <line num="43" count="3" type="cond" truecount="1" falsecount="2"/>
        <line num="44" count="0" type="stmt"/>
        <line num="48" count="0" type="stmt"/>
        <line num="51" count="3" type="cond" truecount="3" falsecount="0"/>
        <line num="52" count="1" type="stmt"/>
        <line num="56" count="1" type="stmt"/>
        <line num="58" count="2" type="stmt"/>
      </file>
      <file name="find-all-twitter.middlewares.ts" path="C:\Users\michele\Documents\GROWDEV\02 - Intermediário\4 - BANCO DE DADOS II\Final de modulo - Banco de dados II\src\middlewares\twitter\find-all-twitter.middlewares.ts">
        <metrics statements="6" coveredstatements="6" conditionals="4" coveredconditionals="4" methods="1" coveredmethods="1"/>
        <line num="3" count="24" type="stmt"/>
        <line num="5" count="3" type="stmt"/>
        <line num="8" count="3" type="cond" truecount="4" falsecount="0"/>
        <line num="9" count="1" type="stmt"/>
        <line num="13" count="1" type="stmt"/>
        <line num="16" count="2" type="stmt"/>
      </file>
      <file name="update-twitter.middlewares.ts" path="C:\Users\michele\Documents\GROWDEV\02 - Intermediário\4 - BANCO DE DADOS II\Final de modulo - Banco de dados II\src\middlewares\twitter\update-twitter.middlewares.ts">
        <metrics statements="12" coveredstatements="6" conditionals="11" coveredconditionals="5" methods="1" coveredmethods="1"/>
        <line num="3" count="24" type="stmt"/>
        <line num="5" count="1" type="stmt"/>
        <line num="8" count="1" type="cond" truecount="3" falsecount="1"/>
        <line num="9" count="0" type="stmt"/>
        <line num="13" count="0" type="stmt"/>
        <line num="17" count="1" type="cond" truecount="1" falsecount="2"/>
        <line num="18" count="0" type="stmt"/>
        <line num="22" count="0" type="stmt"/>
        <line num="26" count="1" type="cond" truecount="1" falsecount="3"/>
        <line num="27" count="0" type="stmt"/>
        <line num="31" count="0" type="stmt"/>
        <line num="34" count="1" type="stmt"/>
      </file>
    </package>
    <package name="src.middlewares.usuario">
      <metrics statements="60" coveredstatements="36" conditionals="31" coveredconditionals="18" methods="6" coveredmethods="6"/>
      <file name="create-usuario.middlewares.ts" path="C:\Users\michele\Documents\GROWDEV\02 - Intermediário\4 - BANCO DE DADOS II\Final de modulo - Banco de dados II\src\middlewares\usuario\create-usuario.middlewares.ts">
        <metrics statements="34" coveredstatements="16" conditionals="13" coveredconditionals="4" methods="3" coveredmethods="3"/>
        <line num="5" count="24" type="stmt"/>
        <line num="11" count="1" type="stmt"/>
        <line num="14" count="1" type="cond" truecount="0" falsecount="1"/>
        <line num="15" count="0" type="stmt"/>
        <line num="19" count="0" type="stmt"/>
        <line num="22" count="1" type="cond" truecount="0" falsecount="1"/>
        <line num="23" count="0" type="stmt"/>
        <line num="27" count="0" type="stmt"/>
        <line num="30" count="1" type="cond" truecount="0" falsecount="1"/>
        <line num="31" count="0" type="stmt"/>
        <line num="35" count="0" type="stmt"/>
        <line num="38" count="1" type="cond" truecount="0" falsecount="1"/>
        <line num="39" count="0" type="stmt"/>
        <line num="43" count="0" type="stmt"/>
        <line num="45" count="1" type="stmt"/>
        <line num="49" count="1" type="stmt"/>
        <line num="52" count="1" type="cond" truecount="2" falsecount="1"/>
        <line num="53" count="0" type="stmt"/>
        <line num="57" count="0" type="stmt"/>
        <line num="60" count="1" type="cond" truecount="0" falsecount="1"/>
        <line num="61" count="0" type="stmt"/>
        <line num="65" count="0" type="stmt"/>
        <line num="68" count="1" type="cond" truecount="0" falsecount="1"/>
        <line num="69" count="0" type="stmt"/>
        <line num="73" count="0" type="stmt"/>
        <line num="76" count="1" type="stmt"/>
        <line num="80" count="1" type="stmt"/>
        <line num="83" count="1" type="cond" truecount="2" falsecount="1"/>
        <line num="84" count="0" type="stmt"/>
        <line num="88" count="0" type="stmt"/>
        <line num="91" count="1" type="cond" truecount="0" falsecount="1"/>
        <line num="92" count="0" type="stmt"/>
        <line num="96" count="0" type="stmt"/>
        <line num="99" count="1" type="stmt"/>
      </file>
      <file name="find-all-usuario.middlewares.ts" path="C:\Users\michele\Documents\GROWDEV\02 - Intermediário\4 - BANCO DE DADOS II\Final de modulo - Banco de dados II\src\middlewares\usuario\find-all-usuario.middlewares.ts">
        <metrics statements="9" coveredstatements="7" conditionals="6" coveredconditionals="4" methods="1" coveredmethods="1"/>
        <line num="3" count="24" type="stmt"/>
        <line num="5" count="2" type="stmt"/>
        <line num="7" count="2" type="cond" truecount="3" falsecount="0"/>
        <line num="8" count="1" type="stmt"/>
        <line num="12" count="1" type="stmt"/>
        <line num="15" count="1" type="cond" truecount="1" falsecount="2"/>
        <line num="16" count="0" type="stmt"/>
        <line num="20" count="0" type="stmt"/>
        <line num="22" count="1" type="stmt"/>
      </file>
      <file name="update-usuario.middlewares.ts" path="C:\Users\michele\Documents\GROWDEV\02 - Intermediário\4 - BANCO DE DADOS II\Final de modulo - Banco de dados II\src\middlewares\usuario\update-usuario.middlewares.ts">
        <metrics statements="17" coveredstatements="13" conditionals="12" coveredconditionals="10" methods="2" coveredmethods="2"/>
        <line num="3" count="24" type="stmt"/>
        <line num="5" count="3" type="stmt"/>
        <line num="8" count="3" type="cond" truecount="2" falsecount="1"/>
        <line num="9" count="0" type="stmt"/>
        <line num="13" count="0" type="stmt"/>
        <line num="16" count="3" type="cond" truecount="2" falsecount="1"/>
        <line num="17" count="0" type="stmt"/>
        <line num="21" count="0" type="stmt"/>
        <line num="24" count="3" type="stmt"/>
        <line num="28" count="3" type="stmt"/>
        <line num="30" count="3" type="cond" truecount="3" falsecount="0"/>
        <line num="31" count="1" type="stmt"/>
        <line num="35" count="1" type="stmt"/>
        <line num="38" count="2" type="cond" truecount="3" falsecount="0"/>
        <line num="39" count="1" type="stmt"/>
        <line num="43" count="1" type="stmt"/>
        <line num="46" count="1" type="stmt"/>
      </file>
    </package>
    <package name="src.routes">
      <metrics statements="90" coveredstatements="89" conditionals="0" coveredconditionals="0" methods="8" coveredmethods="7"/>
      <file name="auth.routes.ts" path="C:\Users\michele\Documents\GROWDEV\02 - Intermediário\4 - BANCO DE DADOS II\Final de modulo - Banco de dados II\src\routes\auth.routes.ts">
        <metrics statements="7" coveredstatements="7" conditionals="0" coveredconditionals="0" methods="1" coveredmethods="1"/>
        <line num="1" count="24" type="stmt"/>
        <line num="3" count="24" type="stmt"/>
        <line num="4" count="24" type="stmt"/>
        <line num="6" count="24" type="stmt"/>
        <line num="8" count="25" type="stmt"/>
        <line num="10" count="25" type="stmt"/>
        <line num="11" count="25" type="stmt"/>
      </file>
      <file name="follow.routes.ts" path="C:\Users\michele\Documents\GROWDEV\02 - Intermediário\4 - BANCO DE DADOS II\Final de modulo - Banco de dados II\src\routes\follow.routes.ts">
        <metrics statements="10" coveredstatements="10" conditionals="0" coveredconditionals="0" methods="1" coveredmethods="1"/>
        <line num="1" count="24" type="stmt"/>
        <line num="2" count="24" type="stmt"/>
        <line num="3" count="24" type="stmt"/>
        <line num="4" count="24" type="stmt"/>
        <line num="10" count="24" type="stmt"/>
        <line num="12" count="25" type="stmt"/>
        <line num="15" count="25" type="stmt"/>
        <line num="22" count="25" type="stmt"/>
        <line num="29" count="25" type="stmt"/>
        <line num="35" count="25" type="stmt"/>
      </file>
      <file name="index.ts" path="C:\Users\michele\Documents\GROWDEV\02 - Intermediário\4 - BANCO DE DADOS II\Final de modulo - Banco de dados II\src\routes\index.ts">
        <metrics statements="15" coveredstatements="14" conditionals="0" coveredconditionals="0" methods="2" coveredmethods="1"/>
        <line num="2" count="24" type="stmt"/>
        <line num="3" count="24" type="stmt"/>
        <line num="4" count="24" type="stmt"/>
        <line num="5" count="24" type="stmt"/>
        <line num="6" count="24" type="stmt"/>
        <line num="7" count="24" type="stmt"/>
        <line num="9" count="24" type="stmt"/>
        <line num="12" count="25" type="stmt"/>
        <line num="13" count="0" type="stmt"/>
        <line num="20" count="25" type="stmt"/>
        <line num="23" count="25" type="stmt"/>
        <line num="26" count="25" type="stmt"/>
        <line num="29" count="25" type="stmt"/>
        <line num="32" count="25" type="stmt"/>
        <line num="35" count="25" type="stmt"/>
      </file>
      <file name="like.routes.ts" path="C:\Users\michele\Documents\GROWDEV\02 - Intermediário\4 - BANCO DE DADOS II\Final de modulo - Banco de dados II\src\routes\like.routes.ts">
        <metrics statements="15" coveredstatements="15" conditionals="0" coveredconditionals="0" methods="1" coveredmethods="1"/>
        <line num="1" count="24" type="stmt"/>
        <line num="2" count="24" type="stmt"/>
        <line num="3" count="24" type="stmt"/>
        <line num="4" count="24" type="stmt"/>
        <line num="5" count="24" type="stmt"/>
        <line num="6" count="24" type="stmt"/>
        <line num="7" count="24" type="stmt"/>
        <line num="9" count="24" type="stmt"/>
        <line num="11" count="25" type="stmt"/>
        <line num="14" count="25" type="stmt"/>
        <line num="24" count="25" type="stmt"/>
        <line num="34" count="25" type="stmt"/>
        <line num="41" count="25" type="stmt"/>
        <line num="52" count="25" type="stmt"/>
        <line num="60" count="25" type="stmt"/>
      </file>
      <file name="reply.routes.ts" path="C:\Users\michele\Documents\GROWDEV\02 - Intermediário\4 - BANCO DE DADOS II\Final de modulo - Banco de dados II\src\routes\reply.routes.ts">
        <metrics statements="14" coveredstatements="14" conditionals="0" coveredconditionals="0" methods="1" coveredmethods="1"/>
        <line num="1" count="24" type="stmt"/>
        <line num="2" count="24" type="stmt"/>
        <line num="3" count="24" type="stmt"/>
        <line num="4" count="24" type="stmt"/>
        <line num="5" count="24" type="stmt"/>
        <line num="6" count="24" type="stmt"/>
        <line num="8" count="24" type="stmt"/>
        <line num="10" count="25" type="stmt"/>
        <line num="13" count="25" type="stmt"/>
        <line num="25" count="25" type="stmt"/>
        <line num="28" count="25" type="stmt"/>
        <line num="35" count="25" type="stmt"/>
        <line num="42" count="25" type="stmt"/>
        <line num="47" count="25" type="stmt"/>
      </file>
      <file name="twitter.routes.ts" path="C:\Users\michele\Documents\GROWDEV\02 - Intermediário\4 - BANCO DE DADOS II\Final de modulo - Banco de dados II\src\routes\twitter.routes.ts">
        <metrics statements="14" coveredstatements="14" conditionals="0" coveredconditionals="0" methods="1" coveredmethods="1"/>
        <line num="1" count="24" type="stmt"/>
        <line num="2" count="24" type="stmt"/>
        <line num="3" count="24" type="stmt"/>
        <line num="4" count="24" type="stmt"/>
        <line num="5" count="24" type="stmt"/>
        <line num="6" count="24" type="stmt"/>
        <line num="8" count="24" type="stmt"/>
        <line num="10" count="25" type="stmt"/>
        <line num="13" count="25" type="stmt"/>
        <line num="24" count="25" type="stmt"/>
        <line num="34" count="25" type="stmt"/>
        <line num="41" count="25" type="stmt"/>
        <line num="51" count="25" type="stmt"/>
        <line num="59" count="25" type="stmt"/>
      </file>
      <file name="usuario.routes.ts" path="C:\Users\michele\Documents\GROWDEV\02 - Intermediário\4 - BANCO DE DADOS II\Final de modulo - Banco de dados II\src\routes\usuario.routes.ts">
        <metrics statements="15" coveredstatements="15" conditionals="0" coveredconditionals="0" methods="1" coveredmethods="1"/>
        <line num="1" count="24" type="stmt"/>
        <line num="2" count="24" type="stmt"/>
        <line num="3" count="24" type="stmt"/>
        <line num="4" count="24" type="stmt"/>
        <line num="5" count="24" type="stmt"/>
        <line num="6" count="24" type="stmt"/>
        <line num="7" count="24" type="stmt"/>
        <line num="9" count="24" type="stmt"/>
        <line num="11" count="25" type="stmt"/>
        <line num="14" count="25" type="stmt"/>
        <line num="25" count="25" type="stmt"/>
        <line num="32" count="25" type="stmt"/>
        <line num="39" count="25" type="stmt"/>
        <line num="51" count="25" type="stmt"/>
        <line num="60" count="25" type="stmt"/>
      </file>
    </package>
    <package name="src.services">
      <metrics statements="150" coveredstatements="119" conditionals="35" coveredconditionals="24" methods="26" coveredmethods="21"/>
      <file name="auth.service.ts" path="C:\Users\michele\Documents\GROWDEV\02 - Intermediário\4 - BANCO DE DADOS II\Final de modulo - Banco de dados II\src\services\auth.service.ts">
        <metrics statements="19" coveredstatements="4" conditionals="2" coveredconditionals="0" methods="1" coveredmethods="0"/>
        <line num="2" count="24" type="stmt"/>
        <line num="5" count="24" type="stmt"/>
        <line num="6" count="24" type="stmt"/>
        <line num="9" count="24" type="stmt"/>
        <line num="11" count="0" type="stmt"/>
        <line num="12" count="0" type="stmt"/>
        <line num="15" count="0" type="stmt"/>
        <line num="19" count="0" type="cond" truecount="0" falsecount="1"/>
        <line num="20" count="0" type="stmt"/>
        <line num="28" count="0" type="stmt"/>
        <line num="29" count="0" type="stmt"/>
        <line num="30" count="0" type="stmt"/>
        <line num="32" count="0" type="cond" truecount="0" falsecount="1"/>
        <line num="33" count="0" type="stmt"/>
        <line num="42" count="0" type="stmt"/>
        <line num="43" count="0" type="stmt"/>
        <line num="50" count="0" type="stmt"/>
        <line num="53" count="0" type="stmt"/>
        <line num="60" count="0" type="stmt"/>
      </file>
      <file name="follow.service.ts" path="C:\Users\michele\Documents\GROWDEV\02 - Intermediário\4 - BANCO DE DADOS II\Final de modulo - Banco de dados II\src\services\follow.service.ts">
        <metrics statements="23" coveredstatements="11" conditionals="4" coveredconditionals="2" methods="4" coveredmethods="1"/>
        <line num="1" count="25" type="stmt"/>
        <line num="8" count="25" type="stmt"/>
        <line num="10" count="3" type="stmt"/>
        <line num="11" count="3" type="stmt"/>
        <line num="14" count="3" type="cond" truecount="1" falsecount="0"/>
        <line num="15" count="1" type="stmt"/>
        <line num="23" count="2" type="stmt"/>
        <line num="27" count="2" type="cond" truecount="1" falsecount="0"/>
        <line num="28" count="1" type="stmt"/>
        <line num="36" count="1" type="stmt"/>
        <line num="40" count="1" type="stmt"/>
        <line num="47" count="0" type="stmt"/>
        <line num="56" count="0" type="stmt"/>
        <line num="58" count="0" type="cond" truecount="0" falsecount="1"/>
        <line num="59" count="0" type="stmt"/>
        <line num="67" count="0" type="stmt"/>
        <line num="82" count="0" type="stmt"/>
        <line num="86" count="0" type="stmt"/>
        <line num="93" count="0" type="stmt"/>
        <line num="99" count="0" type="cond" truecount="0" falsecount="1"/>
        <line num="100" count="0" type="stmt"/>
        <line num="108" count="0" type="stmt"/>
        <line num="114" count="0" type="stmt"/>
      </file>
      <file name="index.ts" path="C:\Users\michele\Documents\GROWDEV\02 - Intermediário\4 - BANCO DE DADOS II\Final de modulo - Banco de dados II\src\services\index.ts">
        <metrics statements="2" coveredstatements="2" conditionals="0" coveredconditionals="0" methods="0" coveredmethods="0"/>
        <line num="1" count="24" type="stmt"/>
        <line num="3" count="24" type="stmt"/>
      </file>
      <file name="like.service.ts" path="C:\Users\michele\Documents\GROWDEV\02 - Intermediário\4 - BANCO DE DADOS II\Final de modulo - Banco de dados II\src\services\like.service.ts">
        <metrics statements="27" coveredstatements="27" conditionals="5" coveredconditionals="5" methods="5" coveredmethods="5"/>
        <line num="1" count="29" type="stmt"/>
        <line num="9" count="29" type="stmt"/>
        <line num="11" count="3" type="stmt"/>
        <line num="14" count="3" type="stmt"/>
        <line num="18" count="3" type="cond" truecount="1" falsecount="0"/>
        <line num="19" count="1" type="stmt"/>
        <line num="27" count="2" type="stmt"/>
        <line num="31" count="2" type="cond" truecount="1" falsecount="0"/>
        <line num="32" count="1" type="stmt"/>
        <line num="40" count="1" type="stmt"/>
        <line num="47" count="1" type="stmt"/>
        <line num="56" count="1" type="stmt"/>
        <line num="64" count="1" type="stmt"/>
        <line num="74" count="2" type="stmt"/>
        <line num="80" count="2" type="cond" truecount="1" falsecount="0"/>
        <line num="81" count="1" type="stmt"/>
        <line num="88" count="1" type="stmt"/>
        <line num="101" count="2" type="stmt"/>
        <line num="105" count="2" type="cond" truecount="1" falsecount="0"/>
        <line num="106" count="1" type="stmt"/>
        <line num="114" count="1" type="stmt"/>
        <line num="122" count="1" type="stmt"/>
        <line num="132" count="2" type="stmt"/>
        <line num="136" count="2" type="cond" truecount="1" falsecount="0"/>
        <line num="137" count="1" type="stmt"/>
        <line num="145" count="1" type="stmt"/>
        <line num="150" count="1" type="stmt"/>
      </file>
      <file name="reply.service.ts" path="C:\Users\michele\Documents\GROWDEV\02 - Intermediário\4 - BANCO DE DADOS II\Final de modulo - Banco de dados II\src\services\reply.service.ts">
        <metrics statements="28" coveredstatements="26" conditionals="5" coveredconditionals="4" methods="5" coveredmethods="5"/>
        <line num="1" count="29" type="stmt"/>
        <line num="5" count="29" type="stmt"/>
        <line num="7" count="2" type="stmt"/>
        <line num="8" count="2" type="stmt"/>
        <line num="10" count="2" type="stmt"/>
        <line num="14" count="1" type="stmt"/>
        <line num="21" count="1" type="stmt"/>
        <line num="30" count="1" type="stmt"/>
        <line num="31" count="1" type="cond" truecount="1" falsecount="1"/>
        <line num="33" count="1" type="stmt"/>
        <line num="37" count="1" type="stmt"/>
        <line num="44" count="0" type="stmt"/>
        <line num="53" count="2" type="stmt"/>
        <line num="55" count="2" type="stmt"/>
        <line num="60" count="2" type="cond" truecount="1" falsecount="0"/>
        <line num="61" count="1" type="stmt"/>
        <line num="68" count="1" type="stmt"/>
        <line num="75" count="0" type="stmt"/>
        <line num="88" count="2" type="stmt"/>
        <line num="92" count="2" type="cond" truecount="1" falsecount="0"/>
        <line num="93" count="1" type="stmt"/>
        <line num="101" count="1" type="stmt"/>
        <line num="109" count="1" type="stmt"/>
        <line num="119" count="2" type="stmt"/>
        <line num="123" count="2" type="cond" truecount="1" falsecount="0"/>
        <line num="124" count="1" type="stmt"/>
        <line num="132" count="1" type="stmt"/>
        <line num="137" count="1" type="stmt"/>
      </file>
      <file name="twitter.service.ts" path="C:\Users\michele\Documents\GROWDEV\02 - Intermediário\4 - BANCO DE DADOS II\Final de modulo - Banco de dados II\src\services\twitter.service.ts">
        <metrics statements="21" coveredstatements="20" conditionals="11" coveredconditionals="7" methods="5" coveredmethods="5"/>
        <line num="7" count="29" type="stmt"/>
        <line num="9" count="29" type="stmt"/>
        <line num="11" count="1" type="stmt"/>
        <line num="14" count="1" type="stmt"/>
        <line num="23" count="1" type="stmt"/>
        <line num="32" count="1" type="stmt"/>
        <line num="49" count="1" type="stmt"/>
        <line num="59" count="2" type="stmt"/>
        <line num="72" count="2" type="cond" truecount="1" falsecount="0"/>
        <line num="73" count="1" type="stmt"/>
        <line num="81" count="1" type="stmt"/>
        <line num="94" count="1" type="stmt"/>
        <line num="98" count="1" type="cond" truecount="0" falsecount="1"/>
        <line num="99" count="0" type="stmt"/>
        <line num="107" count="1" type="stmt"/>
        <line num="117" count="1" type="stmt"/>
        <line num="133" count="2" type="stmt"/>
        <line num="137" count="2" type="cond" truecount="1" falsecount="0"/>
        <line num="138" count="1" type="stmt"/>
        <line num="146" count="1" type="stmt"/>
        <line num="151" count="1" type="stmt"/>
      </file>
      <file name="usuario.service.ts" path="C:\Users\michele\Documents\GROWDEV\02 - Intermediário\4 - BANCO DE DADOS II\Final de modulo - Banco de dados II\src\services\usuario.service.ts">
        <metrics statements="30" coveredstatements="29" conditionals="8" coveredconditionals="6" methods="6" coveredmethods="5"/>
        <line num="1" count="29" type="stmt"/>
        <line num="4" count="29" type="stmt"/>
        <line num="6" count="29" type="stmt"/>
        <line num="8" count="2" type="stmt"/>
        <line num="11" count="2" type="stmt"/>
        <line num="15" count="2" type="cond" truecount="3" falsecount="0"/>
        <line num="16" count="1" type="stmt"/>
        <line num="24" count="1" type="stmt"/>
        <line num="25" count="1" type="stmt"/>
        <line num="28" count="1" type="stmt"/>
        <line num="37" count="1" type="stmt"/>
        <line num="46" count="2" type="stmt"/>
        <line num="54" count="2" type="stmt"/>
        <line num="67" count="2" type="stmt"/>
        <line num="76" count="2" type="cond" truecount="1" falsecount="0"/>
        <line num="77" count="1" type="stmt"/>
        <line num="85" count="1" type="stmt"/>
        <line num="86" count="0" type="cond" truecount="0" falsecount="2"/>
        <line num="90" count="1" type="stmt"/>
        <line num="103" count="2" type="stmt"/>
        <line num="107" count="2" type="cond" truecount="1" falsecount="0"/>
        <line num="108" count="1" type="stmt"/>
        <line num="116" count="1" type="stmt"/>
        <line num="122" count="1" type="stmt"/>
        <line num="132" count="2" type="stmt"/>
        <line num="136" count="2" type="cond" truecount="1" falsecount="0"/>
        <line num="137" count="1" type="stmt"/>
        <line num="144" count="1" type="stmt"/>
        <line num="149" count="1" type="stmt"/>
        <line num="154" count="1" type="stmt"/>
      </file>
    </package>
    <package name="src.utils">
      <metrics statements="20" coveredstatements="14" conditionals="4" coveredconditionals="1" methods="4" coveredmethods="2"/>
      <file name="bcrypt.ts" path="C:\Users\michele\Documents\GROWDEV\02 - Intermediário\4 - BANCO DE DADOS II\Final de modulo - Banco de dados II\src\utils\bcrypt.ts">
        <metrics statements="6" coveredstatements="2" conditionals="0" coveredconditionals="0" methods="2" coveredmethods="0"/>
        <line num="1" count="29" type="stmt"/>
        <line num="3" count="29" type="stmt"/>
        <line num="6" count="0" type="stmt"/>
        <line num="7" count="0" type="stmt"/>
        <line num="12" count="0" type="stmt"/>
        <line num="13" count="0" type="stmt"/>
      </file>
      <file name="jwt.ts" path="C:\Users\michele\Documents\GROWDEV\02 - Intermediário\4 - BANCO DE DADOS II\Final de modulo - Banco de dados II\src\utils\jwt.ts">
        <metrics statements="14" coveredstatements="12" conditionals="4" coveredconditionals="1" methods="2" coveredmethods="2"/>
        <line num="1" count="24" type="stmt"/>
        <line num="2" count="24" type="stmt"/>
        <line num="5" count="24" type="stmt"/>
        <line num="10" count="68" type="cond" truecount="0" falsecount="1"/>
        <line num="11" count="0" type="stmt"/>
        <line num="14" count="68" type="stmt"/>
        <line num="23" count="68" type="stmt"/>
        <line num="24" count="68" type="stmt"/>
        <line num="29" count="86" type="stmt"/>
        <line num="30" count="86" type="cond" truecount="0" falsecount="1"/>
        <line num="31" count="0" type="stmt"/>
        <line num="34" count="86" type="stmt"/>
        <line num="35" count="69" type="stmt"/>
        <line num="37" count="17" type="stmt"/>
      </file>
    </package>
  </project>
</coverage>
