{"C:\\Users\\michele\\Documents\\GROWDEV\\02 - Intermediário\\4 - BANCO DE DADOS II\\Final de modulo - Banco de dados II\\src\\express.server.ts": {"path":"C:\\Users\\michele\\Documents\\GROWDEV\\02 - Intermediário\\4 - BANCO DE DADOS II\\Final de modulo - Banco de dados II\\src\\express.server.ts","statementMap":{"0":{"start":{"line":1,"column":0},"end":{"line":1,"column":24}},"1":{"start":{"line":2,"column":0},"end":{"line":2,"column":30}},"2":{"start":{"line":3,"column":0},"end":{"line":3,"column":38}},"3":{"start":{"line":5,"column":28},"end":{"line":16,"column":1}},"4":{"start":{"line":7,"column":14},"end":{"line":7,"column":23}},"5":{"start":{"line":8,"column":2},"end":{"line":8,"column":33}},"6":{"start":{"line":9,"column":2},"end":{"line":9,"column":26}},"7":{"start":{"line":12,"column":2},"end":{"line":12,"column":18}},"8":{"start":{"line":15,"column":2},"end":{"line":15,"column":13}},"9":{"start":{"line":5,"column":13},"end":{"line":5,"column":28}}},"fnMap":{"0":{"name":"(anonymous_1)","decl":{"start":{"line":5,"column":28},"end":{"line":5,"column":31}},"loc":{"start":{"line":5,"column":33},"end":{"line":16,"column":1}}}},"branchMap":{},"s":{"0":2,"1":2,"2":2,"3":2,"4":2,"5":2,"6":2,"7":2,"8":2,"9":2},"f":{"0":2},"b":{}}
,"C:\\Users\\michele\\Documents\\GROWDEV\\02 - Intermediário\\4 - BANCO DE DADOS II\\Final de modulo - Banco de dados II\\src\\controllers\\auth.controller.ts": {"path":"C:\\Users\\michele\\Documents\\GROWDEV\\02 - Intermediário\\4 - BANCO DE DADOS II\\Final de modulo - Banco de dados II\\src\\controllers\\auth.controller.ts","statementMap":{"0":{"start":{"line":2,"column":0},"end":{"line":2,"column":42}},"1":{"start":{"line":6,"column":4},"end":{"line":21,"column":5}},"2":{"start":{"line":7,"column":31},"end":{"line":7,"column":39}},"3":{"start":{"line":10,"column":22},"end":{"line":10,"column":39}},"4":{"start":{"line":11,"column":21},"end":{"line":11,"column":56}},"5":{"start":{"line":14,"column":36},"end":{"line":14,"column":42}},"6":{"start":{"line":15,"column":6},"end":{"line":15,"column":38}},"7":{"start":{"line":17,"column":6},"end":{"line":20,"column":9}},"8":{"start":{"line":4,"column":0},"end":{"line":4,"column":13}}},"fnMap":{"0":{"name":"(anonymous_0)","decl":{"start":{"line":5,"column":9},"end":{"line":5,"column":15}},"loc":{"start":{"line":5,"column":55},"end":{"line":22,"column":3}}}},"branchMap":{},"s":{"0":2,"1":3,"2":3,"3":3,"4":3,"5":2,"6":2,"7":1,"8":2},"f":{"0":3},"b":{}}
,"C:\\Users\\michele\\Documents\\GROWDEV\\02 - Intermediário\\4 - BANCO DE DADOS II\\Final de modulo - Banco de dados II\\src\\controllers\\follow.controller.ts": {"path":"C:\\Users\\michele\\Documents\\GROWDEV\\02 - Intermediário\\4 - BANCO DE DADOS II\\Final de modulo - Banco de dados II\\src\\controllers\\follow.controller.ts","statementMap":{"0":{"start":{"line":3,"column":0},"end":{"line":3,"column":59}},"1":{"start":{"line":9,"column":4},"end":{"line":31,"column":5}},"2":{"start":{"line":11,"column":42},"end":{"line":11,"column":50}},"3":{"start":{"line":14,"column":36},"end":{"line":17,"column":8}},"4":{"start":{"line":20,"column":22},"end":{"line":20,"column":41}},"5":{"start":{"line":21,"column":21},"end":{"line":21,"column":47}},"6":{"start":{"line":24,"column":36},"end":{"line":24,"column":42}},"7":{"start":{"line":25,"column":6},"end":{"line":25,"column":38}},"8":{"start":{"line":27,"column":6},"end":{"line":30,"column":9}},"9":{"start":{"line":38,"column":4},"end":{"line":63,"column":5}},"10":{"start":{"line":40,"column":29},"end":{"line":40,"column":39}},"11":{"start":{"line":42,"column":6},"end":{"line":47,"column":7}},"12":{"start":{"line":43,"column":8},"end":{"line":46,"column":11}},"13":{"start":{"line":50,"column":22},"end":{"line":50,"column":41}},"14":{"start":{"line":51,"column":21},"end":{"line":53,"column":8}},"15":{"start":{"line":56,"column":36},"end":{"line":56,"column":42}},"16":{"start":{"line":57,"column":6},"end":{"line":57,"column":38}},"17":{"start":{"line":59,"column":6},"end":{"line":62,"column":9}},"18":{"start":{"line":67,"column":4},"end":{"line":91,"column":5}},"19":{"start":{"line":69,"column":28},"end":{"line":69,"column":38}},"20":{"start":{"line":71,"column":6},"end":{"line":77,"column":7}},"21":{"start":{"line":72,"column":8},"end":{"line":75,"column":11}},"22":{"start":{"line":76,"column":8},"end":{"line":76,"column":15}},"23":{"start":{"line":80,"column":22},"end":{"line":80,"column":41}},"24":{"start":{"line":81,"column":21},"end":{"line":81,"column":52}},"25":{"start":{"line":84,"column":36},"end":{"line":84,"column":42}},"26":{"start":{"line":85,"column":6},"end":{"line":85,"column":38}},"27":{"start":{"line":87,"column":6},"end":{"line":90,"column":9}},"28":{"start":{"line":7,"column":0},"end":{"line":7,"column":13}}},"fnMap":{"0":{"name":"(anonymous_0)","decl":{"start":{"line":8,"column":9},"end":{"line":8,"column":15}},"loc":{"start":{"line":8,"column":56},"end":{"line":32,"column":3}}},"1":{"name":"(anonymous_1)","decl":{"start":{"line":34,"column":9},"end":{"line":34,"column":15}},"loc":{"start":{"line":36,"column":17},"end":{"line":64,"column":3}}},"2":{"name":"(anonymous_2)","decl":{"start":{"line":66,"column":9},"end":{"line":66,"column":15}},"loc":{"start":{"line":66,"column":56},"end":{"line":92,"column":3}}}},"branchMap":{"0":{"loc":{"start":{"line":42,"column":6},"end":{"line":47,"column":7}},"type":"if","locations":[{"start":{"line":42,"column":6},"end":{"line":47,"column":7}}]},"1":{"loc":{"start":{"line":71,"column":6},"end":{"line":77,"column":7}},"type":"if","locations":[{"start":{"line":71,"column":6},"end":{"line":77,"column":7}}]}},"s":{"0":2,"1":0,"2":0,"3":0,"4":0,"5":0,"6":0,"7":0,"8":0,"9":0,"10":0,"11":0,"12":0,"13":0,"14":0,"15":0,"16":0,"17":0,"18":0,"19":0,"20":0,"21":0,"22":0,"23":0,"24":0,"25":0,"26":0,"27":0,"28":2},"f":{"0":0,"1":0,"2":0},"b":{"0":[0],"1":[0]}}
,"C:\\Users\\michele\\Documents\\GROWDEV\\02 - Intermediário\\4 - BANCO DE DADOS II\\Final de modulo - Banco de dados II\\src\\controllers\\like.controller.ts": {"path":"C:\\Users\\michele\\Documents\\GROWDEV\\02 - Intermediário\\4 - BANCO DE DADOS II\\Final de modulo - Banco de dados II\\src\\controllers\\like.controller.ts","statementMap":{"0":{"start":{"line":2,"column":0},"end":{"line":2,"column":55}},"1":{"start":{"line":7,"column":4},"end":{"line":37,"column":5}},"2":{"start":{"line":8,"column":37},"end":{"line":8,"column":45}},"3":{"start":{"line":11,"column":6},"end":{"line":17,"column":7}},"4":{"start":{"line":12,"column":8},"end":{"line":15,"column":11}},"5":{"start":{"line":16,"column":8},"end":{"line":16,"column":15}},"6":{"start":{"line":20,"column":34},"end":{"line":23,"column":8}},"7":{"start":{"line":26,"column":22},"end":{"line":26,"column":39}},"8":{"start":{"line":27,"column":21},"end":{"line":27,"column":47}},"9":{"start":{"line":30,"column":36},"end":{"line":30,"column":42}},"10":{"start":{"line":31,"column":6},"end":{"line":31,"column":38}},"11":{"start":{"line":33,"column":6},"end":{"line":36,"column":9}},"12":{"start":{"line":41,"column":4},"end":{"line":61,"column":5}},"13":{"start":{"line":43,"column":37},"end":{"line":43,"column":46}},"14":{"start":{"line":46,"column":22},"end":{"line":46,"column":39}},"15":{"start":{"line":48,"column":21},"end":{"line":51,"column":8}},"16":{"start":{"line":54,"column":36},"end":{"line":54,"column":42}},"17":{"start":{"line":55,"column":6},"end":{"line":55,"column":38}},"18":{"start":{"line":57,"column":6},"end":{"line":60,"column":9}},"19":{"start":{"line":65,"column":4},"end":{"line":81,"column":5}},"20":{"start":{"line":67,"column":29},"end":{"line":67,"column":39}},"21":{"start":{"line":70,"column":22},"end":{"line":70,"column":39}},"22":{"start":{"line":71,"column":21},"end":{"line":71,"column":58}},"23":{"start":{"line":74,"column":36},"end":{"line":74,"column":42}},"24":{"start":{"line":75,"column":6},"end":{"line":75,"column":38}},"25":{"start":{"line":77,"column":6},"end":{"line":80,"column":9}},"26":{"start":{"line":85,"column":4},"end":{"line":102,"column":5}},"27":{"start":{"line":87,"column":26},"end":{"line":87,"column":36}},"28":{"start":{"line":88,"column":40},"end":{"line":88,"column":48}},"29":{"start":{"line":91,"column":22},"end":{"line":91,"column":39}},"30":{"start":{"line":92,"column":21},"end":{"line":92,"column":62}},"31":{"start":{"line":95,"column":36},"end":{"line":95,"column":42}},"32":{"start":{"line":96,"column":6},"end":{"line":96,"column":38}},"33":{"start":{"line":98,"column":6},"end":{"line":101,"column":9}},"34":{"start":{"line":106,"column":4},"end":{"line":122,"column":5}},"35":{"start":{"line":108,"column":26},"end":{"line":108,"column":36}},"36":{"start":{"line":111,"column":22},"end":{"line":111,"column":39}},"37":{"start":{"line":112,"column":21},"end":{"line":112,"column":50}},"38":{"start":{"line":115,"column":36},"end":{"line":115,"column":42}},"39":{"start":{"line":116,"column":6},"end":{"line":116,"column":38}},"40":{"start":{"line":118,"column":6},"end":{"line":121,"column":9}},"41":{"start":{"line":5,"column":0},"end":{"line":5,"column":13}}},"fnMap":{"0":{"name":"(anonymous_0)","decl":{"start":{"line":6,"column":9},"end":{"line":6,"column":15}},"loc":{"start":{"line":6,"column":56},"end":{"line":38,"column":3}}},"1":{"name":"(anonymous_1)","decl":{"start":{"line":40,"column":9},"end":{"line":40,"column":15}},"loc":{"start":{"line":40,"column":57},"end":{"line":62,"column":3}}},"2":{"name":"(anonymous_2)","decl":{"start":{"line":64,"column":9},"end":{"line":64,"column":15}},"loc":{"start":{"line":64,"column":61},"end":{"line":82,"column":3}}},"3":{"name":"(anonymous_3)","decl":{"start":{"line":84,"column":9},"end":{"line":84,"column":15}},"loc":{"start":{"line":84,"column":56},"end":{"line":103,"column":3}}},"4":{"name":"(anonymous_4)","decl":{"start":{"line":105,"column":9},"end":{"line":105,"column":15}},"loc":{"start":{"line":105,"column":56},"end":{"line":123,"column":3}}}},"branchMap":{"0":{"loc":{"start":{"line":11,"column":6},"end":{"line":17,"column":7}},"type":"if","locations":[{"start":{"line":11,"column":6},"end":{"line":17,"column":7}}]},"1":{"loc":{"start":{"line":11,"column":10},"end":{"line":11,"column":32}},"type":"binary-expr","locations":[{"start":{"line":11,"column":10},"end":{"line":11,"column":20}},{"start":{"line":11,"column":24},"end":{"line":11,"column":32}}]}},"s":{"0":2,"1":0,"2":0,"3":0,"4":0,"5":0,"6":0,"7":0,"8":0,"9":0,"10":0,"11":0,"12":0,"13":0,"14":0,"15":0,"16":0,"17":0,"18":0,"19":0,"20":0,"21":0,"22":0,"23":0,"24":0,"25":0,"26":0,"27":0,"28":0,"29":0,"30":0,"31":0,"32":0,"33":0,"34":0,"35":0,"36":0,"37":0,"38":0,"39":0,"40":0,"41":2},"f":{"0":0,"1":0,"2":0,"3":0,"4":0},"b":{"0":[0],"1":[0,0]}}
,"C:\\Users\\michele\\Documents\\GROWDEV\\02 - Intermediário\\4 - BANCO DE DADOS II\\Final de modulo - Banco de dados II\\src\\controllers\\reply.controller.ts": {"path":"C:\\Users\\michele\\Documents\\GROWDEV\\02 - Intermediário\\4 - BANCO DE DADOS II\\Final de modulo - Banco de dados II\\src\\controllers\\reply.controller.ts","statementMap":{"0":{"start":{"line":3,"column":0},"end":{"line":3,"column":57}},"1":{"start":{"line":9,"column":51},"end":{"line":9,"column":59}},"2":{"start":{"line":12,"column":33},"end":{"line":17,"column":6}},"3":{"start":{"line":19,"column":20},"end":{"line":19,"column":38}},"4":{"start":{"line":20,"column":19},"end":{"line":20,"column":45}},"5":{"start":{"line":23,"column":34},"end":{"line":23,"column":40}},"6":{"start":{"line":24,"column":4},"end":{"line":24,"column":36}},"7":{"start":{"line":28,"column":4},"end":{"line":44,"column":5}},"8":{"start":{"line":30,"column":27},"end":{"line":30,"column":36}},"9":{"start":{"line":33,"column":22},"end":{"line":33,"column":40}},"10":{"start":{"line":34,"column":21},"end":{"line":34,"column":74}},"11":{"start":{"line":37,"column":36},"end":{"line":37,"column":42}},"12":{"start":{"line":38,"column":6},"end":{"line":38,"column":38}},"13":{"start":{"line":40,"column":6},"end":{"line":43,"column":9}},"14":{"start":{"line":48,"column":4},"end":{"line":73,"column":5}},"15":{"start":{"line":50,"column":27},"end":{"line":50,"column":37}},"16":{"start":{"line":53,"column":6},"end":{"line":59,"column":7}},"17":{"start":{"line":54,"column":8},"end":{"line":57,"column":11}},"18":{"start":{"line":58,"column":8},"end":{"line":58,"column":15}},"19":{"start":{"line":62,"column":22},"end":{"line":62,"column":40}},"20":{"start":{"line":63,"column":21},"end":{"line":63,"column":56}},"21":{"start":{"line":66,"column":36},"end":{"line":66,"column":42}},"22":{"start":{"line":67,"column":6},"end":{"line":67,"column":38}},"23":{"start":{"line":69,"column":6},"end":{"line":72,"column":9}},"24":{"start":{"line":77,"column":4},"end":{"line":91,"column":5}},"25":{"start":{"line":78,"column":27},"end":{"line":78,"column":37}},"26":{"start":{"line":79,"column":27},"end":{"line":79,"column":35}},"27":{"start":{"line":81,"column":22},"end":{"line":81,"column":40}},"28":{"start":{"line":82,"column":21},"end":{"line":82,"column":65}},"29":{"start":{"line":84,"column":36},"end":{"line":84,"column":42}},"30":{"start":{"line":85,"column":6},"end":{"line":85,"column":38}},"31":{"start":{"line":87,"column":6},"end":{"line":90,"column":9}},"32":{"start":{"line":95,"column":4},"end":{"line":111,"column":5}},"33":{"start":{"line":97,"column":27},"end":{"line":97,"column":37}},"34":{"start":{"line":100,"column":22},"end":{"line":100,"column":40}},"35":{"start":{"line":101,"column":21},"end":{"line":101,"column":51}},"36":{"start":{"line":104,"column":36},"end":{"line":104,"column":42}},"37":{"start":{"line":105,"column":6},"end":{"line":105,"column":38}},"38":{"start":{"line":107,"column":6},"end":{"line":110,"column":9}},"39":{"start":{"line":7,"column":0},"end":{"line":7,"column":13}}},"fnMap":{"0":{"name":"(anonymous_0)","decl":{"start":{"line":8,"column":9},"end":{"line":8,"column":15}},"loc":{"start":{"line":8,"column":56},"end":{"line":25,"column":3}}},"1":{"name":"(anonymous_1)","decl":{"start":{"line":27,"column":9},"end":{"line":27,"column":15}},"loc":{"start":{"line":27,"column":57},"end":{"line":45,"column":3}}},"2":{"name":"(anonymous_2)","decl":{"start":{"line":47,"column":9},"end":{"line":47,"column":15}},"loc":{"start":{"line":47,"column":61},"end":{"line":74,"column":3}}},"3":{"name":"(anonymous_3)","decl":{"start":{"line":76,"column":9},"end":{"line":76,"column":15}},"loc":{"start":{"line":76,"column":56},"end":{"line":92,"column":3}}},"4":{"name":"(anonymous_4)","decl":{"start":{"line":94,"column":9},"end":{"line":94,"column":15}},"loc":{"start":{"line":94,"column":56},"end":{"line":112,"column":3}}}},"branchMap":{"0":{"loc":{"start":{"line":53,"column":6},"end":{"line":59,"column":7}},"type":"if","locations":[{"start":{"line":53,"column":6},"end":{"line":59,"column":7}}]}},"s":{"0":2,"1":0,"2":0,"3":0,"4":0,"5":0,"6":0,"7":0,"8":0,"9":0,"10":0,"11":0,"12":0,"13":0,"14":0,"15":0,"16":0,"17":0,"18":0,"19":0,"20":0,"21":0,"22":0,"23":0,"24":0,"25":0,"26":0,"27":0,"28":0,"29":0,"30":0,"31":0,"32":0,"33":0,"34":0,"35":0,"36":0,"37":0,"38":0,"39":2},"f":{"0":0,"1":0,"2":0,"3":0,"4":0},"b":{"0":[0]}}
,"C:\\Users\\michele\\Documents\\GROWDEV\\02 - Intermediário\\4 - BANCO DE DADOS II\\Final de modulo - Banco de dados II\\src\\controllers\\twitter.controller.ts": {"path":"C:\\Users\\michele\\Documents\\GROWDEV\\02 - Intermediário\\4 - BANCO DE DADOS II\\Final de modulo - Banco de dados II\\src\\controllers\\twitter.controller.ts","statementMap":{"0":{"start":{"line":3,"column":0},"end":{"line":3,"column":61}},"1":{"start":{"line":8,"column":54},"end":{"line":8,"column":62}},"2":{"start":{"line":11,"column":35},"end":{"line":16,"column":6}},"3":{"start":{"line":18,"column":20},"end":{"line":18,"column":40}},"4":{"start":{"line":19,"column":19},"end":{"line":19,"column":45}},"5":{"start":{"line":22,"column":34},"end":{"line":22,"column":40}},"6":{"start":{"line":23,"column":4},"end":{"line":23,"column":36}},"7":{"start":{"line":27,"column":4},"end":{"line":46,"column":5}},"8":{"start":{"line":29,"column":33},"end":{"line":29,"column":42}},"9":{"start":{"line":32,"column":22},"end":{"line":32,"column":42}},"10":{"start":{"line":33,"column":21},"end":{"line":36,"column":8}},"11":{"start":{"line":39,"column":36},"end":{"line":39,"column":42}},"12":{"start":{"line":40,"column":6},"end":{"line":40,"column":38}},"13":{"start":{"line":42,"column":6},"end":{"line":45,"column":9}},"14":{"start":{"line":50,"column":4},"end":{"line":66,"column":5}},"15":{"start":{"line":52,"column":27},"end":{"line":52,"column":37}},"16":{"start":{"line":55,"column":22},"end":{"line":55,"column":42}},"17":{"start":{"line":56,"column":21},"end":{"line":56,"column":56}},"18":{"start":{"line":59,"column":36},"end":{"line":59,"column":42}},"19":{"start":{"line":60,"column":6},"end":{"line":60,"column":38}},"20":{"start":{"line":62,"column":6},"end":{"line":65,"column":9}},"21":{"start":{"line":70,"column":4},"end":{"line":91,"column":5}},"22":{"start":{"line":72,"column":27},"end":{"line":72,"column":37}},"23":{"start":{"line":73,"column":45},"end":{"line":73,"column":53}},"24":{"start":{"line":76,"column":22},"end":{"line":76,"column":42}},"25":{"start":{"line":77,"column":21},"end":{"line":81,"column":8}},"26":{"start":{"line":84,"column":36},"end":{"line":84,"column":42}},"27":{"start":{"line":85,"column":6},"end":{"line":85,"column":38}},"28":{"start":{"line":87,"column":6},"end":{"line":90,"column":9}},"29":{"start":{"line":95,"column":4},"end":{"line":111,"column":5}},"30":{"start":{"line":97,"column":27},"end":{"line":97,"column":37}},"31":{"start":{"line":100,"column":22},"end":{"line":100,"column":42}},"32":{"start":{"line":101,"column":21},"end":{"line":101,"column":51}},"33":{"start":{"line":104,"column":36},"end":{"line":104,"column":42}},"34":{"start":{"line":105,"column":6},"end":{"line":105,"column":38}},"35":{"start":{"line":107,"column":6},"end":{"line":110,"column":9}},"36":{"start":{"line":6,"column":0},"end":{"line":6,"column":13}}},"fnMap":{"0":{"name":"(anonymous_0)","decl":{"start":{"line":7,"column":9},"end":{"line":7,"column":15}},"loc":{"start":{"line":7,"column":56},"end":{"line":24,"column":3}}},"1":{"name":"(anonymous_1)","decl":{"start":{"line":26,"column":9},"end":{"line":26,"column":15}},"loc":{"start":{"line":26,"column":57},"end":{"line":47,"column":3}}},"2":{"name":"(anonymous_2)","decl":{"start":{"line":49,"column":9},"end":{"line":49,"column":15}},"loc":{"start":{"line":49,"column":61},"end":{"line":67,"column":3}}},"3":{"name":"(anonymous_3)","decl":{"start":{"line":69,"column":9},"end":{"line":69,"column":15}},"loc":{"start":{"line":69,"column":56},"end":{"line":92,"column":3}}},"4":{"name":"(anonymous_4)","decl":{"start":{"line":94,"column":9},"end":{"line":94,"column":15}},"loc":{"start":{"line":94,"column":56},"end":{"line":112,"column":3}}}},"branchMap":{},"s":{"0":2,"1":0,"2":0,"3":0,"4":0,"5":0,"6":0,"7":1,"8":1,"9":1,"10":1,"11":1,"12":1,"13":0,"14":0,"15":0,"16":0,"17":0,"18":0,"19":0,"20":0,"21":0,"22":0,"23":0,"24":0,"25":0,"26":0,"27":0,"28":0,"29":0,"30":0,"31":0,"32":0,"33":0,"34":0,"35":0,"36":2},"f":{"0":0,"1":1,"2":0,"3":0,"4":0},"b":{}}
,"C:\\Users\\michele\\Documents\\GROWDEV\\02 - Intermediário\\4 - BANCO DE DADOS II\\Final de modulo - Banco de dados II\\src\\controllers\\usuario.controller.ts": {"path":"C:\\Users\\michele\\Documents\\GROWDEV\\02 - Intermediário\\4 - BANCO DE DADOS II\\Final de modulo - Banco de dados II\\src\\controllers\\usuario.controller.ts","statementMap":{"0":{"start":{"line":4,"column":0},"end":{"line":4,"column":61}},"1":{"start":{"line":9,"column":4},"end":{"line":33,"column":5}},"2":{"start":{"line":11,"column":47},"end":{"line":11,"column":55}},"3":{"start":{"line":14,"column":37},"end":{"line":19,"column":8}},"4":{"start":{"line":22,"column":22},"end":{"line":22,"column":42}},"5":{"start":{"line":23,"column":21},"end":{"line":23,"column":47}},"6":{"start":{"line":26,"column":36},"end":{"line":26,"column":42}},"7":{"start":{"line":27,"column":6},"end":{"line":27,"column":38}},"8":{"start":{"line":29,"column":6},"end":{"line":32,"column":9}},"9":{"start":{"line":37,"column":4},"end":{"line":57,"column":5}},"10":{"start":{"line":39,"column":40},"end":{"line":39,"column":49}},"11":{"start":{"line":42,"column":22},"end":{"line":42,"column":42}},"12":{"start":{"line":43,"column":21},"end":{"line":47,"column":8}},"13":{"start":{"line":50,"column":36},"end":{"line":50,"column":42}},"14":{"start":{"line":51,"column":6},"end":{"line":51,"column":38}},"15":{"start":{"line":53,"column":6},"end":{"line":56,"column":9}},"16":{"start":{"line":61,"column":4},"end":{"line":80,"column":5}},"17":{"start":{"line":63,"column":29},"end":{"line":63,"column":39}},"18":{"start":{"line":64,"column":24},"end":{"line":64,"column":32}},"19":{"start":{"line":65,"column":6},"end":{"line":65,"column":27}},"20":{"start":{"line":69,"column":22},"end":{"line":69,"column":42}},"21":{"start":{"line":70,"column":21},"end":{"line":70,"column":78}},"22":{"start":{"line":73,"column":36},"end":{"line":73,"column":42}},"23":{"start":{"line":74,"column":6},"end":{"line":74,"column":38}},"24":{"start":{"line":76,"column":6},"end":{"line":79,"column":9}},"25":{"start":{"line":84,"column":4},"end":{"line":102,"column":5}},"26":{"start":{"line":86,"column":29},"end":{"line":86,"column":39}},"27":{"start":{"line":88,"column":33},"end":{"line":88,"column":41}},"28":{"start":{"line":91,"column":22},"end":{"line":91,"column":42}},"29":{"start":{"line":92,"column":21},"end":{"line":92,"column":73}},"30":{"start":{"line":95,"column":36},"end":{"line":95,"column":42}},"31":{"start":{"line":96,"column":6},"end":{"line":96,"column":38}},"32":{"start":{"line":98,"column":6},"end":{"line":101,"column":9}},"33":{"start":{"line":106,"column":4},"end":{"line":122,"column":5}},"34":{"start":{"line":108,"column":29},"end":{"line":108,"column":39}},"35":{"start":{"line":111,"column":22},"end":{"line":111,"column":42}},"36":{"start":{"line":112,"column":21},"end":{"line":112,"column":53}},"37":{"start":{"line":115,"column":36},"end":{"line":115,"column":42}},"38":{"start":{"line":116,"column":6},"end":{"line":116,"column":38}},"39":{"start":{"line":118,"column":6},"end":{"line":121,"column":9}},"40":{"start":{"line":7,"column":0},"end":{"line":7,"column":13}}},"fnMap":{"0":{"name":"(anonymous_0)","decl":{"start":{"line":8,"column":9},"end":{"line":8,"column":15}},"loc":{"start":{"line":8,"column":56},"end":{"line":34,"column":3}}},"1":{"name":"(anonymous_1)","decl":{"start":{"line":36,"column":9},"end":{"line":36,"column":15}},"loc":{"start":{"line":36,"column":57},"end":{"line":58,"column":3}}},"2":{"name":"(anonymous_2)","decl":{"start":{"line":60,"column":9},"end":{"line":60,"column":15}},"loc":{"start":{"line":60,"column":61},"end":{"line":81,"column":3}}},"3":{"name":"(anonymous_3)","decl":{"start":{"line":83,"column":9},"end":{"line":83,"column":15}},"loc":{"start":{"line":83,"column":56},"end":{"line":103,"column":3}}},"4":{"name":"(anonymous_4)","decl":{"start":{"line":105,"column":9},"end":{"line":105,"column":15}},"loc":{"start":{"line":105,"column":56},"end":{"line":123,"column":3}}}},"branchMap":{},"s":{"0":2,"1":0,"2":0,"3":0,"4":0,"5":0,"6":0,"7":0,"8":0,"9":0,"10":0,"11":0,"12":0,"13":0,"14":0,"15":0,"16":0,"17":0,"18":0,"19":0,"20":0,"21":0,"22":0,"23":0,"24":0,"25":0,"26":0,"27":0,"28":0,"29":0,"30":0,"31":0,"32":0,"33":0,"34":0,"35":0,"36":0,"37":0,"38":0,"39":0,"40":2},"f":{"0":0,"1":0,"2":0,"3":0,"4":0},"b":{}}
,"C:\\Users\\michele\\Documents\\GROWDEV\\02 - Intermediário\\4 - BANCO DE DADOS II\\Final de modulo - Banco de dados II\\src\\middlewares\\validate-uuid.middlewares.ts": {"path":"C:\\Users\\michele\\Documents\\GROWDEV\\02 - Intermediário\\4 - BANCO DE DADOS II\\Final de modulo - Banco de dados II\\src\\middlewares\\validate-uuid.middlewares.ts","statementMap":{"0":{"start":{"line":5,"column":27},"end":{"line":5,"column":37}},"1":{"start":{"line":7,"column":4},"end":{"line":12,"column":5}},"2":{"start":{"line":8,"column":6},"end":{"line":11,"column":9}},"3":{"start":{"line":17,"column":6},"end":{"line":17,"column":71}},"4":{"start":{"line":19,"column":4},"end":{"line":24,"column":5}},"5":{"start":{"line":20,"column":6},"end":{"line":23,"column":9}},"6":{"start":{"line":25,"column":4},"end":{"line":25,"column":11}},"7":{"start":{"line":3,"column":0},"end":{"line":3,"column":13}}},"fnMap":{"0":{"name":"(anonymous_0)","decl":{"start":{"line":4,"column":2},"end":{"line":4,"column":8}},"loc":{"start":{"line":4,"column":65},"end":{"line":26,"column":3}}}},"branchMap":{"0":{"loc":{"start":{"line":7,"column":4},"end":{"line":12,"column":5}},"type":"if","locations":[{"start":{"line":7,"column":4},"end":{"line":12,"column":5}}]},"1":{"loc":{"start":{"line":19,"column":4},"end":{"line":24,"column":5}},"type":"if","locations":[{"start":{"line":19,"column":4},"end":{"line":24,"column":5}}]}},"s":{"0":0,"1":0,"2":0,"3":0,"4":0,"5":0,"6":0,"7":2},"f":{"0":0},"b":{"0":[0],"1":[0]}}
,"C:\\Users\\michele\\Documents\\GROWDEV\\02 - Intermediário\\4 - BANCO DE DADOS II\\Final de modulo - Banco de dados II\\src\\middlewares\\auth\\auth-middlewares.ts": {"path":"C:\\Users\\michele\\Documents\\GROWDEV\\02 - Intermediário\\4 - BANCO DE DADOS II\\Final de modulo - Banco de dados II\\src\\middlewares\\auth\\auth-middlewares.ts","statementMap":{"0":{"start":{"line":3,"column":0},"end":{"line":3,"column":38}},"1":{"start":{"line":11,"column":26},"end":{"line":11,"column":51}},"2":{"start":{"line":13,"column":4},"end":{"line":19,"column":5}},"3":{"start":{"line":14,"column":6},"end":{"line":17,"column":9}},"4":{"start":{"line":18,"column":6},"end":{"line":18,"column":13}},"5":{"start":{"line":22,"column":23},"end":{"line":22,"column":47}},"6":{"start":{"line":24,"column":16},"end":{"line":24,"column":25}},"7":{"start":{"line":25,"column":24},"end":{"line":25,"column":46}},"8":{"start":{"line":27,"column":4},"end":{"line":33,"column":5}},"9":{"start":{"line":28,"column":6},"end":{"line":31,"column":9}},"10":{"start":{"line":32,"column":6},"end":{"line":32,"column":13}},"11":{"start":{"line":35,"column":4},"end":{"line":38,"column":6}},"12":{"start":{"line":40,"column":4},"end":{"line":40,"column":11}},"13":{"start":{"line":5,"column":0},"end":{"line":5,"column":13}}},"fnMap":{"0":{"name":"(anonymous_0)","decl":{"start":{"line":6,"column":9},"end":{"line":6,"column":15}},"loc":{"start":{"line":9,"column":22},"end":{"line":41,"column":3}}}},"branchMap":{"0":{"loc":{"start":{"line":13,"column":4},"end":{"line":19,"column":5}},"type":"if","locations":[{"start":{"line":13,"column":4},"end":{"line":19,"column":5}}]},"1":{"loc":{"start":{"line":27,"column":4},"end":{"line":33,"column":5}},"type":"if","locations":[{"start":{"line":27,"column":4},"end":{"line":33,"column":5}}]}},"s":{"0":2,"1":3,"2":3,"3":1,"4":1,"5":2,"6":2,"7":2,"8":2,"9":1,"10":1,"11":1,"12":1,"13":2},"f":{"0":3},"b":{"0":[1],"1":[1]}}
,"C:\\Users\\michele\\Documents\\GROWDEV\\02 - Intermediário\\4 - BANCO DE DADOS II\\Final de modulo - Banco de dados II\\src\\middlewares\\auth\\login-middlewares.ts": {"path":"C:\\Users\\michele\\Documents\\GROWDEV\\02 - Intermediário\\4 - BANCO DE DADOS II\\Final de modulo - Banco de dados II\\src\\middlewares\\auth\\login-middlewares.ts","statementMap":{"0":{"start":{"line":9,"column":29},"end":{"line":9,"column":37}},"1":{"start":{"line":11,"column":4},"end":{"line":17,"column":5}},"2":{"start":{"line":12,"column":6},"end":{"line":15,"column":9}},"3":{"start":{"line":16,"column":6},"end":{"line":16,"column":13}},"4":{"start":{"line":19,"column":4},"end":{"line":25,"column":5}},"5":{"start":{"line":20,"column":6},"end":{"line":23,"column":9}},"6":{"start":{"line":24,"column":6},"end":{"line":24,"column":13}},"7":{"start":{"line":26,"column":4},"end":{"line":26,"column":11}},"8":{"start":{"line":30,"column":29},"end":{"line":30,"column":37}},"9":{"start":{"line":32,"column":4},"end":{"line":38,"column":5}},"10":{"start":{"line":33,"column":6},"end":{"line":36,"column":9}},"11":{"start":{"line":37,"column":6},"end":{"line":37,"column":13}},"12":{"start":{"line":40,"column":4},"end":{"line":46,"column":5}},"13":{"start":{"line":41,"column":6},"end":{"line":44,"column":9}},"14":{"start":{"line":45,"column":6},"end":{"line":45,"column":13}},"15":{"start":{"line":47,"column":4},"end":{"line":47,"column":11}},"16":{"start":{"line":3,"column":0},"end":{"line":3,"column":13}}},"fnMap":{"0":{"name":"(anonymous_0)","decl":{"start":{"line":4,"column":9},"end":{"line":4,"column":15}},"loc":{"start":{"line":7,"column":22},"end":{"line":27,"column":3}}},"1":{"name":"(anonymous_1)","decl":{"start":{"line":29,"column":9},"end":{"line":29,"column":15}},"loc":{"start":{"line":29,"column":77},"end":{"line":48,"column":3}}}},"branchMap":{"0":{"loc":{"start":{"line":11,"column":4},"end":{"line":17,"column":5}},"type":"if","locations":[{"start":{"line":11,"column":4},"end":{"line":17,"column":5}}]},"1":{"loc":{"start":{"line":19,"column":4},"end":{"line":25,"column":5}},"type":"if","locations":[{"start":{"line":19,"column":4},"end":{"line":25,"column":5}}]},"2":{"loc":{"start":{"line":32,"column":4},"end":{"line":38,"column":5}},"type":"if","locations":[{"start":{"line":32,"column":4},"end":{"line":38,"column":5}}]},"3":{"loc":{"start":{"line":40,"column":4},"end":{"line":46,"column":5}},"type":"if","locations":[{"start":{"line":40,"column":4},"end":{"line":46,"column":5}}]}},"s":{"0":7,"1":7,"2":1,"3":1,"4":6,"5":1,"6":1,"7":5,"8":5,"9":5,"10":1,"11":1,"12":4,"13":1,"14":1,"15":3,"16":2},"f":{"0":7,"1":5},"b":{"0":[1],"1":[1],"2":[1],"3":[1]}}
,"C:\\Users\\michele\\Documents\\GROWDEV\\02 - Intermediário\\4 - BANCO DE DADOS II\\Final de modulo - Banco de dados II\\src\\middlewares\\follow\\create-follow-middlewares.ts": {"path":"C:\\Users\\michele\\Documents\\GROWDEV\\02 - Intermediário\\4 - BANCO DE DADOS II\\Final de modulo - Banco de dados II\\src\\middlewares\\follow\\create-follow-middlewares.ts","statementMap":{"0":{"start":{"line":9,"column":40},"end":{"line":9,"column":48}},"1":{"start":{"line":11,"column":4},"end":{"line":17,"column":5}},"2":{"start":{"line":12,"column":6},"end":{"line":15,"column":9}},"3":{"start":{"line":16,"column":6},"end":{"line":16,"column":13}},"4":{"start":{"line":19,"column":4},"end":{"line":25,"column":5}},"5":{"start":{"line":20,"column":6},"end":{"line":23,"column":9}},"6":{"start":{"line":24,"column":6},"end":{"line":24,"column":13}},"7":{"start":{"line":26,"column":4},"end":{"line":26,"column":11}},"8":{"start":{"line":3,"column":0},"end":{"line":3,"column":13}}},"fnMap":{"0":{"name":"(anonymous_0)","decl":{"start":{"line":4,"column":9},"end":{"line":4,"column":15}},"loc":{"start":{"line":7,"column":22},"end":{"line":27,"column":3}}}},"branchMap":{"0":{"loc":{"start":{"line":11,"column":4},"end":{"line":17,"column":5}},"type":"if","locations":[{"start":{"line":11,"column":4},"end":{"line":17,"column":5}}]},"1":{"loc":{"start":{"line":11,"column":8},"end":{"line":11,"column":35}},"type":"binary-expr","locations":[{"start":{"line":11,"column":8},"end":{"line":11,"column":19}},{"start":{"line":11,"column":23},"end":{"line":11,"column":35}}]},"2":{"loc":{"start":{"line":19,"column":4},"end":{"line":25,"column":5}},"type":"if","locations":[{"start":{"line":19,"column":4},"end":{"line":25,"column":5}}]}},"s":{"0":0,"1":0,"2":0,"3":0,"4":0,"5":0,"6":0,"7":0,"8":2},"f":{"0":0},"b":{"0":[0],"1":[0,0],"2":[0]}}
,"C:\\Users\\michele\\Documents\\GROWDEV\\02 - Intermediário\\4 - BANCO DE DADOS II\\Final de modulo - Banco de dados II\\src\\middlewares\\like\\create-like.middlewaress.ts": {"path":"C:\\Users\\michele\\Documents\\GROWDEV\\02 - Intermediário\\4 - BANCO DE DADOS II\\Final de modulo - Banco de dados II\\src\\middlewares\\like\\create-like.middlewaress.ts","statementMap":{"0":{"start":{"line":5,"column":35},"end":{"line":5,"column":43}},"1":{"start":{"line":8,"column":4},"end":{"line":13,"column":5}},"2":{"start":{"line":9,"column":6},"end":{"line":12,"column":9}},"3":{"start":{"line":15,"column":4},"end":{"line":20,"column":5}},"4":{"start":{"line":16,"column":6},"end":{"line":19,"column":9}},"5":{"start":{"line":22,"column":4},"end":{"line":22,"column":11}},"6":{"start":{"line":3,"column":0},"end":{"line":3,"column":13}}},"fnMap":{"0":{"name":"(anonymous_0)","decl":{"start":{"line":4,"column":9},"end":{"line":4,"column":15}},"loc":{"start":{"line":4,"column":77},"end":{"line":23,"column":3}}}},"branchMap":{"0":{"loc":{"start":{"line":8,"column":4},"end":{"line":13,"column":5}},"type":"if","locations":[{"start":{"line":8,"column":4},"end":{"line":13,"column":5}}]},"1":{"loc":{"start":{"line":8,"column":8},"end":{"line":8,"column":51}},"type":"binary-expr","locations":[{"start":{"line":8,"column":8},"end":{"line":8,"column":18}},{"start":{"line":8,"column":22},"end":{"line":8,"column":51}}]},"2":{"loc":{"start":{"line":15,"column":4},"end":{"line":20,"column":5}},"type":"if","locations":[{"start":{"line":15,"column":4},"end":{"line":20,"column":5}}]},"3":{"loc":{"start":{"line":15,"column":8},"end":{"line":15,"column":47}},"type":"binary-expr","locations":[{"start":{"line":15,"column":8},"end":{"line":15,"column":16}},{"start":{"line":15,"column":20},"end":{"line":15,"column":47}}]}},"s":{"0":0,"1":0,"2":0,"3":0,"4":0,"5":0,"6":2},"f":{"0":0},"b":{"0":[0],"1":[0,0],"2":[0],"3":[0,0]}}
,"C:\\Users\\michele\\Documents\\GROWDEV\\02 - Intermediário\\4 - BANCO DE DADOS II\\Final de modulo - Banco de dados II\\src\\middlewares\\like\\find-all-like.middlewares.ts": {"path":"C:\\Users\\michele\\Documents\\GROWDEV\\02 - Intermediário\\4 - BANCO DE DADOS II\\Final de modulo - Banco de dados II\\src\\middlewares\\like\\find-all-like.middlewares.ts","statementMap":{"0":{"start":{"line":5,"column":35},"end":{"line":5,"column":44}},"1":{"start":{"line":7,"column":4},"end":{"line":12,"column":5}},"2":{"start":{"line":8,"column":6},"end":{"line":11,"column":9}},"3":{"start":{"line":14,"column":4},"end":{"line":19,"column":5}},"4":{"start":{"line":15,"column":6},"end":{"line":18,"column":9}},"5":{"start":{"line":20,"column":4},"end":{"line":20,"column":11}},"6":{"start":{"line":3,"column":0},"end":{"line":3,"column":13}}},"fnMap":{"0":{"name":"(anonymous_0)","decl":{"start":{"line":4,"column":2},"end":{"line":4,"column":8}},"loc":{"start":{"line":4,"column":70},"end":{"line":21,"column":3}}}},"branchMap":{"0":{"loc":{"start":{"line":7,"column":4},"end":{"line":12,"column":5}},"type":"if","locations":[{"start":{"line":7,"column":4},"end":{"line":12,"column":5}}]},"1":{"loc":{"start":{"line":7,"column":8},"end":{"line":7,"column":50}},"type":"binary-expr","locations":[{"start":{"line":7,"column":8},"end":{"line":7,"column":17}},{"start":{"line":7,"column":21},"end":{"line":7,"column":50}}]},"2":{"loc":{"start":{"line":14,"column":4},"end":{"line":19,"column":5}},"type":"if","locations":[{"start":{"line":14,"column":4},"end":{"line":19,"column":5}}]},"3":{"loc":{"start":{"line":14,"column":8},"end":{"line":14,"column":46}},"type":"binary-expr","locations":[{"start":{"line":14,"column":8},"end":{"line":14,"column":15}},{"start":{"line":14,"column":19},"end":{"line":14,"column":46}}]}},"s":{"0":0,"1":0,"2":0,"3":0,"4":0,"5":0,"6":2},"f":{"0":0},"b":{"0":[0],"1":[0,0],"2":[0],"3":[0,0]}}
,"C:\\Users\\michele\\Documents\\GROWDEV\\02 - Intermediário\\4 - BANCO DE DADOS II\\Final de modulo - Banco de dados II\\src\\middlewares\\like\\update-like.middlewares.ts": {"path":"C:\\Users\\michele\\Documents\\GROWDEV\\02 - Intermediário\\4 - BANCO DE DADOS II\\Final de modulo - Banco de dados II\\src\\middlewares\\like\\update-like.middlewares.ts","statementMap":{"0":{"start":{"line":5,"column":35},"end":{"line":5,"column":43}},"1":{"start":{"line":8,"column":4},"end":{"line":13,"column":5}},"2":{"start":{"line":9,"column":6},"end":{"line":12,"column":9}},"3":{"start":{"line":15,"column":4},"end":{"line":20,"column":5}},"4":{"start":{"line":16,"column":6},"end":{"line":19,"column":9}},"5":{"start":{"line":22,"column":4},"end":{"line":22,"column":11}},"6":{"start":{"line":26,"column":35},"end":{"line":26,"column":43}},"7":{"start":{"line":28,"column":4},"end":{"line":33,"column":5}},"8":{"start":{"line":29,"column":6},"end":{"line":32,"column":9}},"9":{"start":{"line":35,"column":4},"end":{"line":35,"column":11}},"10":{"start":{"line":3,"column":0},"end":{"line":3,"column":13}}},"fnMap":{"0":{"name":"(anonymous_0)","decl":{"start":{"line":4,"column":9},"end":{"line":4,"column":15}},"loc":{"start":{"line":4,"column":77},"end":{"line":23,"column":3}}},"1":{"name":"(anonymous_1)","decl":{"start":{"line":25,"column":9},"end":{"line":25,"column":15}},"loc":{"start":{"line":25,"column":76},"end":{"line":36,"column":3}}}},"branchMap":{"0":{"loc":{"start":{"line":8,"column":4},"end":{"line":13,"column":5}},"type":"if","locations":[{"start":{"line":8,"column":4},"end":{"line":13,"column":5}}]},"1":{"loc":{"start":{"line":8,"column":8},"end":{"line":8,"column":50}},"type":"binary-expr","locations":[{"start":{"line":8,"column":8},"end":{"line":8,"column":17}},{"start":{"line":8,"column":21},"end":{"line":8,"column":50}}]},"2":{"loc":{"start":{"line":15,"column":4},"end":{"line":20,"column":5}},"type":"if","locations":[{"start":{"line":15,"column":4},"end":{"line":20,"column":5}}]},"3":{"loc":{"start":{"line":15,"column":8},"end":{"line":15,"column":46}},"type":"binary-expr","locations":[{"start":{"line":15,"column":8},"end":{"line":15,"column":15}},{"start":{"line":15,"column":19},"end":{"line":15,"column":46}}]},"4":{"loc":{"start":{"line":28,"column":4},"end":{"line":33,"column":5}},"type":"if","locations":[{"start":{"line":28,"column":4},"end":{"line":33,"column":5}}]},"5":{"loc":{"start":{"line":28,"column":8},"end":{"line":28,"column":30}},"type":"binary-expr","locations":[{"start":{"line":28,"column":8},"end":{"line":28,"column":18}},{"start":{"line":28,"column":22},"end":{"line":28,"column":30}}]}},"s":{"0":0,"1":0,"2":0,"3":0,"4":0,"5":0,"6":0,"7":0,"8":0,"9":0,"10":2},"f":{"0":0,"1":0},"b":{"0":[0],"1":[0,0],"2":[0],"3":[0,0],"4":[0],"5":[0,0]}}
,"C:\\Users\\michele\\Documents\\GROWDEV\\02 - Intermediário\\4 - BANCO DE DADOS II\\Final de modulo - Banco de dados II\\src\\middlewares\\reply\\create-reply-middlewares.ts": {"path":"C:\\Users\\michele\\Documents\\GROWDEV\\02 - Intermediário\\4 - BANCO DE DADOS II\\Final de modulo - Banco de dados II\\src\\middlewares\\reply\\create-reply-middlewares.ts","statementMap":{"0":{"start":{"line":9,"column":51},"end":{"line":9,"column":59}},"1":{"start":{"line":12,"column":4},"end":{"line":17,"column":5}},"2":{"start":{"line":13,"column":6},"end":{"line":16,"column":9}},"3":{"start":{"line":19,"column":4},"end":{"line":24,"column":5}},"4":{"start":{"line":20,"column":6},"end":{"line":23,"column":9}},"5":{"start":{"line":26,"column":4},"end":{"line":31,"column":5}},"6":{"start":{"line":27,"column":6},"end":{"line":30,"column":9}},"7":{"start":{"line":33,"column":6},"end":{"line":38,"column":7}},"8":{"start":{"line":34,"column":8},"end":{"line":37,"column":11}},"9":{"start":{"line":39,"column":4},"end":{"line":39,"column":11}},"10":{"start":{"line":43,"column":51},"end":{"line":43,"column":59}},"11":{"start":{"line":46,"column":4},"end":{"line":51,"column":5}},"12":{"start":{"line":47,"column":6},"end":{"line":50,"column":9}},"13":{"start":{"line":53,"column":4},"end":{"line":58,"column":5}},"14":{"start":{"line":54,"column":6},"end":{"line":57,"column":9}},"15":{"start":{"line":60,"column":4},"end":{"line":65,"column":5}},"16":{"start":{"line":61,"column":6},"end":{"line":64,"column":9}},"17":{"start":{"line":66,"column":4},"end":{"line":66,"column":11}},"18":{"start":{"line":70,"column":51},"end":{"line":70,"column":59}},"19":{"start":{"line":73,"column":4},"end":{"line":78,"column":5}},"20":{"start":{"line":74,"column":6},"end":{"line":77,"column":9}},"21":{"start":{"line":81,"column":4},"end":{"line":86,"column":5}},"22":{"start":{"line":82,"column":6},"end":{"line":85,"column":9}},"23":{"start":{"line":87,"column":4},"end":{"line":87,"column":11}},"24":{"start":{"line":3,"column":0},"end":{"line":3,"column":13}}},"fnMap":{"0":{"name":"(anonymous_0)","decl":{"start":{"line":4,"column":9},"end":{"line":4,"column":15}},"loc":{"start":{"line":7,"column":22},"end":{"line":40,"column":3}}},"1":{"name":"(anonymous_1)","decl":{"start":{"line":42,"column":9},"end":{"line":42,"column":15}},"loc":{"start":{"line":42,"column":77},"end":{"line":67,"column":3}}},"2":{"name":"(anonymous_2)","decl":{"start":{"line":69,"column":9},"end":{"line":69,"column":15}},"loc":{"start":{"line":69,"column":76},"end":{"line":88,"column":3}}}},"branchMap":{"0":{"loc":{"start":{"line":12,"column":4},"end":{"line":17,"column":5}},"type":"if","locations":[{"start":{"line":12,"column":4},"end":{"line":17,"column":5}}]},"1":{"loc":{"start":{"line":19,"column":4},"end":{"line":24,"column":5}},"type":"if","locations":[{"start":{"line":19,"column":4},"end":{"line":24,"column":5}}]},"2":{"loc":{"start":{"line":26,"column":4},"end":{"line":31,"column":5}},"type":"if","locations":[{"start":{"line":26,"column":4},"end":{"line":31,"column":5}}]},"3":{"loc":{"start":{"line":33,"column":6},"end":{"line":38,"column":7}},"type":"if","locations":[{"start":{"line":33,"column":6},"end":{"line":38,"column":7}}]},"4":{"loc":{"start":{"line":46,"column":4},"end":{"line":51,"column":5}},"type":"if","locations":[{"start":{"line":46,"column":4},"end":{"line":51,"column":5}}]},"5":{"loc":{"start":{"line":53,"column":4},"end":{"line":58,"column":5}},"type":"if","locations":[{"start":{"line":53,"column":4},"end":{"line":58,"column":5}}]},"6":{"loc":{"start":{"line":53,"column":8},"end":{"line":53,"column":32}},"type":"binary-expr","locations":[{"start":{"line":53,"column":8},"end":{"line":53,"column":20}},{"start":{"line":53,"column":24},"end":{"line":53,"column":32}}]},"7":{"loc":{"start":{"line":60,"column":4},"end":{"line":65,"column":5}},"type":"if","locations":[{"start":{"line":60,"column":4},"end":{"line":65,"column":5}}]},"8":{"loc":{"start":{"line":73,"column":4},"end":{"line":78,"column":5}},"type":"if","locations":[{"start":{"line":73,"column":4},"end":{"line":78,"column":5}}]},"9":{"loc":{"start":{"line":81,"column":4},"end":{"line":86,"column":5}},"type":"if","locations":[{"start":{"line":81,"column":4},"end":{"line":86,"column":5}}]}},"s":{"0":0,"1":0,"2":0,"3":0,"4":0,"5":0,"6":0,"7":0,"8":0,"9":0,"10":0,"11":0,"12":0,"13":0,"14":0,"15":0,"16":0,"17":0,"18":0,"19":0,"20":0,"21":0,"22":0,"23":0,"24":2},"f":{"0":0,"1":0,"2":0},"b":{"0":[0],"1":[0],"2":[0],"3":[0],"4":[0],"5":[0],"6":[0,0],"7":[0],"8":[0],"9":[0]}}
,"C:\\Users\\michele\\Documents\\GROWDEV\\02 - Intermediário\\4 - BANCO DE DADOS II\\Final de modulo - Banco de dados II\\src\\middlewares\\reply\\update-reply-middlewares.ts": {"path":"C:\\Users\\michele\\Documents\\GROWDEV\\02 - Intermediário\\4 - BANCO DE DADOS II\\Final de modulo - Banco de dados II\\src\\middlewares\\reply\\update-reply-middlewares.ts","statementMap":{"0":{"start":{"line":5,"column":25},"end":{"line":5,"column":33}},"1":{"start":{"line":9,"column":4},"end":{"line":14,"column":5}},"2":{"start":{"line":10,"column":6},"end":{"line":13,"column":9}},"3":{"start":{"line":15,"column":4},"end":{"line":15,"column":11}},"4":{"start":{"line":3,"column":0},"end":{"line":3,"column":13}}},"fnMap":{"0":{"name":"(anonymous_0)","decl":{"start":{"line":4,"column":9},"end":{"line":4,"column":15}},"loc":{"start":{"line":4,"column":77},"end":{"line":16,"column":3}}}},"branchMap":{"0":{"loc":{"start":{"line":9,"column":4},"end":{"line":14,"column":5}},"type":"if","locations":[{"start":{"line":9,"column":4},"end":{"line":14,"column":5}}]},"1":{"loc":{"start":{"line":9,"column":8},"end":{"line":9,"column":48}},"type":"binary-expr","locations":[{"start":{"line":9,"column":8},"end":{"line":9,"column":16}},{"start":{"line":9,"column":20},"end":{"line":9,"column":48}}]}},"s":{"0":0,"1":0,"2":0,"3":0,"4":2},"f":{"0":0},"b":{"0":[0],"1":[0,0]}}
,"C:\\Users\\michele\\Documents\\GROWDEV\\02 - Intermediário\\4 - BANCO DE DADOS II\\Final de modulo - Banco de dados II\\src\\middlewares\\twitter\\create-twitter.middlewares.ts": {"path":"C:\\Users\\michele\\Documents\\GROWDEV\\02 - Intermediário\\4 - BANCO DE DADOS II\\Final de modulo - Banco de dados II\\src\\middlewares\\twitter\\create-twitter.middlewares.ts","statementMap":{"0":{"start":{"line":2,"column":0},"end":{"line":2,"column":43}},"1":{"start":{"line":10,"column":54},"end":{"line":10,"column":62}},"2":{"start":{"line":13,"column":4},"end":{"line":19,"column":5}},"3":{"start":{"line":14,"column":6},"end":{"line":17,"column":9}},"4":{"start":{"line":18,"column":6},"end":{"line":18,"column":13}},"5":{"start":{"line":21,"column":4},"end":{"line":27,"column":5}},"6":{"start":{"line":22,"column":6},"end":{"line":25,"column":9}},"7":{"start":{"line":26,"column":6},"end":{"line":26,"column":13}},"8":{"start":{"line":29,"column":4},"end":{"line":35,"column":5}},"9":{"start":{"line":30,"column":6},"end":{"line":33,"column":9}},"10":{"start":{"line":34,"column":6},"end":{"line":34,"column":13}},"11":{"start":{"line":36,"column":4},"end":{"line":36,"column":11}},"12":{"start":{"line":40,"column":54},"end":{"line":40,"column":62}},"13":{"start":{"line":43,"column":4},"end":{"line":48,"column":5}},"14":{"start":{"line":44,"column":6},"end":{"line":47,"column":9}},"15":{"start":{"line":50,"column":4},"end":{"line":55,"column":5}},"16":{"start":{"line":51,"column":6},"end":{"line":54,"column":9}},"17":{"start":{"line":57,"column":4},"end":{"line":62,"column":5}},"18":{"start":{"line":58,"column":6},"end":{"line":61,"column":9}},"19":{"start":{"line":63,"column":4},"end":{"line":63,"column":11}},"20":{"start":{"line":4,"column":0},"end":{"line":4,"column":13}}},"fnMap":{"0":{"name":"(anonymous_0)","decl":{"start":{"line":5,"column":9},"end":{"line":5,"column":15}},"loc":{"start":{"line":8,"column":22},"end":{"line":37,"column":3}}},"1":{"name":"(anonymous_1)","decl":{"start":{"line":39,"column":9},"end":{"line":39,"column":15}},"loc":{"start":{"line":39,"column":77},"end":{"line":64,"column":3}}}},"branchMap":{"0":{"loc":{"start":{"line":13,"column":4},"end":{"line":19,"column":5}},"type":"if","locations":[{"start":{"line":13,"column":4},"end":{"line":19,"column":5}}]},"1":{"loc":{"start":{"line":21,"column":4},"end":{"line":27,"column":5}},"type":"if","locations":[{"start":{"line":21,"column":4},"end":{"line":27,"column":5}}]},"2":{"loc":{"start":{"line":29,"column":4},"end":{"line":35,"column":5}},"type":"if","locations":[{"start":{"line":29,"column":4},"end":{"line":35,"column":5}}]},"3":{"loc":{"start":{"line":43,"column":4},"end":{"line":48,"column":5}},"type":"if","locations":[{"start":{"line":43,"column":4},"end":{"line":48,"column":5}}]},"4":{"loc":{"start":{"line":50,"column":4},"end":{"line":55,"column":5}},"type":"if","locations":[{"start":{"line":50,"column":4},"end":{"line":55,"column":5}}]},"5":{"loc":{"start":{"line":50,"column":8},"end":{"line":50,"column":35}},"type":"binary-expr","locations":[{"start":{"line":50,"column":8},"end":{"line":50,"column":20}},{"start":{"line":50,"column":24},"end":{"line":50,"column":35}}]},"6":{"loc":{"start":{"line":57,"column":4},"end":{"line":62,"column":5}},"type":"if","locations":[{"start":{"line":57,"column":4},"end":{"line":62,"column":5}}]},"7":{"loc":{"start":{"line":57,"column":8},"end":{"line":57,"column":36}},"type":"binary-expr","locations":[{"start":{"line":57,"column":8},"end":{"line":57,"column":20}},{"start":{"line":57,"column":24},"end":{"line":57,"column":36}}]}},"s":{"0":2,"1":0,"2":0,"3":0,"4":0,"5":0,"6":0,"7":0,"8":0,"9":0,"10":0,"11":0,"12":0,"13":0,"14":0,"15":0,"16":0,"17":0,"18":0,"19":0,"20":2},"f":{"0":0,"1":0},"b":{"0":[0],"1":[0],"2":[0],"3":[0],"4":[0],"5":[0,0],"6":[0],"7":[0,0]}}
,"C:\\Users\\michele\\Documents\\GROWDEV\\02 - Intermediário\\4 - BANCO DE DADOS II\\Final de modulo - Banco de dados II\\src\\middlewares\\twitter\\find-all-twitter.middlewares.ts": {"path":"C:\\Users\\michele\\Documents\\GROWDEV\\02 - Intermediário\\4 - BANCO DE DADOS II\\Final de modulo - Banco de dados II\\src\\middlewares\\twitter\\find-all-twitter.middlewares.ts","statementMap":{"0":{"start":{"line":5,"column":31},"end":{"line":5,"column":40}},"1":{"start":{"line":7,"column":4},"end":{"line":12,"column":5}},"2":{"start":{"line":8,"column":6},"end":{"line":11,"column":9}},"3":{"start":{"line":14,"column":4},"end":{"line":19,"column":5}},"4":{"start":{"line":15,"column":6},"end":{"line":18,"column":9}},"5":{"start":{"line":21,"column":4},"end":{"line":21,"column":11}},"6":{"start":{"line":3,"column":0},"end":{"line":3,"column":13}}},"fnMap":{"0":{"name":"(anonymous_0)","decl":{"start":{"line":4,"column":2},"end":{"line":4,"column":8}},"loc":{"start":{"line":4,"column":70},"end":{"line":22,"column":3}}}},"branchMap":{"0":{"loc":{"start":{"line":7,"column":4},"end":{"line":12,"column":5}},"type":"if","locations":[{"start":{"line":7,"column":4},"end":{"line":12,"column":5}}]},"1":{"loc":{"start":{"line":7,"column":8},"end":{"line":7,"column":48}},"type":"binary-expr","locations":[{"start":{"line":7,"column":8},"end":{"line":7,"column":16}},{"start":{"line":7,"column":20},"end":{"line":7,"column":48}}]},"2":{"loc":{"start":{"line":14,"column":4},"end":{"line":19,"column":5}},"type":"if","locations":[{"start":{"line":14,"column":4},"end":{"line":19,"column":5}}]},"3":{"loc":{"start":{"line":14,"column":8},"end":{"line":14,"column":52}},"type":"binary-expr","locations":[{"start":{"line":14,"column":8},"end":{"line":14,"column":12}},{"start":{"line":14,"column":16},"end":{"line":14,"column":32}},{"start":{"line":14,"column":36},"end":{"line":14,"column":52}}]}},"s":{"0":1,"1":1,"2":0,"3":1,"4":0,"5":1,"6":2},"f":{"0":1},"b":{"0":[0],"1":[1,0],"2":[0],"3":[1,0,0]}}
,"C:\\Users\\michele\\Documents\\GROWDEV\\02 - Intermediário\\4 - BANCO DE DADOS II\\Final de modulo - Banco de dados II\\src\\middlewares\\twitter\\update-twitter.middlewares.ts": {"path":"C:\\Users\\michele\\Documents\\GROWDEV\\02 - Intermediário\\4 - BANCO DE DADOS II\\Final de modulo - Banco de dados II\\src\\middlewares\\twitter\\update-twitter.middlewares.ts","statementMap":{"0":{"start":{"line":5,"column":43},"end":{"line":5,"column":51}},"1":{"start":{"line":9,"column":4},"end":{"line":14,"column":5}},"2":{"start":{"line":10,"column":6},"end":{"line":13,"column":9}},"3":{"start":{"line":16,"column":4},"end":{"line":21,"column":5}},"4":{"start":{"line":17,"column":6},"end":{"line":20,"column":9}},"5":{"start":{"line":23,"column":4},"end":{"line":28,"column":5}},"6":{"start":{"line":24,"column":6},"end":{"line":27,"column":9}},"7":{"start":{"line":30,"column":4},"end":{"line":35,"column":5}},"8":{"start":{"line":31,"column":6},"end":{"line":34,"column":9}},"9":{"start":{"line":37,"column":4},"end":{"line":37,"column":11}},"10":{"start":{"line":3,"column":0},"end":{"line":3,"column":13}}},"fnMap":{"0":{"name":"(anonymous_0)","decl":{"start":{"line":4,"column":9},"end":{"line":4,"column":15}},"loc":{"start":{"line":4,"column":77},"end":{"line":38,"column":3}}}},"branchMap":{"0":{"loc":{"start":{"line":9,"column":4},"end":{"line":14,"column":5}},"type":"if","locations":[{"start":{"line":9,"column":4},"end":{"line":14,"column":5}}]},"1":{"loc":{"start":{"line":9,"column":8},"end":{"line":9,"column":48}},"type":"binary-expr","locations":[{"start":{"line":9,"column":8},"end":{"line":9,"column":16}},{"start":{"line":9,"column":20},"end":{"line":9,"column":48}}]},"2":{"loc":{"start":{"line":16,"column":4},"end":{"line":21,"column":5}},"type":"if","locations":[{"start":{"line":16,"column":4},"end":{"line":21,"column":5}}]},"3":{"loc":{"start":{"line":16,"column":8},"end":{"line":16,"column":69}},"type":"binary-expr","locations":[{"start":{"line":16,"column":8},"end":{"line":16,"column":20}},{"start":{"line":16,"column":24},"end":{"line":16,"column":35}},{"start":{"line":16,"column":39},"end":{"line":16,"column":69}}]},"4":{"loc":{"start":{"line":23,"column":4},"end":{"line":28,"column":5}},"type":"if","locations":[{"start":{"line":23,"column":4},"end":{"line":28,"column":5}}]},"5":{"loc":{"start":{"line":23,"column":8},"end":{"line":23,"column":36}},"type":"binary-expr","locations":[{"start":{"line":23,"column":8},"end":{"line":23,"column":20}},{"start":{"line":23,"column":24},"end":{"line":23,"column":36}}]},"6":{"loc":{"start":{"line":30,"column":4},"end":{"line":35,"column":5}},"type":"if","locations":[{"start":{"line":30,"column":4},"end":{"line":35,"column":5}}]},"7":{"loc":{"start":{"line":30,"column":10},"end":{"line":30,"column":38}},"type":"binary-expr","locations":[{"start":{"line":30,"column":10},"end":{"line":30,"column":22}},{"start":{"line":30,"column":26},"end":{"line":30,"column":38}}]}},"s":{"0":0,"1":0,"2":0,"3":0,"4":0,"5":0,"6":0,"7":0,"8":0,"9":0,"10":2},"f":{"0":0},"b":{"0":[0],"1":[0,0],"2":[0],"3":[0,0,0],"4":[0],"5":[0,0],"6":[0],"7":[0,0]}}
,"C:\\Users\\michele\\Documents\\GROWDEV\\02 - Intermediário\\4 - BANCO DE DADOS II\\Final de modulo - Banco de dados II\\src\\middlewares\\usuario\\create-usuario.middlewares.ts": {"path":"C:\\Users\\michele\\Documents\\GROWDEV\\02 - Intermediário\\4 - BANCO DE DADOS II\\Final de modulo - Banco de dados II\\src\\middlewares\\usuario\\create-usuario.middlewares.ts","statementMap":{"0":{"start":{"line":11,"column":45},"end":{"line":11,"column":53}},"1":{"start":{"line":14,"column":4},"end":{"line":20,"column":5}},"2":{"start":{"line":15,"column":6},"end":{"line":18,"column":9}},"3":{"start":{"line":19,"column":6},"end":{"line":19,"column":13}},"4":{"start":{"line":22,"column":4},"end":{"line":28,"column":5}},"5":{"start":{"line":23,"column":6},"end":{"line":26,"column":9}},"6":{"start":{"line":27,"column":6},"end":{"line":27,"column":13}},"7":{"start":{"line":30,"column":4},"end":{"line":36,"column":5}},"8":{"start":{"line":31,"column":6},"end":{"line":34,"column":9}},"9":{"start":{"line":35,"column":6},"end":{"line":35,"column":13}},"10":{"start":{"line":38,"column":4},"end":{"line":44,"column":5}},"11":{"start":{"line":39,"column":6},"end":{"line":42,"column":9}},"12":{"start":{"line":43,"column":6},"end":{"line":43,"column":13}},"13":{"start":{"line":45,"column":4},"end":{"line":45,"column":11}},"14":{"start":{"line":49,"column":45},"end":{"line":49,"column":53}},"15":{"start":{"line":52,"column":4},"end":{"line":57,"column":5}},"16":{"start":{"line":53,"column":6},"end":{"line":56,"column":9}},"17":{"start":{"line":59,"column":4},"end":{"line":64,"column":5}},"18":{"start":{"line":60,"column":6},"end":{"line":63,"column":9}},"19":{"start":{"line":66,"column":4},"end":{"line":71,"column":5}},"20":{"start":{"line":67,"column":6},"end":{"line":70,"column":9}},"21":{"start":{"line":73,"column":4},"end":{"line":78,"column":5}},"22":{"start":{"line":74,"column":6},"end":{"line":77,"column":9}},"23":{"start":{"line":80,"column":4},"end":{"line":80,"column":11}},"24":{"start":{"line":84,"column":45},"end":{"line":84,"column":53}},"25":{"start":{"line":87,"column":4},"end":{"line":92,"column":5}},"26":{"start":{"line":88,"column":6},"end":{"line":91,"column":9}},"27":{"start":{"line":94,"column":4},"end":{"line":99,"column":5}},"28":{"start":{"line":95,"column":6},"end":{"line":98,"column":9}},"29":{"start":{"line":101,"column":4},"end":{"line":101,"column":11}},"30":{"start":{"line":5,"column":0},"end":{"line":5,"column":13}}},"fnMap":{"0":{"name":"(anonymous_0)","decl":{"start":{"line":6,"column":9},"end":{"line":6,"column":15}},"loc":{"start":{"line":9,"column":22},"end":{"line":46,"column":3}}},"1":{"name":"(anonymous_1)","decl":{"start":{"line":48,"column":9},"end":{"line":48,"column":15}},"loc":{"start":{"line":48,"column":77},"end":{"line":81,"column":3}}},"2":{"name":"(anonymous_2)","decl":{"start":{"line":83,"column":9},"end":{"line":83,"column":15}},"loc":{"start":{"line":83,"column":76},"end":{"line":102,"column":3}}}},"branchMap":{"0":{"loc":{"start":{"line":14,"column":4},"end":{"line":20,"column":5}},"type":"if","locations":[{"start":{"line":14,"column":4},"end":{"line":20,"column":5}}]},"1":{"loc":{"start":{"line":22,"column":4},"end":{"line":28,"column":5}},"type":"if","locations":[{"start":{"line":22,"column":4},"end":{"line":28,"column":5}}]},"2":{"loc":{"start":{"line":30,"column":4},"end":{"line":36,"column":5}},"type":"if","locations":[{"start":{"line":30,"column":4},"end":{"line":36,"column":5}}]},"3":{"loc":{"start":{"line":38,"column":4},"end":{"line":44,"column":5}},"type":"if","locations":[{"start":{"line":38,"column":4},"end":{"line":44,"column":5}}]},"4":{"loc":{"start":{"line":52,"column":4},"end":{"line":57,"column":5}},"type":"if","locations":[{"start":{"line":52,"column":4},"end":{"line":57,"column":5}}]},"5":{"loc":{"start":{"line":59,"column":4},"end":{"line":64,"column":5}},"type":"if","locations":[{"start":{"line":59,"column":4},"end":{"line":64,"column":5}}]},"6":{"loc":{"start":{"line":66,"column":4},"end":{"line":71,"column":5}},"type":"if","locations":[{"start":{"line":66,"column":4},"end":{"line":71,"column":5}}]},"7":{"loc":{"start":{"line":73,"column":4},"end":{"line":78,"column":5}},"type":"if","locations":[{"start":{"line":73,"column":4},"end":{"line":78,"column":5}}]},"8":{"loc":{"start":{"line":87,"column":4},"end":{"line":92,"column":5}},"type":"if","locations":[{"start":{"line":87,"column":4},"end":{"line":92,"column":5}}]},"9":{"loc":{"start":{"line":87,"column":8},"end":{"line":87,"column":55}},"type":"binary-expr","locations":[{"start":{"line":87,"column":8},"end":{"line":87,"column":28}},{"start":{"line":87,"column":32},"end":{"line":87,"column":55}}]},"10":{"loc":{"start":{"line":94,"column":4},"end":{"line":99,"column":5}},"type":"if","locations":[{"start":{"line":94,"column":4},"end":{"line":99,"column":5}}]}},"s":{"0":0,"1":0,"2":0,"3":0,"4":0,"5":0,"6":0,"7":0,"8":0,"9":0,"10":0,"11":0,"12":0,"13":0,"14":0,"15":0,"16":0,"17":0,"18":0,"19":0,"20":0,"21":0,"22":0,"23":0,"24":0,"25":0,"26":0,"27":0,"28":0,"29":0,"30":2},"f":{"0":0,"1":0,"2":0},"b":{"0":[0],"1":[0],"2":[0],"3":[0],"4":[0],"5":[0],"6":[0],"7":[0],"8":[0],"9":[0,0],"10":[0]}}
,"C:\\Users\\michele\\Documents\\GROWDEV\\02 - Intermediário\\4 - BANCO DE DADOS II\\Final de modulo - Banco de dados II\\src\\middlewares\\usuario\\find-all-usuario.middlewares.ts": {"path":"C:\\Users\\michele\\Documents\\GROWDEV\\02 - Intermediário\\4 - BANCO DE DADOS II\\Final de modulo - Banco de dados II\\src\\middlewares\\usuario\\find-all-usuario.middlewares.ts","statementMap":{"0":{"start":{"line":5,"column":35},"end":{"line":5,"column":44}},"1":{"start":{"line":7,"column":4},"end":{"line":12,"column":5}},"2":{"start":{"line":8,"column":6},"end":{"line":11,"column":9}},"3":{"start":{"line":14,"column":4},"end":{"line":19,"column":5}},"4":{"start":{"line":15,"column":6},"end":{"line":18,"column":9}},"5":{"start":{"line":20,"column":4},"end":{"line":20,"column":11}},"6":{"start":{"line":3,"column":0},"end":{"line":3,"column":13}}},"fnMap":{"0":{"name":"(anonymous_0)","decl":{"start":{"line":4,"column":2},"end":{"line":4,"column":8}},"loc":{"start":{"line":4,"column":70},"end":{"line":21,"column":3}}}},"branchMap":{"0":{"loc":{"start":{"line":7,"column":4},"end":{"line":12,"column":5}},"type":"if","locations":[{"start":{"line":7,"column":4},"end":{"line":12,"column":5}}]},"1":{"loc":{"start":{"line":7,"column":8},"end":{"line":7,"column":50}},"type":"binary-expr","locations":[{"start":{"line":7,"column":8},"end":{"line":7,"column":17}},{"start":{"line":7,"column":21},"end":{"line":7,"column":50}}]},"2":{"loc":{"start":{"line":14,"column":4},"end":{"line":19,"column":5}},"type":"if","locations":[{"start":{"line":14,"column":4},"end":{"line":19,"column":5}}]},"3":{"loc":{"start":{"line":14,"column":8},"end":{"line":14,"column":46}},"type":"binary-expr","locations":[{"start":{"line":14,"column":8},"end":{"line":14,"column":15}},{"start":{"line":14,"column":19},"end":{"line":14,"column":46}}]}},"s":{"0":0,"1":0,"2":0,"3":0,"4":0,"5":0,"6":2},"f":{"0":0},"b":{"0":[0],"1":[0,0],"2":[0],"3":[0,0]}}
,"C:\\Users\\michele\\Documents\\GROWDEV\\02 - Intermediário\\4 - BANCO DE DADOS II\\Final de modulo - Banco de dados II\\src\\middlewares\\usuario\\update-usuario.middlewares.ts": {"path":"C:\\Users\\michele\\Documents\\GROWDEV\\02 - Intermediário\\4 - BANCO DE DADOS II\\Final de modulo - Banco de dados II\\src\\middlewares\\usuario\\update-usuario.middlewares.ts","statementMap":{"0":{"start":{"line":5,"column":31},"end":{"line":5,"column":39}},"1":{"start":{"line":8,"column":4},"end":{"line":13,"column":5}},"2":{"start":{"line":9,"column":6},"end":{"line":12,"column":9}},"3":{"start":{"line":15,"column":4},"end":{"line":20,"column":5}},"4":{"start":{"line":16,"column":6},"end":{"line":19,"column":9}},"5":{"start":{"line":22,"column":4},"end":{"line":22,"column":11}},"6":{"start":{"line":26,"column":31},"end":{"line":26,"column":39}},"7":{"start":{"line":28,"column":4},"end":{"line":33,"column":5}},"8":{"start":{"line":29,"column":6},"end":{"line":32,"column":9}},"9":{"start":{"line":35,"column":4},"end":{"line":40,"column":5}},"10":{"start":{"line":36,"column":6},"end":{"line":39,"column":9}},"11":{"start":{"line":41,"column":4},"end":{"line":41,"column":11}},"12":{"start":{"line":3,"column":0},"end":{"line":3,"column":13}}},"fnMap":{"0":{"name":"(anonymous_0)","decl":{"start":{"line":4,"column":9},"end":{"line":4,"column":15}},"loc":{"start":{"line":4,"column":77},"end":{"line":23,"column":3}}},"1":{"name":"(anonymous_1)","decl":{"start":{"line":25,"column":9},"end":{"line":25,"column":15}},"loc":{"start":{"line":25,"column":76},"end":{"line":42,"column":3}}}},"branchMap":{"0":{"loc":{"start":{"line":8,"column":4},"end":{"line":13,"column":5}},"type":"if","locations":[{"start":{"line":8,"column":4},"end":{"line":13,"column":5}}]},"1":{"loc":{"start":{"line":8,"column":8},"end":{"line":8,"column":40}},"type":"binary-expr","locations":[{"start":{"line":8,"column":8},"end":{"line":8,"column":12}},{"start":{"line":8,"column":16},"end":{"line":8,"column":40}}]},"2":{"loc":{"start":{"line":15,"column":4},"end":{"line":20,"column":5}},"type":"if","locations":[{"start":{"line":15,"column":4},"end":{"line":20,"column":5}}]},"3":{"loc":{"start":{"line":15,"column":8},"end":{"line":15,"column":48}},"type":"binary-expr","locations":[{"start":{"line":15,"column":8},"end":{"line":15,"column":16}},{"start":{"line":15,"column":20},"end":{"line":15,"column":48}}]},"4":{"loc":{"start":{"line":28,"column":4},"end":{"line":33,"column":5}},"type":"if","locations":[{"start":{"line":28,"column":4},"end":{"line":33,"column":5}}]},"5":{"loc":{"start":{"line":28,"column":8},"end":{"line":28,"column":31}},"type":"binary-expr","locations":[{"start":{"line":28,"column":8},"end":{"line":28,"column":12}},{"start":{"line":28,"column":16},"end":{"line":28,"column":31}}]},"6":{"loc":{"start":{"line":35,"column":4},"end":{"line":40,"column":5}},"type":"if","locations":[{"start":{"line":35,"column":4},"end":{"line":40,"column":5}}]},"7":{"loc":{"start":{"line":35,"column":8},"end":{"line":35,"column":39}},"type":"binary-expr","locations":[{"start":{"line":35,"column":8},"end":{"line":35,"column":16}},{"start":{"line":35,"column":20},"end":{"line":35,"column":39}}]}},"s":{"0":0,"1":0,"2":0,"3":0,"4":0,"5":0,"6":0,"7":0,"8":0,"9":0,"10":0,"11":0,"12":2},"f":{"0":0,"1":0},"b":{"0":[0],"1":[0,0],"2":[0],"3":[0,0],"4":[0],"5":[0,0],"6":[0],"7":[0,0]}}
,"C:\\Users\\michele\\Documents\\GROWDEV\\02 - Intermediário\\4 - BANCO DE DADOS II\\Final de modulo - Banco de dados II\\src\\routes\\auth.routes.ts": {"path":"C:\\Users\\michele\\Documents\\GROWDEV\\02 - Intermediário\\4 - BANCO DE DADOS II\\Final de modulo - Banco de dados II\\src\\routes\\auth.routes.ts","statementMap":{"0":{"start":{"line":1,"column":0},"end":{"line":1,"column":33}},"1":{"start":{"line":3,"column":0},"end":{"line":3,"column":64}},"2":{"start":{"line":4,"column":0},"end":{"line":4,"column":72}},"3":{"start":{"line":8,"column":19},"end":{"line":8,"column":27}},"4":{"start":{"line":10,"column":4},"end":{"line":10,"column":115}},"5":{"start":{"line":11,"column":4},"end":{"line":11,"column":18}},"6":{"start":{"line":6,"column":0},"end":{"line":6,"column":13}}},"fnMap":{"0":{"name":"(anonymous_0)","decl":{"start":{"line":7,"column":9},"end":{"line":7,"column":15}},"loc":{"start":{"line":7,"column":23},"end":{"line":12,"column":3}}}},"branchMap":{},"s":{"0":2,"1":2,"2":2,"3":2,"4":2,"5":2,"6":2},"f":{"0":2},"b":{}}
,"C:\\Users\\michele\\Documents\\GROWDEV\\02 - Intermediário\\4 - BANCO DE DADOS II\\Final de modulo - Banco de dados II\\src\\routes\\follow.routes.ts": {"path":"C:\\Users\\michele\\Documents\\GROWDEV\\02 - Intermediário\\4 - BANCO DE DADOS II\\Final de modulo - Banco de dados II\\src\\routes\\follow.routes.ts","statementMap":{"0":{"start":{"line":1,"column":0},"end":{"line":1,"column":33}},"1":{"start":{"line":2,"column":0},"end":{"line":2,"column":89}},"2":{"start":{"line":3,"column":0},"end":{"line":3,"column":68}},"3":{"start":{"line":4,"column":0},"end":{"line":4,"column":70}},"4":{"start":{"line":12,"column":19},"end":{"line":12,"column":27}},"5":{"start":{"line":15,"column":4},"end":{"line":19,"column":6}},"6":{"start":{"line":22,"column":4},"end":{"line":26,"column":6}},"7":{"start":{"line":29,"column":4},"end":{"line":33,"column":6}},"8":{"start":{"line":35,"column":4},"end":{"line":35,"column":18}},"9":{"start":{"line":10,"column":0},"end":{"line":10,"column":13}}},"fnMap":{"0":{"name":"(anonymous_0)","decl":{"start":{"line":11,"column":9},"end":{"line":11,"column":15}},"loc":{"start":{"line":11,"column":23},"end":{"line":36,"column":3}}}},"branchMap":{},"s":{"0":2,"1":2,"2":2,"3":2,"4":2,"5":2,"6":2,"7":2,"8":2,"9":2},"f":{"0":2},"b":{}}
,"C:\\Users\\michele\\Documents\\GROWDEV\\02 - Intermediário\\4 - BANCO DE DADOS II\\Final de modulo - Banco de dados II\\src\\routes\\index.ts": {"path":"C:\\Users\\michele\\Documents\\GROWDEV\\02 - Intermediário\\4 - BANCO DE DADOS II\\Final de modulo - Banco de dados II\\src\\routes\\index.ts","statementMap":{"0":{"start":{"line":2,"column":0},"end":{"line":2,"column":43}},"1":{"start":{"line":3,"column":0},"end":{"line":3,"column":49}},"2":{"start":{"line":4,"column":0},"end":{"line":4,"column":49}},"3":{"start":{"line":5,"column":0},"end":{"line":5,"column":45}},"4":{"start":{"line":6,"column":0},"end":{"line":6,"column":43}},"5":{"start":{"line":7,"column":0},"end":{"line":7,"column":47}},"6":{"start":{"line":9,"column":26},"end":{"line":36,"column":1}},"7":{"start":{"line":12,"column":4},"end":{"line":17,"column":7}},"8":{"start":{"line":13,"column":6},"end":{"line":16,"column":9}},"9":{"start":{"line":20,"column":4},"end":{"line":20,"column":34}},"10":{"start":{"line":23,"column":4},"end":{"line":23,"column":37}},"11":{"start":{"line":26,"column":4},"end":{"line":26,"column":37}},"12":{"start":{"line":29,"column":4},"end":{"line":29,"column":35}},"13":{"start":{"line":32,"column":4},"end":{"line":32,"column":34}},"14":{"start":{"line":35,"column":4},"end":{"line":35,"column":36}},"15":{"start":{"line":9,"column":13},"end":{"line":9,"column":26}}},"fnMap":{"0":{"name":"(anonymous_0)","decl":{"start":{"line":9,"column":26},"end":{"line":9,"column":27}},"loc":{"start":{"line":9,"column":43},"end":{"line":36,"column":1}}},"1":{"name":"(anonymous_1)","decl":{"start":{"line":12,"column":17},"end":{"line":12,"column":18}},"loc":{"start":{"line":12,"column":30},"end":{"line":17,"column":5}}}},"branchMap":{},"s":{"0":2,"1":2,"2":2,"3":2,"4":2,"5":2,"6":2,"7":2,"8":0,"9":2,"10":2,"11":2,"12":2,"13":2,"14":2,"15":2},"f":{"0":2,"1":0},"b":{}}
,"C:\\Users\\michele\\Documents\\GROWDEV\\02 - Intermediário\\4 - BANCO DE DADOS II\\Final de modulo - Banco de dados II\\src\\routes\\like.routes.ts": {"path":"C:\\Users\\michele\\Documents\\GROWDEV\\02 - Intermediário\\4 - BANCO DE DADOS II\\Final de modulo - Banco de dados II\\src\\routes\\like.routes.ts","statementMap":{"0":{"start":{"line":1,"column":0},"end":{"line":1,"column":33}},"1":{"start":{"line":2,"column":0},"end":{"line":2,"column":64}},"2":{"start":{"line":3,"column":0},"end":{"line":3,"column":86}},"3":{"start":{"line":4,"column":0},"end":{"line":4,"column":83}},"4":{"start":{"line":5,"column":0},"end":{"line":5,"column":84}},"5":{"start":{"line":6,"column":0},"end":{"line":6,"column":82}},"6":{"start":{"line":7,"column":0},"end":{"line":7,"column":70}},"7":{"start":{"line":11,"column":19},"end":{"line":11,"column":27}},"8":{"start":{"line":14,"column":4},"end":{"line":21,"column":6}},"9":{"start":{"line":24,"column":4},"end":{"line":30,"column":6}},"10":{"start":{"line":33,"column":4},"end":{"line":37,"column":6}},"11":{"start":{"line":40,"column":4},"end":{"line":48,"column":6}},"12":{"start":{"line":51,"column":4},"end":{"line":57,"column":6}},"13":{"start":{"line":59,"column":4},"end":{"line":59,"column":18}},"14":{"start":{"line":9,"column":0},"end":{"line":9,"column":13}}},"fnMap":{"0":{"name":"(anonymous_0)","decl":{"start":{"line":10,"column":9},"end":{"line":10,"column":15}},"loc":{"start":{"line":10,"column":23},"end":{"line":60,"column":3}}}},"branchMap":{},"s":{"0":2,"1":2,"2":2,"3":2,"4":2,"5":2,"6":2,"7":2,"8":2,"9":2,"10":2,"11":2,"12":2,"13":2,"14":2},"f":{"0":2},"b":{}}
,"C:\\Users\\michele\\Documents\\GROWDEV\\02 - Intermediário\\4 - BANCO DE DADOS II\\Final de modulo - Banco de dados II\\src\\routes\\reply.routes.ts": {"path":"C:\\Users\\michele\\Documents\\GROWDEV\\02 - Intermediário\\4 - BANCO DE DADOS II\\Final de modulo - Banco de dados II\\src\\routes\\reply.routes.ts","statementMap":{"0":{"start":{"line":1,"column":0},"end":{"line":1,"column":33}},"1":{"start":{"line":2,"column":0},"end":{"line":2,"column":86}},"2":{"start":{"line":3,"column":0},"end":{"line":3,"column":66}},"3":{"start":{"line":5,"column":0},"end":{"line":5,"column":86}},"4":{"start":{"line":6,"column":0},"end":{"line":6,"column":70}},"5":{"start":{"line":10,"column":19},"end":{"line":10,"column":27}},"6":{"start":{"line":13,"column":4},"end":{"line":22,"column":6}},"7":{"start":{"line":25,"column":4},"end":{"line":29,"column":6}},"8":{"start":{"line":32,"column":4},"end":{"line":36,"column":6}},"9":{"start":{"line":39,"column":4},"end":{"line":43,"column":6}},"10":{"start":{"line":46,"column":4},"end":{"line":50,"column":6}},"11":{"start":{"line":51,"column":4},"end":{"line":51,"column":18}},"12":{"start":{"line":8,"column":0},"end":{"line":8,"column":13}}},"fnMap":{"0":{"name":"(anonymous_0)","decl":{"start":{"line":9,"column":9},"end":{"line":9,"column":15}},"loc":{"start":{"line":9,"column":23},"end":{"line":52,"column":3}}}},"branchMap":{},"s":{"0":2,"1":2,"2":2,"3":2,"4":2,"5":2,"6":2,"7":2,"8":2,"9":2,"10":2,"11":2,"12":2},"f":{"0":2},"b":{}}
,"C:\\Users\\michele\\Documents\\GROWDEV\\02 - Intermediário\\4 - BANCO DE DADOS II\\Final de modulo - Banco de dados II\\src\\routes\\twitter.routes.ts": {"path":"C:\\Users\\michele\\Documents\\GROWDEV\\02 - Intermediário\\4 - BANCO DE DADOS II\\Final de modulo - Banco de dados II\\src\\routes\\twitter.routes.ts","statementMap":{"0":{"start":{"line":1,"column":0},"end":{"line":1,"column":33}},"1":{"start":{"line":2,"column":0},"end":{"line":2,"column":92}},"2":{"start":{"line":3,"column":0},"end":{"line":3,"column":70}},"3":{"start":{"line":4,"column":0},"end":{"line":4,"column":70}},"4":{"start":{"line":5,"column":0},"end":{"line":5,"column":95}},"5":{"start":{"line":6,"column":0},"end":{"line":6,"column":92}},"6":{"start":{"line":11,"column":19},"end":{"line":11,"column":27}},"7":{"start":{"line":14,"column":4},"end":{"line":22,"column":6}},"8":{"start":{"line":25,"column":4},"end":{"line":32,"column":6}},"9":{"start":{"line":35,"column":4},"end":{"line":39,"column":6}},"10":{"start":{"line":42,"column":4},"end":{"line":49,"column":6}},"11":{"start":{"line":52,"column":4},"end":{"line":58,"column":6}},"12":{"start":{"line":60,"column":4},"end":{"line":60,"column":18}},"13":{"start":{"line":9,"column":0},"end":{"line":9,"column":13}}},"fnMap":{"0":{"name":"(anonymous_0)","decl":{"start":{"line":10,"column":9},"end":{"line":10,"column":15}},"loc":{"start":{"line":10,"column":23},"end":{"line":61,"column":3}}}},"branchMap":{},"s":{"0":2,"1":2,"2":2,"3":2,"4":2,"5":2,"6":2,"7":2,"8":2,"9":2,"10":2,"11":2,"12":2,"13":2},"f":{"0":2},"b":{}}
,"C:\\Users\\michele\\Documents\\GROWDEV\\02 - Intermediário\\4 - BANCO DE DADOS II\\Final de modulo - Banco de dados II\\src\\routes\\usuario.routes.ts": {"path":"C:\\Users\\michele\\Documents\\GROWDEV\\02 - Intermediário\\4 - BANCO DE DADOS II\\Final de modulo - Banco de dados II\\src\\routes\\usuario.routes.ts","statementMap":{"0":{"start":{"line":1,"column":0},"end":{"line":1,"column":33}},"1":{"start":{"line":2,"column":0},"end":{"line":2,"column":92}},"2":{"start":{"line":3,"column":0},"end":{"line":3,"column":70}},"3":{"start":{"line":4,"column":0},"end":{"line":4,"column":88}},"4":{"start":{"line":5,"column":0},"end":{"line":5,"column":92}},"5":{"start":{"line":6,"column":0},"end":{"line":6,"column":82}},"6":{"start":{"line":7,"column":0},"end":{"line":7,"column":70}},"7":{"start":{"line":11,"column":19},"end":{"line":11,"column":27}},"8":{"start":{"line":14,"column":4},"end":{"line":22,"column":6}},"9":{"start":{"line":25,"column":4},"end":{"line":29,"column":6}},"10":{"start":{"line":32,"column":4},"end":{"line":36,"column":6}},"11":{"start":{"line":39,"column":4},"end":{"line":48,"column":6}},"12":{"start":{"line":51,"column":4},"end":{"line":58,"column":6}},"13":{"start":{"line":60,"column":4},"end":{"line":60,"column":18}},"14":{"start":{"line":9,"column":0},"end":{"line":9,"column":13}}},"fnMap":{"0":{"name":"(anonymous_0)","decl":{"start":{"line":10,"column":9},"end":{"line":10,"column":15}},"loc":{"start":{"line":10,"column":23},"end":{"line":61,"column":3}}}},"branchMap":{},"s":{"0":2,"1":2,"2":2,"3":2,"4":2,"5":2,"6":2,"7":2,"8":2,"9":2,"10":2,"11":2,"12":2,"13":2,"14":2},"f":{"0":2},"b":{}}
,"C:\\Users\\michele\\Documents\\GROWDEV\\02 - Intermediário\\4 - BANCO DE DADOS II\\Final de modulo - Banco de dados II\\src\\services\\auth.service.ts": {"path":"C:\\Users\\michele\\Documents\\GROWDEV\\02 - Intermediário\\4 - BANCO DE DADOS II\\Final de modulo - Banco de dados II\\src\\services\\auth.service.ts","statementMap":{"0":{"start":{"line":2,"column":0},"end":{"line":2,"column":53}},"1":{"start":{"line":5,"column":0},"end":{"line":5,"column":41}},"2":{"start":{"line":6,"column":0},"end":{"line":6,"column":35}},"3":{"start":{"line":11,"column":4},"end":{"line":66,"column":5}},"4":{"start":{"line":12,"column":31},"end":{"line":12,"column":35}},"5":{"start":{"line":15,"column":22},"end":{"line":17,"column":8}},"6":{"start":{"line":19,"column":6},"end":{"line":25,"column":7}},"7":{"start":{"line":20,"column":8},"end":{"line":24,"column":10}},"8":{"start":{"line":28,"column":19},"end":{"line":28,"column":32}},"9":{"start":{"line":29,"column":21},"end":{"line":29,"column":33}},"10":{"start":{"line":30,"column":27},"end":{"line":30,"column":59}},"11":{"start":{"line":32,"column":6},"end":{"line":38,"column":7}},"12":{"start":{"line":33,"column":8},"end":{"line":37,"column":10}},"13":{"start":{"line":42,"column":18},"end":{"line":42,"column":27}},"14":{"start":{"line":43,"column":32},"end":{"line":47,"column":8}},"15":{"start":{"line":49,"column":20},"end":{"line":49,"column":46}},"16":{"start":{"line":54,"column":6},"end":{"line":59,"column":8}},"17":{"start":{"line":61,"column":6},"end":{"line":65,"column":8}},"18":{"start":{"line":9,"column":0},"end":{"line":9,"column":13}}},"fnMap":{"0":{"name":"(anonymous_0)","decl":{"start":{"line":10,"column":9},"end":{"line":10,"column":14}},"loc":{"start":{"line":10,"column":35},"end":{"line":67,"column":3}}}},"branchMap":{"0":{"loc":{"start":{"line":19,"column":6},"end":{"line":25,"column":7}},"type":"if","locations":[{"start":{"line":19,"column":6},"end":{"line":25,"column":7}}]},"1":{"loc":{"start":{"line":32,"column":6},"end":{"line":38,"column":7}},"type":"if","locations":[{"start":{"line":32,"column":6},"end":{"line":38,"column":7}}]}},"s":{"0":2,"1":2,"2":2,"3":0,"4":0,"5":0,"6":0,"7":0,"8":0,"9":0,"10":0,"11":0,"12":0,"13":0,"14":0,"15":0,"16":0,"17":0,"18":2},"f":{"0":0},"b":{"0":[0],"1":[0]}}
,"C:\\Users\\michele\\Documents\\GROWDEV\\02 - Intermediário\\4 - BANCO DE DADOS II\\Final de modulo - Banco de dados II\\src\\services\\follow.service.ts": {"path":"C:\\Users\\michele\\Documents\\GROWDEV\\02 - Intermediário\\4 - BANCO DE DADOS II\\Final de modulo - Banco de dados II\\src\\services\\follow.service.ts","statementMap":{"0":{"start":{"line":1,"column":0},"end":{"line":1,"column":53}},"1":{"start":{"line":10,"column":4},"end":{"line":43,"column":5}},"2":{"start":{"line":11,"column":42},"end":{"line":11,"column":54}},"3":{"start":{"line":14,"column":21},"end":{"line":16,"column":8}},"4":{"start":{"line":18,"column":6},"end":{"line":24,"column":7}},"5":{"start":{"line":19,"column":8},"end":{"line":23,"column":10}},"6":{"start":{"line":27,"column":27},"end":{"line":29,"column":8}},"7":{"start":{"line":31,"column":6},"end":{"line":36,"column":8}},"8":{"start":{"line":38,"column":6},"end":{"line":42,"column":8}},"9":{"start":{"line":47,"column":27},"end":{"line":47,"column":32}},"10":{"start":{"line":49,"column":4},"end":{"line":55,"column":5}},"11":{"start":{"line":50,"column":6},"end":{"line":54,"column":8}},"12":{"start":{"line":58,"column":22},"end":{"line":69,"column":6}},"13":{"start":{"line":71,"column":4},"end":{"line":76,"column":6}},"14":{"start":{"line":75,"column":33},"end":{"line":75,"column":43}},"15":{"start":{"line":81,"column":19},"end":{"line":85,"column":6}},"16":{"start":{"line":87,"column":4},"end":{"line":93,"column":5}},"17":{"start":{"line":88,"column":6},"end":{"line":92,"column":8}},"18":{"start":{"line":96,"column":28},"end":{"line":100,"column":6}},"19":{"start":{"line":102,"column":4},"end":{"line":107,"column":6}},"20":{"start":{"line":8,"column":0},"end":{"line":8,"column":13}}},"fnMap":{"0":{"name":"(anonymous_0)","decl":{"start":{"line":9,"column":9},"end":{"line":9,"column":14}},"loc":{"start":{"line":9,"column":51},"end":{"line":44,"column":3}}},"1":{"name":"(anonymous_1)","decl":{"start":{"line":46,"column":9},"end":{"line":46,"column":14}},"loc":{"start":{"line":46,"column":53},"end":{"line":77,"column":3}}},"2":{"name":"(anonymous_2)","decl":{"start":{"line":75,"column":26},"end":{"line":75,"column":27}},"loc":{"start":{"line":75,"column":33},"end":{"line":75,"column":43}}},"3":{"name":"(anonymous_3)","decl":{"start":{"line":79,"column":9},"end":{"line":79,"column":14}},"loc":{"start":{"line":79,"column":39},"end":{"line":108,"column":3}}}},"branchMap":{"0":{"loc":{"start":{"line":18,"column":6},"end":{"line":24,"column":7}},"type":"if","locations":[{"start":{"line":18,"column":6},"end":{"line":24,"column":7}}]},"1":{"loc":{"start":{"line":49,"column":4},"end":{"line":55,"column":5}},"type":"if","locations":[{"start":{"line":49,"column":4},"end":{"line":55,"column":5}}]},"2":{"loc":{"start":{"line":87,"column":4},"end":{"line":93,"column":5}},"type":"if","locations":[{"start":{"line":87,"column":4},"end":{"line":93,"column":5}}]}},"s":{"0":2,"1":0,"2":0,"3":0,"4":0,"5":0,"6":0,"7":0,"8":0,"9":0,"10":0,"11":0,"12":0,"13":0,"14":0,"15":0,"16":0,"17":0,"18":0,"19":0,"20":2},"f":{"0":0,"1":0,"2":0,"3":0},"b":{"0":[0],"1":[0],"2":[0]}}
,"C:\\Users\\michele\\Documents\\GROWDEV\\02 - Intermediário\\4 - BANCO DE DADOS II\\Final de modulo - Banco de dados II\\src\\services\\index.ts": {"path":"C:\\Users\\michele\\Documents\\GROWDEV\\02 - Intermediário\\4 - BANCO DE DADOS II\\Final de modulo - Banco de dados II\\src\\services\\index.ts","statementMap":{"0":{"start":{"line":1,"column":0},"end":{"line":1,"column":31}},"1":{"start":{"line":3,"column":0},"end":{"line":3,"column":34}}},"fnMap":{},"branchMap":{},"s":{"0":2,"1":2},"f":{},"b":{}}
,"C:\\Users\\michele\\Documents\\GROWDEV\\02 - Intermediário\\4 - BANCO DE DADOS II\\Final de modulo - Banco de dados II\\src\\services\\like.service.ts": {"path":"C:\\Users\\michele\\Documents\\GROWDEV\\02 - Intermediário\\4 - BANCO DE DADOS II\\Final de modulo - Banco de dados II\\src\\services\\like.service.ts","statementMap":{"0":{"start":{"line":1,"column":0},"end":{"line":1,"column":53}},"1":{"start":{"line":11,"column":35},"end":{"line":11,"column":45}},"2":{"start":{"line":14,"column":18},"end":{"line":16,"column":6}},"3":{"start":{"line":18,"column":4},"end":{"line":24,"column":5}},"4":{"start":{"line":19,"column":6},"end":{"line":23,"column":8}},"5":{"start":{"line":27,"column":17},"end":{"line":29,"column":6}},"6":{"start":{"line":31,"column":4},"end":{"line":37,"column":5}},"7":{"start":{"line":32,"column":6},"end":{"line":36,"column":8}},"8":{"start":{"line":40,"column":23},"end":{"line":45,"column":6}},"9":{"start":{"line":47,"column":4},"end":{"line":52,"column":6}},"10":{"start":{"line":56,"column":18},"end":{"line":62,"column":6}},"11":{"start":{"line":64,"column":4},"end":{"line":69,"column":6}},"12":{"start":{"line":74,"column":18},"end":{"line":77,"column":6}},"13":{"start":{"line":80,"column":4},"end":{"line":86,"column":5}},"14":{"start":{"line":81,"column":6},"end":{"line":85,"column":8}},"15":{"start":{"line":88,"column":4},"end":{"line":93,"column":6}},"16":{"start":{"line":101,"column":17},"end":{"line":103,"column":6}},"17":{"start":{"line":105,"column":4},"end":{"line":111,"column":5}},"18":{"start":{"line":106,"column":6},"end":{"line":110,"column":8}},"19":{"start":{"line":114,"column":23},"end":{"line":119,"column":6}},"20":{"start":{"line":122,"column":4},"end":{"line":127,"column":6}},"21":{"start":{"line":132,"column":17},"end":{"line":134,"column":6}},"22":{"start":{"line":136,"column":4},"end":{"line":142,"column":5}},"23":{"start":{"line":137,"column":6},"end":{"line":141,"column":8}},"24":{"start":{"line":145,"column":23},"end":{"line":147,"column":6}},"25":{"start":{"line":150,"column":4},"end":{"line":155,"column":6}},"26":{"start":{"line":9,"column":0},"end":{"line":9,"column":13}}},"fnMap":{"0":{"name":"(anonymous_0)","decl":{"start":{"line":10,"column":9},"end":{"line":10,"column":14}},"loc":{"start":{"line":10,"column":47},"end":{"line":53,"column":3}}},"1":{"name":"(anonymous_1)","decl":{"start":{"line":55,"column":9},"end":{"line":55,"column":14}},"loc":{"start":{"line":55,"column":48},"end":{"line":70,"column":3}}},"2":{"name":"(anonymous_2)","decl":{"start":{"line":72,"column":9},"end":{"line":72,"column":14}},"loc":{"start":{"line":72,"column":44},"end":{"line":94,"column":3}}},"3":{"name":"(anonymous_3)","decl":{"start":{"line":96,"column":9},"end":{"line":96,"column":14}},"loc":{"start":{"line":98,"column":29},"end":{"line":128,"column":3}}},"4":{"name":"(anonymous_4)","decl":{"start":{"line":130,"column":9},"end":{"line":130,"column":14}},"loc":{"start":{"line":130,"column":37},"end":{"line":156,"column":3}}}},"branchMap":{"0":{"loc":{"start":{"line":18,"column":4},"end":{"line":24,"column":5}},"type":"if","locations":[{"start":{"line":18,"column":4},"end":{"line":24,"column":5}}]},"1":{"loc":{"start":{"line":31,"column":4},"end":{"line":37,"column":5}},"type":"if","locations":[{"start":{"line":31,"column":4},"end":{"line":37,"column":5}}]},"2":{"loc":{"start":{"line":80,"column":4},"end":{"line":86,"column":5}},"type":"if","locations":[{"start":{"line":80,"column":4},"end":{"line":86,"column":5}}]},"3":{"loc":{"start":{"line":105,"column":4},"end":{"line":111,"column":5}},"type":"if","locations":[{"start":{"line":105,"column":4},"end":{"line":111,"column":5}}]},"4":{"loc":{"start":{"line":136,"column":4},"end":{"line":142,"column":5}},"type":"if","locations":[{"start":{"line":136,"column":4},"end":{"line":142,"column":5}}]}},"s":{"0":2,"1":0,"2":0,"3":0,"4":0,"5":0,"6":0,"7":0,"8":0,"9":0,"10":0,"11":0,"12":0,"13":0,"14":0,"15":0,"16":0,"17":0,"18":0,"19":0,"20":0,"21":0,"22":0,"23":0,"24":0,"25":0,"26":2},"f":{"0":0,"1":0,"2":0,"3":0,"4":0},"b":{"0":[0],"1":[0],"2":[0],"3":[0],"4":[0]}}
,"C:\\Users\\michele\\Documents\\GROWDEV\\02 - Intermediário\\4 - BANCO DE DADOS II\\Final de modulo - Banco de dados II\\src\\services\\reply.service.ts": {"path":"C:\\Users\\michele\\Documents\\GROWDEV\\02 - Intermediário\\4 - BANCO DE DADOS II\\Final de modulo - Banco de dados II\\src\\services\\reply.service.ts","statementMap":{"0":{"start":{"line":1,"column":0},"end":{"line":1,"column":53}},"1":{"start":{"line":7,"column":4},"end":{"line":26,"column":5}},"2":{"start":{"line":8,"column":53},"end":{"line":8,"column":64}},"3":{"start":{"line":10,"column":26},"end":{"line":12,"column":8}},"4":{"start":{"line":14,"column":6},"end":{"line":19,"column":8}},"5":{"start":{"line":21,"column":6},"end":{"line":25,"column":8}},"6":{"start":{"line":30,"column":4},"end":{"line":49,"column":5}},"7":{"start":{"line":31,"column":29},"end":{"line":31,"column":57}},"8":{"start":{"line":33,"column":22},"end":{"line":35,"column":8}},"9":{"start":{"line":37,"column":6},"end":{"line":42,"column":8}},"10":{"start":{"line":44,"column":6},"end":{"line":48,"column":8}},"11":{"start":{"line":53,"column":4},"end":{"line":80,"column":5}},"12":{"start":{"line":55,"column":20},"end":{"line":57,"column":8}},"13":{"start":{"line":60,"column":6},"end":{"line":66,"column":7}},"14":{"start":{"line":61,"column":8},"end":{"line":65,"column":10}},"15":{"start":{"line":68,"column":6},"end":{"line":73,"column":8}},"16":{"start":{"line":75,"column":6},"end":{"line":79,"column":8}},"17":{"start":{"line":88,"column":18},"end":{"line":90,"column":6}},"18":{"start":{"line":92,"column":4},"end":{"line":98,"column":5}},"19":{"start":{"line":93,"column":6},"end":{"line":97,"column":8}},"20":{"start":{"line":101,"column":24},"end":{"line":106,"column":6}},"21":{"start":{"line":109,"column":4},"end":{"line":114,"column":6}},"22":{"start":{"line":119,"column":18},"end":{"line":121,"column":6}},"23":{"start":{"line":123,"column":4},"end":{"line":129,"column":5}},"24":{"start":{"line":124,"column":6},"end":{"line":128,"column":8}},"25":{"start":{"line":132,"column":24},"end":{"line":134,"column":6}},"26":{"start":{"line":137,"column":4},"end":{"line":142,"column":6}},"27":{"start":{"line":5,"column":0},"end":{"line":5,"column":13}}},"fnMap":{"0":{"name":"(anonymous_0)","decl":{"start":{"line":6,"column":9},"end":{"line":6,"column":14}},"loc":{"start":{"line":6,"column":49},"end":{"line":27,"column":3}}},"1":{"name":"(anonymous_1)","decl":{"start":{"line":29,"column":9},"end":{"line":29,"column":14}},"loc":{"start":{"line":29,"column":40},"end":{"line":50,"column":3}}},"2":{"name":"(anonymous_2)","decl":{"start":{"line":52,"column":9},"end":{"line":52,"column":14}},"loc":{"start":{"line":52,"column":43},"end":{"line":81,"column":3}}},"3":{"name":"(anonymous_3)","decl":{"start":{"line":83,"column":9},"end":{"line":83,"column":14}},"loc":{"start":{"line":85,"column":31},"end":{"line":115,"column":3}}},"4":{"name":"(anonymous_4)","decl":{"start":{"line":117,"column":9},"end":{"line":117,"column":14}},"loc":{"start":{"line":117,"column":38},"end":{"line":143,"column":3}}}},"branchMap":{"0":{"loc":{"start":{"line":31,"column":29},"end":{"line":31,"column":57}},"type":"cond-expr","locations":[{"start":{"line":31,"column":40},"end":{"line":31,"column":52}},{"start":{"line":31,"column":55},"end":{"line":31,"column":57}}]},"1":{"loc":{"start":{"line":60,"column":6},"end":{"line":66,"column":7}},"type":"if","locations":[{"start":{"line":60,"column":6},"end":{"line":66,"column":7}}]},"2":{"loc":{"start":{"line":92,"column":4},"end":{"line":98,"column":5}},"type":"if","locations":[{"start":{"line":92,"column":4},"end":{"line":98,"column":5}}]},"3":{"loc":{"start":{"line":123,"column":4},"end":{"line":129,"column":5}},"type":"if","locations":[{"start":{"line":123,"column":4},"end":{"line":129,"column":5}}]}},"s":{"0":2,"1":0,"2":0,"3":0,"4":0,"5":0,"6":0,"7":0,"8":0,"9":0,"10":0,"11":0,"12":0,"13":0,"14":0,"15":0,"16":0,"17":0,"18":0,"19":0,"20":0,"21":0,"22":0,"23":0,"24":0,"25":0,"26":0,"27":2},"f":{"0":0,"1":0,"2":0,"3":0,"4":0},"b":{"0":[0,0],"1":[0],"2":[0],"3":[0]}}
,"C:\\Users\\michele\\Documents\\GROWDEV\\02 - Intermediário\\4 - BANCO DE DADOS II\\Final de modulo - Banco de dados II\\src\\services\\twitter.service.ts": {"path":"C:\\Users\\michele\\Documents\\GROWDEV\\02 - Intermediário\\4 - BANCO DE DADOS II\\Final de modulo - Banco de dados II\\src\\services\\twitter.service.ts","statementMap":{"0":{"start":{"line":7,"column":0},"end":{"line":7,"column":53}},"1":{"start":{"line":11,"column":54},"end":{"line":11,"column":67}},"2":{"start":{"line":14,"column":24},"end":{"line":21,"column":6}},"3":{"start":{"line":23,"column":4},"end":{"line":28,"column":6}},"4":{"start":{"line":32,"column":20},"end":{"line":47,"column":6}},"5":{"start":{"line":49,"column":4},"end":{"line":54,"column":6}},"6":{"start":{"line":59,"column":18},"end":{"line":69,"column":6}},"7":{"start":{"line":72,"column":4},"end":{"line":78,"column":5}},"8":{"start":{"line":73,"column":6},"end":{"line":77,"column":8}},"9":{"start":{"line":81,"column":4},"end":{"line":86,"column":6}},"10":{"start":{"line":94,"column":18},"end":{"line":96,"column":6}},"11":{"start":{"line":98,"column":4},"end":{"line":104,"column":5}},"12":{"start":{"line":99,"column":6},"end":{"line":103,"column":8}},"13":{"start":{"line":107,"column":26},"end":{"line":114,"column":6}},"14":{"start":{"line":117,"column":4},"end":{"line":122,"column":6}},"15":{"start":{"line":127,"column":18},"end":{"line":129,"column":6}},"16":{"start":{"line":131,"column":4},"end":{"line":137,"column":5}},"17":{"start":{"line":132,"column":6},"end":{"line":136,"column":8}},"18":{"start":{"line":140,"column":24},"end":{"line":142,"column":6}},"19":{"start":{"line":145,"column":4},"end":{"line":150,"column":6}},"20":{"start":{"line":9,"column":0},"end":{"line":9,"column":13}}},"fnMap":{"0":{"name":"(anonymous_0)","decl":{"start":{"line":10,"column":9},"end":{"line":10,"column":14}},"loc":{"start":{"line":10,"column":53},"end":{"line":29,"column":3}}},"1":{"name":"(anonymous_1)","decl":{"start":{"line":31,"column":9},"end":{"line":31,"column":14}},"loc":{"start":{"line":31,"column":51},"end":{"line":55,"column":3}}},"2":{"name":"(anonymous_2)","decl":{"start":{"line":57,"column":9},"end":{"line":57,"column":14}},"loc":{"start":{"line":57,"column":43},"end":{"line":87,"column":3}}},"3":{"name":"(anonymous_3)","decl":{"start":{"line":89,"column":9},"end":{"line":89,"column":14}},"loc":{"start":{"line":91,"column":35},"end":{"line":123,"column":3}}},"4":{"name":"(anonymous_4)","decl":{"start":{"line":125,"column":9},"end":{"line":125,"column":14}},"loc":{"start":{"line":125,"column":38},"end":{"line":151,"column":3}}}},"branchMap":{"0":{"loc":{"start":{"line":35,"column":14},"end":{"line":35,"column":37}},"type":"binary-expr","locations":[{"start":{"line":35,"column":14},"end":{"line":35,"column":24}},{"start":{"line":35,"column":28},"end":{"line":35,"column":37}}]},"1":{"loc":{"start":{"line":72,"column":4},"end":{"line":78,"column":5}},"type":"if","locations":[{"start":{"line":72,"column":4},"end":{"line":78,"column":5}}]},"2":{"loc":{"start":{"line":98,"column":4},"end":{"line":104,"column":5}},"type":"if","locations":[{"start":{"line":98,"column":4},"end":{"line":104,"column":5}}]},"3":{"loc":{"start":{"line":131,"column":4},"end":{"line":137,"column":5}},"type":"if","locations":[{"start":{"line":131,"column":4},"end":{"line":137,"column":5}}]}},"s":{"0":2,"1":0,"2":0,"3":0,"4":0,"5":0,"6":0,"7":0,"8":0,"9":0,"10":0,"11":0,"12":0,"13":0,"14":0,"15":0,"16":0,"17":0,"18":0,"19":0,"20":2},"f":{"0":0,"1":0,"2":0,"3":0,"4":0},"b":{"0":[0,0],"1":[0],"2":[0],"3":[0]}}
,"C:\\Users\\michele\\Documents\\GROWDEV\\02 - Intermediário\\4 - BANCO DE DADOS II\\Final de modulo - Banco de dados II\\src\\services\\usuario.service.ts": {"path":"C:\\Users\\michele\\Documents\\GROWDEV\\02 - Intermediário\\4 - BANCO DE DADOS II\\Final de modulo - Banco de dados II\\src\\services\\usuario.service.ts","statementMap":{"0":{"start":{"line":1,"column":0},"end":{"line":1,"column":53}},"1":{"start":{"line":4,"column":0},"end":{"line":4,"column":41}},"2":{"start":{"line":8,"column":45},"end":{"line":8,"column":58}},"3":{"start":{"line":11,"column":20},"end":{"line":13,"column":6}},"4":{"start":{"line":15,"column":4},"end":{"line":21,"column":5}},"5":{"start":{"line":16,"column":6},"end":{"line":20,"column":8}},"6":{"start":{"line":24,"column":19},"end":{"line":24,"column":31}},"7":{"start":{"line":25,"column":22},"end":{"line":25,"column":54}},"8":{"start":{"line":28,"column":26},"end":{"line":35,"column":6}},"9":{"start":{"line":37,"column":4},"end":{"line":42,"column":6}},"10":{"start":{"line":46,"column":21},"end":{"line":52,"column":6}},"11":{"start":{"line":54,"column":4},"end":{"line":59,"column":6}},"12":{"start":{"line":67,"column":20},"end":{"line":70,"column":6}},"13":{"start":{"line":73,"column":4},"end":{"line":79,"column":5}},"14":{"start":{"line":74,"column":6},"end":{"line":78,"column":8}},"15":{"start":{"line":82,"column":19},"end":{"line":84,"column":6}},"16":{"start":{"line":83,"column":6},"end":{"line":83,"column":71}},"17":{"start":{"line":87,"column":4},"end":{"line":92,"column":6}},"18":{"start":{"line":100,"column":20},"end":{"line":102,"column":6}},"19":{"start":{"line":104,"column":4},"end":{"line":110,"column":5}},"20":{"start":{"line":105,"column":6},"end":{"line":109,"column":8}},"21":{"start":{"line":113,"column":26},"end":{"line":116,"column":6}},"22":{"start":{"line":119,"column":4},"end":{"line":124,"column":6}},"23":{"start":{"line":129,"column":20},"end":{"line":131,"column":6}},"24":{"start":{"line":133,"column":4},"end":{"line":139,"column":5}},"25":{"start":{"line":134,"column":6},"end":{"line":138,"column":8}},"26":{"start":{"line":141,"column":4},"end":{"line":143,"column":7}},"27":{"start":{"line":146,"column":26},"end":{"line":148,"column":6}},"28":{"start":{"line":151,"column":4},"end":{"line":156,"column":6}},"29":{"start":{"line":6,"column":0},"end":{"line":6,"column":13}}},"fnMap":{"0":{"name":"(anonymous_0)","decl":{"start":{"line":7,"column":9},"end":{"line":7,"column":14}},"loc":{"start":{"line":7,"column":53},"end":{"line":43,"column":3}}},"1":{"name":"(anonymous_1)","decl":{"start":{"line":45,"column":9},"end":{"line":45,"column":14}},"loc":{"start":{"line":45,"column":45},"end":{"line":60,"column":3}}},"2":{"name":"(anonymous_2)","decl":{"start":{"line":62,"column":9},"end":{"line":62,"column":14}},"loc":{"start":{"line":64,"column":27},"end":{"line":93,"column":3}}},"3":{"name":"(anonymous_3)","decl":{"start":{"line":82,"column":42},"end":{"line":82,"column":43}},"loc":{"start":{"line":82,"column":48},"end":{"line":84,"column":5}}},"4":{"name":"(anonymous_4)","decl":{"start":{"line":95,"column":9},"end":{"line":95,"column":14}},"loc":{"start":{"line":97,"column":35},"end":{"line":125,"column":3}}},"5":{"name":"(anonymous_5)","decl":{"start":{"line":127,"column":9},"end":{"line":127,"column":14}},"loc":{"start":{"line":127,"column":40},"end":{"line":157,"column":3}}}},"branchMap":{"0":{"loc":{"start":{"line":15,"column":4},"end":{"line":21,"column":5}},"type":"if","locations":[{"start":{"line":15,"column":4},"end":{"line":21,"column":5}}]},"1":{"loc":{"start":{"line":15,"column":8},"end":{"line":15,"column":42}},"type":"binary-expr","locations":[{"start":{"line":15,"column":8},"end":{"line":15,"column":15}},{"start":{"line":15,"column":19},"end":{"line":15,"column":42}}]},"2":{"loc":{"start":{"line":73,"column":4},"end":{"line":79,"column":5}},"type":"if","locations":[{"start":{"line":73,"column":4},"end":{"line":79,"column":5}}]},"3":{"loc":{"start":{"line":83,"column":6},"end":{"line":83,"column":70}},"type":"binary-expr","locations":[{"start":{"line":83,"column":6},"end":{"line":83,"column":38}},{"start":{"line":83,"column":42},"end":{"line":83,"column":70}}]},"4":{"loc":{"start":{"line":104,"column":4},"end":{"line":110,"column":5}},"type":"if","locations":[{"start":{"line":104,"column":4},"end":{"line":110,"column":5}}]},"5":{"loc":{"start":{"line":133,"column":4},"end":{"line":139,"column":5}},"type":"if","locations":[{"start":{"line":133,"column":4},"end":{"line":139,"column":5}}]}},"s":{"0":3,"1":3,"2":0,"3":0,"4":0,"5":0,"6":0,"7":0,"8":0,"9":0,"10":2,"11":2,"12":0,"13":0,"14":0,"15":0,"16":0,"17":0,"18":0,"19":0,"20":0,"21":0,"22":0,"23":0,"24":0,"25":0,"26":0,"27":0,"28":0,"29":3},"f":{"0":0,"1":2,"2":0,"3":0,"4":0,"5":0},"b":{"0":[0],"1":[0,0],"2":[0],"3":[0,0],"4":[0],"5":[0]}}
,"C:\\Users\\michele\\Documents\\GROWDEV\\02 - Intermediário\\4 - BANCO DE DADOS II\\Final de modulo - Banco de dados II\\src\\utils\\bcrypt.ts": {"path":"C:\\Users\\michele\\Documents\\GROWDEV\\02 - Intermediário\\4 - BANCO DE DADOS II\\Final de modulo - Banco de dados II\\src\\utils\\bcrypt.ts","statementMap":{"0":{"start":{"line":1,"column":0},"end":{"line":1,"column":28}},"1":{"start":{"line":6,"column":17},"end":{"line":6,"column":74}},"2":{"start":{"line":7,"column":4},"end":{"line":7,"column":16}},"3":{"start":{"line":12,"column":20},"end":{"line":12,"column":53}},"4":{"start":{"line":13,"column":4},"end":{"line":13,"column":19}},"5":{"start":{"line":3,"column":0},"end":{"line":3,"column":13}}},"fnMap":{"0":{"name":"(anonymous_1)","decl":{"start":{"line":5,"column":9},"end":{"line":5,"column":14}},"loc":{"start":{"line":5,"column":41},"end":{"line":8,"column":3}}},"1":{"name":"(anonymous_2)","decl":{"start":{"line":11,"column":9},"end":{"line":11,"column":14}},"loc":{"start":{"line":11,"column":49},"end":{"line":14,"column":3}}}},"branchMap":{},"s":{"0":3,"1":0,"2":0,"3":0,"4":0,"5":3},"f":{"0":0,"1":0},"b":{}}
,"C:\\Users\\michele\\Documents\\GROWDEV\\02 - Intermediário\\4 - BANCO DE DADOS II\\Final de modulo - Banco de dados II\\src\\utils\\jwt.ts": {"path":"C:\\Users\\michele\\Documents\\GROWDEV\\02 - Intermediário\\4 - BANCO DE DADOS II\\Final de modulo - Banco de dados II\\src\\utils\\jwt.ts","statementMap":{"0":{"start":{"line":1,"column":0},"end":{"line":1,"column":31}},"1":{"start":{"line":7,"column":4},"end":{"line":9,"column":5}},"2":{"start":{"line":8,"column":6},"end":{"line":8,"column":47}},"3":{"start":{"line":11,"column":37},"end":{"line":17,"column":6}},"4":{"start":{"line":20,"column":18},"end":{"line":20,"column":65}},"5":{"start":{"line":21,"column":4},"end":{"line":21,"column":17}},"6":{"start":{"line":26,"column":4},"end":{"line":35,"column":5}},"7":{"start":{"line":27,"column":6},"end":{"line":29,"column":7}},"8":{"start":{"line":28,"column":8},"end":{"line":28,"column":49}},"9":{"start":{"line":31,"column":19},"end":{"line":31,"column":72}},"10":{"start":{"line":32,"column":6},"end":{"line":32,"column":18}},"11":{"start":{"line":34,"column":6},"end":{"line":34,"column":18}},"12":{"start":{"line":4,"column":0},"end":{"line":4,"column":13}}},"fnMap":{"0":{"name":"(anonymous_1)","decl":{"start":{"line":6,"column":9},"end":{"line":6,"column":22}},"loc":{"start":{"line":6,"column":37},"end":{"line":22,"column":3}}},"1":{"name":"(anonymous_2)","decl":{"start":{"line":25,"column":9},"end":{"line":25,"column":20}},"loc":{"start":{"line":25,"column":34},"end":{"line":36,"column":3}}}},"branchMap":{"0":{"loc":{"start":{"line":7,"column":4},"end":{"line":9,"column":5}},"type":"if","locations":[{"start":{"line":7,"column":4},"end":{"line":9,"column":5}}]},"1":{"loc":{"start":{"line":14,"column":17},"end":{"line":16,"column":19}},"type":"cond-expr","locations":[{"start":{"line":15,"column":10},"end":{"line":15,"column":44}},{"start":{"line":16,"column":10},"end":{"line":16,"column":19}}]},"2":{"loc":{"start":{"line":27,"column":6},"end":{"line":29,"column":7}},"type":"if","locations":[{"start":{"line":27,"column":6},"end":{"line":29,"column":7}}]}},"s":{"0":2,"1":1,"2":0,"3":1,"4":1,"5":1,"6":2,"7":2,"8":0,"9":2,"10":1,"11":1,"12":2},"f":{"0":1,"1":2},"b":{"0":[0],"1":[1,0],"2":[0]}}
}
