TN:
SF:src\express.server.ts
FN:5,(anonymous_1)
FNF:1
FNH:1
FNDA:25,(anonymous_1)
DA:1,24
DA:2,24
DA:3,24
DA:5,24
DA:7,25
DA:8,25
DA:9,25
DA:12,25
DA:15,25
LF:9
LH:9
BRF:0
BRH:0
end_of_record
TN:
SF:src\controllers\auth.controller.ts
FN:5,(anonymous_0)
FNF:1
FNH:1
FNDA:3,(anonymous_0)
DA:2,24
DA:4,24
DA:6,3
DA:7,3
DA:10,3
DA:11,3
DA:14,2
DA:15,2
DA:17,1
LF:9
LH:9
BRF:0
BRH:0
end_of_record
TN:
SF:src\controllers\follow.controller.ts
FN:8,(anonymous_0)
FN:31,(anonymous_1)
FN:59,(anonymous_2)
FNF:3
FNH:3
FNDA:4,(anonymous_0)
FNDA:2,(anonymous_1)
FNDA:2,(anonymous_2)
DA:3,24
DA:7,24
DA:9,4
DA:11,4
DA:14,4
DA:17,4
DA:18,4
DA:21,3
DA:23,1
DA:35,2
DA:36,2
DA:38,2
DA:39,0
DA:43,0
DA:46,2
DA:47,2
DA:49,1
DA:50,1
DA:52,1
DA:60,2
DA:62,2
DA:64,2
DA:65,0
DA:69,0
DA:73,2
DA:74,2
DA:77,1
DA:78,1
DA:80,1
LF:29
LH:25
BRDA:38,0,0,0
BRDA:64,1,0,0
BRF:2
BRH:0
end_of_record
TN:
SF:src\controllers\like.controller.ts
FN:6,(anonymous_0)
FN:40,(anonymous_1)
FN:64,(anonymous_2)
FN:84,(anonymous_3)
FN:105,(anonymous_4)
FNF:5
FNH:5
FNDA:2,(anonymous_0)
FNDA:3,(anonymous_1)
FNDA:3,(anonymous_2)
FNDA:3,(anonymous_3)
FNDA:3,(anonymous_4)
DA:2,24
DA:5,24
DA:7,2
DA:8,2
DA:11,2
DA:12,0
DA:16,0
DA:20,2
DA:26,2
DA:27,2
DA:30,1
DA:31,1
DA:33,1
DA:41,3
DA:43,3
DA:46,3
DA:48,3
DA:54,2
DA:55,2
DA:57,1
DA:65,3
DA:67,3
DA:70,3
DA:71,3
DA:74,2
DA:75,2
DA:77,1
DA:85,3
DA:87,3
DA:88,3
DA:91,3
DA:92,3
DA:95,3
DA:96,3
DA:98,0
DA:106,3
DA:108,3
DA:111,3
DA:112,3
DA:115,2
DA:116,2
DA:118,1
LF:42
LH:39
BRDA:11,0,0,0
BRDA:11,1,0,2
BRDA:11,1,1,2
BRF:3
BRH:2
end_of_record
TN:
SF:src\controllers\reply.controller.ts
FN:6,(anonymous_0)
FN:25,(anonymous_1)
FN:45,(anonymous_2)
FN:74,(anonymous_3)
FN:92,(anonymous_4)
FNF:5
FNH:5
FNDA:1,(anonymous_0)
FNDA:2,(anonymous_1)
FNDA:4,(anonymous_2)
FNDA:4,(anonymous_3)
FNDA:3,(anonymous_4)
DA:3,24
DA:5,24
DA:7,1
DA:10,1
DA:17,1
DA:18,1
DA:21,1
DA:22,1
DA:26,2
DA:28,2
DA:31,2
DA:32,2
DA:35,1
DA:36,1
DA:38,1
DA:46,4
DA:48,4
DA:51,4
DA:52,0
DA:56,0
DA:60,4
DA:61,4
DA:64,2
DA:65,2
DA:67,2
DA:75,4
DA:76,4
DA:77,4
DA:79,4
DA:80,4
DA:82,3
DA:83,3
DA:85,1
DA:93,3
DA:95,3
DA:98,3
DA:99,3
DA:102,2
DA:103,2
DA:105,1
LF:40
LH:38
BRDA:51,0,0,0
BRF:1
BRH:0
end_of_record
TN:
SF:src\controllers\twitter.controller.ts
FN:7,(anonymous_0)
FN:26,(anonymous_1)
FN:51,(anonymous_2)
FN:71,(anonymous_3)
FN:96,(anonymous_4)
FNF:5
FNH:5
FNDA:2,(anonymous_0)
FNDA:2,(anonymous_1)
FNDA:3,(anonymous_2)
FNDA:1,(anonymous_3)
FNDA:3,(anonymous_4)
DA:3,24
DA:6,24
DA:8,2
DA:11,2
DA:18,2
DA:19,2
DA:22,2
DA:23,2
DA:27,2
DA:29,2
DA:32,2
DA:33,2
DA:41,2
DA:42,2
DA:44,0
DA:52,3
DA:54,3
DA:57,3
DA:58,3
DA:61,3
DA:62,3
DA:64,0
DA:72,1
DA:74,1
DA:75,1
DA:78,1
DA:79,1
DA:86,1
DA:87,1
DA:89,0
DA:97,3
DA:99,3
DA:102,3
DA:103,3
DA:106,2
DA:107,2
DA:109,1
LF:37
LH:34
BRF:0
BRH:0
end_of_record
TN:
SF:src\controllers\usuario.controller.ts
FN:8,(anonymous_0)
FN:36,(anonymous_1)
FN:60,(anonymous_2)
FN:82,(anonymous_3)
FN:104,(anonymous_4)
FNF:5
FNH:5
FNDA:1,(anonymous_0)
FNDA:1,(anonymous_1)
FNDA:1,(anonymous_2)
FNDA:1,(anonymous_3)
FNDA:2,(anonymous_4)
DA:4,24
DA:7,24
DA:9,1
DA:11,1
DA:14,1
DA:22,1
DA:23,1
DA:26,1
DA:27,1
DA:29,0
DA:37,1
DA:39,1
DA:42,1
DA:43,1
DA:50,1
DA:51,1
DA:53,0
DA:61,1
DA:63,1
DA:64,1
DA:68,1
DA:69,1
DA:72,1
DA:73,1
DA:75,0
DA:83,1
DA:85,1
DA:87,1
DA:90,1
DA:91,1
DA:94,1
DA:95,1
DA:97,0
DA:105,2
DA:107,2
DA:110,2
DA:111,2
DA:114,2
DA:115,2
DA:117,0
LF:40
LH:35
BRF:0
BRH:0
end_of_record
TN:
SF:src\middlewares\validate-uuid.middlewares.ts
FN:4,(anonymous_0)
FNF:1
FNH:1
FNDA:11,(anonymous_0)
DA:3,24
DA:5,11
DA:7,11
DA:8,0
DA:12,0
DA:18,11
DA:20,11
DA:21,3
DA:25,3
DA:27,8
LF:10
LH:8
BRDA:7,0,0,0
BRDA:20,1,0,3
BRF:2
BRH:1
end_of_record
TN:
SF:src\middlewares\auth\auth-middlewares.ts
FN:5,(anonymous_0)
FNF:1
FNH:1
FNDA:110,(anonymous_0)
DA:2,24
DA:4,24
DA:11,110
DA:13,110
DA:14,18
DA:18,18
DA:22,92
DA:24,92
DA:25,0
DA:29,0
DA:32,92
DA:34,92
DA:36,92
DA:37,17
DA:41,17
DA:44,75
DA:51,75
LF:17
LH:15
BRDA:13,0,0,18
BRDA:24,1,0,0
BRDA:24,2,0,92
BRDA:24,2,1,92
BRDA:36,3,0,17
BRF:5
BRH:4
end_of_record
TN:
SF:src\middlewares\auth\login-middlewares.ts
FN:4,(anonymous_0)
FN:29,(anonymous_1)
FNF:2
FNH:2
FNDA:7,(anonymous_0)
FNDA:5,(anonymous_1)
DA:3,24
DA:9,7
DA:11,7
DA:12,1
DA:16,1
DA:19,6
DA:20,1
DA:24,1
DA:26,5
DA:30,5
DA:32,5
DA:33,1
DA:37,1
DA:40,4
DA:41,1
DA:45,1
DA:47,3
LF:17
LH:17
BRDA:11,0,0,1
BRDA:19,1,0,1
BRDA:32,2,0,1
BRDA:40,3,0,1
BRF:4
BRH:4
end_of_record
TN:
SF:src\middlewares\follow\create-follow-middlewares.ts
FN:4,(anonymous_0)
FNF:1
FNH:1
FNDA:5,(anonymous_0)
DA:3,24
DA:9,5
DA:11,5
DA:12,0
DA:17,0
DA:20,5
DA:21,1
DA:26,1
DA:29,4
LF:9
LH:7
BRDA:11,0,0,0
BRDA:11,1,0,5
BRDA:11,1,1,5
BRDA:20,2,0,1
BRF:4
BRH:3
end_of_record
TN:
SF:src\middlewares\like\create-like.middlewaress.ts
FN:4,(anonymous_0)
FNF:1
FNH:1
FNDA:6,(anonymous_0)
DA:3,24
DA:5,6
DA:8,6
DA:9,2
DA:13,2
DA:16,4
DA:17,2
DA:21,2
DA:24,2
LF:9
LH:9
BRDA:8,0,0,2
BRDA:8,1,0,6
BRDA:8,1,1,5
BRDA:16,2,0,2
BRDA:16,3,0,4
BRDA:16,3,1,3
BRF:6
BRH:6
end_of_record
TN:
SF:src\middlewares\like\find-all-like.middlewares.ts
FN:4,(anonymous_0)
FNF:1
FNH:1
FNDA:3,(anonymous_0)
DA:3,24
DA:5,3
DA:7,3
DA:8,0
DA:12,0
DA:15,3
DA:16,0
DA:20,0
DA:23,3
LF:9
LH:5
BRDA:7,0,0,0
BRDA:7,1,0,3
BRDA:7,1,1,0
BRDA:15,2,0,0
BRDA:15,3,0,3
BRDA:15,3,1,0
BRF:6
BRH:2
end_of_record
TN:
SF:src\middlewares\like\update-like.middlewares.ts
FN:4,(anonymous_0)
FN:27,(anonymous_1)
FNF:2
FNH:2
FNDA:5,(anonymous_0)
FNDA:4,(anonymous_1)
DA:3,24
DA:5,5
DA:8,5
DA:9,1
DA:13,1
DA:16,4
DA:17,0
DA:21,0
DA:24,4
DA:28,4
DA:30,4
DA:31,1
DA:35,1
DA:38,3
LF:14
LH:12
BRDA:8,0,0,1
BRDA:8,1,0,5
BRDA:8,1,1,2
BRDA:16,2,0,0
BRDA:16,3,0,4
BRDA:16,3,1,3
BRDA:30,4,0,1
BRDA:30,5,0,4
BRDA:30,5,1,3
BRF:9
BRH:8
end_of_record
TN:
SF:src\middlewares\reply\create-reply-middlewares.ts
FN:4,(anonymous_0)
FN:46,(anonymous_1)
FN:76,(anonymous_2)
FNF:3
FNH:3
FNDA:4,(anonymous_0)
FNDA:3,(anonymous_1)
FNDA:2,(anonymous_2)
DA:3,24
DA:9,4
DA:12,4
DA:13,1
DA:17,1
DA:20,3
DA:21,0
DA:25,0
DA:28,3
DA:29,0
DA:33,0
DA:36,3
DA:37,0
DA:41,0
DA:43,3
DA:47,3
DA:50,3
DA:51,1
DA:55,1
DA:58,2
DA:59,0
DA:63,0
DA:66,2
DA:67,0
DA:71,0
DA:73,2
DA:77,2
DA:80,2
DA:81,1
DA:85,1
DA:89,1
DA:90,0
DA:94,0
DA:96,1
LF:34
LH:22
BRDA:12,0,0,1
BRDA:20,1,0,0
BRDA:28,2,0,0
BRDA:36,3,0,0
BRDA:50,4,0,1
BRDA:58,5,0,0
BRDA:58,6,0,2
BRDA:58,6,1,2
BRDA:66,7,0,0
BRDA:80,8,0,1
BRDA:89,9,0,0
BRF:11
BRH:5
end_of_record
TN:
SF:src\middlewares\reply\find-one-by-id-reply-midllewares.ts
FN:4,(anonymous_0)
FNF:1
FNH:1
FNDA:5,(anonymous_0)
DA:3,24
DA:5,5
DA:7,5
DA:8,1
DA:12,1
DA:15,4
LF:6
LH:6
BRDA:7,0,0,1
BRDA:7,1,0,5
BRDA:7,1,1,5
BRDA:7,1,2,5
BRF:4
BRH:4
end_of_record
TN:
SF:src\middlewares\reply\update-reply-middlewares.ts
FN:4,(anonymous_0)
FNF:1
FNH:1
FNDA:6,(anonymous_0)
DA:3,24
DA:5,6
DA:8,6
DA:9,1
DA:13,1
DA:17,5
DA:18,1
DA:22,1
DA:25,4
LF:9
LH:9
BRDA:8,0,0,1
BRDA:8,1,0,6
BRDA:8,1,1,5
BRDA:17,2,0,1
BRF:4
BRH:4
end_of_record
TN:
SF:src\middlewares\twitter\create-twitter.middlewares.ts
FN:5,(anonymous_0)
FN:31,(anonymous_1)
FNF:2
FNH:2
FNDA:5,(anonymous_0)
FNDA:3,(anonymous_1)
DA:4,24
DA:10,5
DA:13,5
DA:14,1
DA:18,1
DA:21,4
DA:22,1
DA:26,1
DA:28,3
DA:32,3
DA:35,3
DA:36,0
DA:40,0
DA:43,3
DA:44,0
DA:48,0
DA:51,3
DA:52,1
DA:56,1
DA:58,2
LF:20
LH:16
BRDA:13,0,0,1
BRDA:21,1,0,1
BRDA:35,2,0,0
BRDA:43,3,0,0
BRDA:43,4,0,3
BRDA:43,4,1,0
BRDA:51,5,0,1
BRDA:51,6,0,3
BRDA:51,6,1,1
BRF:9
BRH:6
end_of_record
TN:
SF:src\middlewares\twitter\find-all-twitter.middlewares.ts
FN:4,(anonymous_0)
FNF:1
FNH:1
FNDA:3,(anonymous_0)
DA:3,24
DA:5,3
DA:8,3
DA:9,1
DA:13,1
DA:16,2
LF:6
LH:6
BRDA:8,0,0,1
BRDA:8,1,0,3
BRDA:8,1,1,1
BRDA:8,1,2,1
BRF:4
BRH:4
end_of_record
TN:
SF:src\middlewares\twitter\update-twitter.middlewares.ts
FN:4,(anonymous_0)
FNF:1
FNH:1
FNDA:1,(anonymous_0)
DA:3,24
DA:5,1
DA:8,1
DA:9,0
DA:13,0
DA:17,1
DA:18,0
DA:22,0
DA:26,1
DA:27,0
DA:31,0
DA:34,1
LF:12
LH:6
BRDA:8,0,0,0
BRDA:8,1,0,1
BRDA:8,1,1,1
BRDA:8,1,2,1
BRDA:17,2,0,0
BRDA:17,3,0,1
BRDA:17,3,1,0
BRDA:26,4,0,0
BRDA:26,5,0,1
BRDA:26,5,1,0
BRDA:26,5,2,0
BRF:11
BRH:5
end_of_record
TN:
SF:src\middlewares\usuario\create-usuario.middlewares.ts
FN:6,(anonymous_0)
FN:48,(anonymous_1)
FN:79,(anonymous_2)
FNF:3
FNH:3
FNDA:1,(anonymous_0)
FNDA:1,(anonymous_1)
FNDA:1,(anonymous_2)
DA:5,24
DA:11,1
DA:14,1
DA:15,0
DA:19,0
DA:22,1
DA:23,0
DA:27,0
DA:30,1
DA:31,0
DA:35,0
DA:38,1
DA:39,0
DA:43,0
DA:45,1
DA:49,1
DA:52,1
DA:53,0
DA:57,0
DA:60,1
DA:61,0
DA:65,0
DA:68,1
DA:69,0
DA:73,0
DA:76,1
DA:80,1
DA:83,1
DA:84,0
DA:88,0
DA:91,1
DA:92,0
DA:96,0
DA:99,1
LF:34
LH:16
BRDA:14,0,0,0
BRDA:22,1,0,0
BRDA:30,2,0,0
BRDA:38,3,0,0
BRDA:52,4,0,0
BRDA:52,5,0,1
BRDA:52,5,1,1
BRDA:60,6,0,0
BRDA:68,7,0,0
BRDA:83,8,0,0
BRDA:83,9,0,1
BRDA:83,9,1,1
BRDA:91,10,0,0
BRF:13
BRH:4
end_of_record
TN:
SF:src\middlewares\usuario\find-all-usuario.middlewares.ts
FN:4,(anonymous_0)
FNF:1
FNH:1
FNDA:2,(anonymous_0)
DA:3,24
DA:5,2
DA:7,2
DA:8,1
DA:12,1
DA:15,1
DA:16,0
DA:20,0
DA:22,1
LF:9
LH:7
BRDA:7,0,0,1
BRDA:7,1,0,2
BRDA:7,1,1,1
BRDA:15,2,0,0
BRDA:15,3,0,1
BRDA:15,3,1,0
BRF:6
BRH:4
end_of_record
TN:
SF:src\middlewares\usuario\update-usuario.middlewares.ts
FN:4,(anonymous_0)
FN:27,(anonymous_1)
FNF:2
FNH:2
FNDA:3,(anonymous_0)
FNDA:3,(anonymous_1)
DA:3,24
DA:5,3
DA:8,3
DA:9,0
DA:13,0
DA:16,3
DA:17,0
DA:21,0
DA:24,3
DA:28,3
DA:30,3
DA:31,1
DA:35,1
DA:38,2
DA:39,1
DA:43,1
DA:46,1
LF:17
LH:13
BRDA:8,0,0,0
BRDA:8,1,0,3
BRDA:8,1,1,2
BRDA:16,2,0,0
BRDA:16,3,0,3
BRDA:16,3,1,2
BRDA:30,4,0,1
BRDA:30,5,0,3
BRDA:30,5,1,2
BRDA:38,6,0,1
BRDA:38,7,0,2
BRDA:38,7,1,2
BRF:12
BRH:10
end_of_record
TN:
SF:src\routes\auth.routes.ts
FN:7,(anonymous_0)
FNF:1
FNH:1
FNDA:25,(anonymous_0)
DA:1,24
DA:3,24
DA:4,24
DA:6,24
DA:8,25
DA:10,25
DA:11,25
LF:7
LH:7
BRF:0
BRH:0
end_of_record
TN:
SF:src\routes\follow.routes.ts
FN:11,(anonymous_0)
FNF:1
FNH:1
FNDA:25,(anonymous_0)
DA:1,24
DA:2,24
DA:3,24
DA:4,24
DA:10,24
DA:12,25
DA:15,25
DA:22,25
DA:29,25
DA:35,25
LF:10
LH:10
BRF:0
BRH:0
end_of_record
TN:
SF:src\routes\index.ts
FN:9,(anonymous_0)
FN:12,(anonymous_1)
FNF:2
FNH:1
FNDA:25,(anonymous_0)
FNDA:0,(anonymous_1)
DA:2,24
DA:3,24
DA:4,24
DA:5,24
DA:6,24
DA:7,24
DA:9,24
DA:12,25
DA:13,0
DA:20,25
DA:23,25
DA:26,25
DA:29,25
DA:32,25
DA:35,25
LF:15
LH:14
BRF:0
BRH:0
end_of_record
TN:
SF:src\routes\like.routes.ts
FN:10,(anonymous_0)
FNF:1
FNH:1
FNDA:25,(anonymous_0)
DA:1,24
DA:2,24
DA:3,24
DA:4,24
DA:5,24
DA:6,24
DA:7,24
DA:9,24
DA:11,25
DA:14,25
DA:24,25
DA:34,25
DA:41,25
DA:52,25
DA:60,25
LF:15
LH:15
BRF:0
BRH:0
end_of_record
TN:
SF:src\routes\reply.routes.ts
FN:9,(anonymous_0)
FNF:1
FNH:1
FNDA:25,(anonymous_0)
DA:1,24
DA:2,24
DA:3,24
DA:4,24
DA:5,24
DA:6,24
DA:8,24
DA:10,25
DA:13,25
DA:25,25
DA:28,25
DA:35,25
DA:42,25
DA:47,25
LF:14
LH:14
BRF:0
BRH:0
end_of_record
TN:
SF:src\routes\twitter.routes.ts
FN:9,(anonymous_0)
FNF:1
FNH:1
FNDA:25,(anonymous_0)
DA:1,24
DA:2,24
DA:3,24
DA:4,24
DA:5,24
DA:6,24
DA:8,24
DA:10,25
DA:13,25
DA:24,25
DA:34,25
DA:41,25
DA:51,25
DA:59,25
LF:14
LH:14
BRF:0
BRH:0
end_of_record
TN:
SF:src\routes\usuario.routes.ts
FN:10,(anonymous_0)
FNF:1
FNH:1
FNDA:25,(anonymous_0)
DA:1,24
DA:2,24
DA:3,24
DA:4,24
DA:5,24
DA:6,24
DA:7,24
DA:9,24
DA:11,25
DA:14,25
DA:25,25
DA:32,25
DA:39,25
DA:51,25
DA:60,25
LF:15
LH:15
BRF:0
BRH:0
end_of_record
TN:
SF:src\services\auth.service.ts
FN:10,(anonymous_0)
FNF:1
FNH:1
FNDA:4,(anonymous_0)
DA:2,25
DA:5,25
DA:6,25
DA:9,25
DA:11,4
DA:12,4
DA:15,4
DA:19,3
DA:20,1
DA:28,2
DA:29,2
DA:30,2
DA:32,2
DA:33,1
DA:42,1
DA:43,1
DA:50,1
DA:53,1
DA:60,1
LF:19
LH:19
BRDA:19,0,0,1
BRDA:32,1,0,1
BRF:2
BRH:2
end_of_record
TN:
SF:src\services\follow.service.ts
FN:9,(anonymous_0)
FN:55,(anonymous_1)
FN:85,(anonymous_2)
FN:89,(anonymous_3)
FNF:4
FNH:4
FNDA:3,(anonymous_0)
FNDA:2,(anonymous_1)
FNDA:1,(anonymous_2)
FNDA:2,(anonymous_3)
DA:1,27
DA:8,27
DA:10,3
DA:11,3
DA:14,3
DA:15,1
DA:23,2
DA:27,2
DA:28,1
DA:36,1
DA:40,1
DA:47,0
DA:56,2
DA:58,2
DA:59,1
DA:67,1
DA:81,1
DA:85,1
DA:91,2
DA:97,2
DA:98,1
DA:106,1
DA:112,1
LF:23
LH:22
BRDA:14,0,0,1
BRDA:27,1,0,1
BRDA:58,2,0,1
BRDA:97,3,0,1
BRF:4
BRH:4
end_of_record
TN:
SF:src\services\index.ts
FNF:0
FNH:0
DA:1,24
DA:3,24
LF:2
LH:2
BRF:0
BRH:0
end_of_record
TN:
SF:src\services\like.service.ts
FN:10,(anonymous_0)
FN:55,(anonymous_1)
FN:72,(anonymous_2)
FN:96,(anonymous_3)
FN:130,(anonymous_4)
FNF:5
FNH:5
FNDA:3,(anonymous_0)
FNDA:1,(anonymous_1)
FNDA:2,(anonymous_2)
FNDA:2,(anonymous_3)
FNDA:2,(anonymous_4)
DA:1,29
DA:9,29
DA:11,3
DA:14,3
DA:18,3
DA:19,1
DA:27,2
DA:31,2
DA:32,1
DA:40,1
DA:47,1
DA:56,1
DA:64,1
DA:74,2
DA:80,2
DA:81,1
DA:88,1
DA:101,2
DA:105,2
DA:106,1
DA:114,1
DA:122,1
DA:132,2
DA:136,2
DA:137,1
DA:145,1
DA:150,1
LF:27
LH:27
BRDA:18,0,0,1
BRDA:31,1,0,1
BRDA:80,2,0,1
BRDA:105,3,0,1
BRDA:136,4,0,1
BRF:5
BRH:5
end_of_record
TN:
SF:src\services\reply.service.ts
FN:6,(anonymous_0)
FN:29,(anonymous_1)
FN:52,(anonymous_2)
FN:83,(anonymous_3)
FN:117,(anonymous_4)
FNF:5
FNH:5
FNDA:2,(anonymous_0)
FNDA:1,(anonymous_1)
FNDA:2,(anonymous_2)
FNDA:2,(anonymous_3)
FNDA:2,(anonymous_4)
DA:1,29
DA:5,29
DA:7,2
DA:8,2
DA:10,2
DA:14,1
DA:21,1
DA:30,1
DA:31,1
DA:33,1
DA:37,1
DA:44,0
DA:53,2
DA:55,2
DA:60,2
DA:61,1
DA:68,1
DA:75,0
DA:88,2
DA:92,2
DA:93,1
DA:101,1
DA:109,1
DA:119,2
DA:123,2
DA:124,1
DA:132,1
DA:137,1
LF:28
LH:26
BRDA:31,0,0,0
BRDA:31,0,1,1
BRDA:60,1,0,1
BRDA:92,2,0,1
BRDA:123,3,0,1
BRF:5
BRH:4
end_of_record
TN:
SF:src\services\twitter.service.ts
FN:10,(anonymous_0)
FN:31,(anonymous_1)
FN:57,(anonymous_2)
FN:89,(anonymous_3)
FN:131,(anonymous_4)
FNF:5
FNH:5
FNDA:1,(anonymous_0)
FNDA:1,(anonymous_1)
FNDA:2,(anonymous_2)
FNDA:1,(anonymous_3)
FNDA:2,(anonymous_4)
DA:7,29
DA:9,29
DA:11,1
DA:14,1
DA:23,1
DA:32,1
DA:49,1
DA:59,2
DA:72,2
DA:73,1
DA:81,1
DA:94,1
DA:98,1
DA:99,0
DA:107,1
DA:117,1
DA:133,2
DA:137,2
DA:138,1
DA:146,1
DA:151,1
LF:21
LH:20
BRDA:35,0,0,1
BRDA:35,0,1,0
BRDA:72,1,0,1
BRDA:98,2,0,0
BRDA:110,3,0,1
BRDA:110,3,1,0
BRDA:111,4,0,1
BRDA:111,4,1,0
BRDA:112,5,0,1
BRDA:112,5,1,1
BRDA:137,6,0,1
BRF:11
BRH:7
end_of_record
TN:
SF:src\services\usuario.service.ts
FN:7,(anonymous_0)
FN:45,(anonymous_1)
FN:72,(anonymous_2)
FN:91,(anonymous_3)
FN:111,(anonymous_4)
FN:150,(anonymous_5)
FNF:6
FNH:5
FNDA:3,(anonymous_0)
FNDA:2,(anonymous_1)
FNDA:2,(anonymous_2)
FNDA:0,(anonymous_3)
FNDA:2,(anonymous_4)
FNDA:2,(anonymous_5)
DA:1,29
DA:4,29
DA:6,29
DA:8,3
DA:9,3
DA:11,3
DA:13,3
DA:14,1
DA:21,2
DA:22,2
DA:24,2
DA:28,1
DA:36,1
DA:37,1
DA:46,2
DA:47,2
DA:55,2
DA:63,0
DA:64,0
DA:76,2
DA:77,2
DA:82,2
DA:83,1
DA:90,1
DA:91,0
DA:94,1
DA:102,0
DA:103,0
DA:115,2
DA:116,2
DA:120,2
DA:121,1
DA:128,1
DA:133,1
DA:141,0
DA:142,0
DA:151,2
DA:152,2
DA:156,2
DA:157,1
DA:164,1
DA:166,1
DA:170,1
DA:178,0
DA:179,0
LF:45
LH:36
BRDA:13,0,0,1
BRDA:36,1,0,1
BRDA:36,1,1,0
BRDA:63,2,0,0
BRDA:63,2,1,0
BRDA:82,3,0,1
BRDA:91,4,0,0
BRDA:91,4,1,0
BRDA:102,5,0,0
BRDA:102,5,1,0
BRDA:120,6,0,1
BRDA:141,7,0,0
BRDA:141,7,1,0
BRDA:156,8,0,1
BRDA:178,9,0,0
BRDA:178,9,1,0
BRF:16
BRH:5
end_of_record
TN:
SF:src\utils\bcrypt.ts
FN:5,(anonymous_1)
FN:11,(anonymous_2)
FNF:2
FNH:2
FNDA:1,(anonymous_1)
FNDA:2,(anonymous_2)
DA:1,31
DA:3,31
DA:6,1
DA:7,1
DA:12,2
DA:13,2
LF:6
LH:6
BRF:0
BRH:0
end_of_record
TN:
SF:src\utils\jwt.ts
FN:7,(anonymous_1)
FN:26,(anonymous_2)
FNF:2
FNH:2
FNDA:77,(anonymous_1)
FNDA:94,(anonymous_2)
DA:1,27
DA:2,27
DA:5,27
DA:8,77
DA:9,1
DA:12,76
DA:21,76
DA:22,76
DA:27,94
DA:28,94
DA:29,0
DA:32,94
DA:33,76
DA:35,18
LF:14
LH:13
BRDA:8,0,0,1
BRDA:15,1,0,76
BRDA:15,1,1,0
BRDA:28,2,0,0
BRF:4
BRH:2
end_of_record
